[4.082s] DEBUG:colcon:Command line arguments: ['/usr/bin/colcon', 'build']
[4.082s] DEBUG:colcon:Parsed command line arguments: Namespace(allow_overriding=[], ament_cmake_args=None, base_paths=['.'], build_base='build', catkin_cmake_args=None, catkin_skip_building_tests=False, cmake_args=None, cmake_clean_cache=False, cmake_clean_first=False, cmake_force_configure=False, cmake_target=None, cmake_target_skip_unavailable=False, continue_on_error=False, event_handlers=None, executor='parallel', ignore_user_meta=False, install_base='install', log_base=None, log_level=None, main=<bound method BuildVerb.main of <colcon_core.verb.build.BuildVerb object at 0x7f6739641e20>>, merge_install=False, metas=['./colcon.meta'], packages_above=None, packages_above_and_dependencies=None, packages_above_depth=None, packages_end=None, packages_ignore=None, packages_ignore_regex=None, packages_select=None, packages_select_build_failed=False, packages_select_by_dep=None, packages_select_regex=None, packages_select_test_failures=False, packages_skip=None, packages_skip_build_finished=False, packages_skip_by_dep=None, packages_skip_regex=None, packages_skip_test_passed=False, packages_skip_up_to=None, packages_start=None, packages_up_to=None, packages_up_to_regex=None, parallel_workers=12, paths=None, symlink_install=False, test_result_base=None, verb_extension=<colcon_core.verb.build.BuildVerb object at 0x7f6739641e20>, verb_name='build', verb_parser=<colcon_defaults.argument_parser.defaults.DefaultArgumentsDecorator object at 0x7f6739624460>)
[4.250s] Level 1:colcon.colcon_core.package_discovery:discover_packages(colcon_meta) check parameters
[4.250s] Level 1:colcon.colcon_core.package_discovery:discover_packages(recursive) check parameters
[4.250s] Level 1:colcon.colcon_core.package_discovery:discover_packages(ignore) check parameters
[4.250s] Level 1:colcon.colcon_core.package_discovery:discover_packages(path) check parameters
[4.250s] Level 1:colcon.colcon_core.package_discovery:discover_packages(colcon_meta) discover
[4.250s] Level 1:colcon.colcon_core.package_discovery:discover_packages(recursive) discover
[4.250s] INFO:colcon.colcon_core.package_discovery:Crawling recursively for packages in '/home/oem/sim_ws'
[4.251s] Level 1:colcon.colcon_core.package_identification:_identify(.) by extensions ['ignore', 'ignore_ament_install']
[4.251s] Level 1:colcon.colcon_core.package_identification:_identify(.) by extension 'ignore'
[4.251s] Level 1:colcon.colcon_core.package_identification:_identify(.) by extension 'ignore_ament_install'
[4.251s] Level 1:colcon.colcon_core.package_identification:_identify(.) by extensions ['colcon_pkg']
[4.251s] Level 1:colcon.colcon_core.package_identification:_identify(.) by extension 'colcon_pkg'
[4.251s] Level 1:colcon.colcon_core.package_identification:_identify(.) by extensions ['colcon_meta']
[4.251s] Level 1:colcon.colcon_core.package_identification:_identify(.) by extension 'colcon_meta'
[4.251s] Level 1:colcon.colcon_core.package_identification:_identify(.) by extensions ['ros']
[4.251s] Level 1:colcon.colcon_core.package_identification:_identify(.) by extension 'ros'
[4.258s] Level 1:colcon.colcon_core.package_identification:_identify(.) by extensions ['cmake', 'python']
[4.258s] Level 1:colcon.colcon_core.package_identification:_identify(.) by extension 'cmake'
[4.259s] Level 1:colcon.colcon_core.package_identification:_identify(.) by extension 'python'
[4.259s] Level 1:colcon.colcon_core.package_identification:_identify(.) by extensions ['python_setup_py']
[4.259s] Level 1:colcon.colcon_core.package_identification:_identify(.) by extension 'python_setup_py'
[4.259s] Level 1:colcon.colcon_core.package_identification:_identify(build) by extensions ['ignore', 'ignore_ament_install']
[4.259s] Level 1:colcon.colcon_core.package_identification:_identify(build) by extension 'ignore'
[4.259s] Level 1:colcon.colcon_core.package_identification:_identify(build) ignored
[4.259s] Level 1:colcon.colcon_core.package_identification:_identify(install) by extensions ['ignore', 'ignore_ament_install']
[4.259s] Level 1:colcon.colcon_core.package_identification:_identify(install) by extension 'ignore'
[4.259s] Level 1:colcon.colcon_core.package_identification:_identify(install) ignored
[4.259s] Level 1:colcon.colcon_core.package_identification:_identify(log) by extensions ['ignore', 'ignore_ament_install']
[4.259s] Level 1:colcon.colcon_core.package_identification:_identify(log) by extension 'ignore'
[4.259s] Level 1:colcon.colcon_core.package_identification:_identify(log) ignored
[4.259s] Level 1:colcon.colcon_core.package_identification:_identify(src) by extensions ['ignore', 'ignore_ament_install']
[4.259s] Level 1:colcon.colcon_core.package_identification:_identify(src) by extension 'ignore'
[4.259s] Level 1:colcon.colcon_core.package_identification:_identify(src) by extension 'ignore_ament_install'
[4.259s] Level 1:colcon.colcon_core.package_identification:_identify(src) by extensions ['colcon_pkg']
[4.259s] Level 1:colcon.colcon_core.package_identification:_identify(src) by extension 'colcon_pkg'
[4.259s] Level 1:colcon.colcon_core.package_identification:_identify(src) by extensions ['colcon_meta']
[4.259s] Level 1:colcon.colcon_core.package_identification:_identify(src) by extension 'colcon_meta'
[4.259s] Level 1:colcon.colcon_core.package_identification:_identify(src) by extensions ['ros']
[4.259s] Level 1:colcon.colcon_core.package_identification:_identify(src) by extension 'ros'
[4.260s] Level 1:colcon.colcon_core.package_identification:_identify(src) by extensions ['cmake', 'python']
[4.260s] Level 1:colcon.colcon_core.package_identification:_identify(src) by extension 'cmake'
[4.260s] Level 1:colcon.colcon_core.package_identification:_identify(src) by extension 'python'
[4.260s] Level 1:colcon.colcon_core.package_identification:_identify(src) by extensions ['python_setup_py']
[4.260s] Level 1:colcon.colcon_core.package_identification:_identify(src) by extension 'python_setup_py'
[4.260s] Level 1:colcon.colcon_core.package_identification:_identify(src/f110_cartographer_ros2) by extensions ['ignore', 'ignore_ament_install']
[4.260s] Level 1:colcon.colcon_core.package_identification:_identify(src/f110_cartographer_ros2) by extension 'ignore'
[4.260s] Level 1:colcon.colcon_core.package_identification:_identify(src/f110_cartographer_ros2) by extension 'ignore_ament_install'
[4.260s] Level 1:colcon.colcon_core.package_identification:_identify(src/f110_cartographer_ros2) by extensions ['colcon_pkg']
[4.260s] Level 1:colcon.colcon_core.package_identification:_identify(src/f110_cartographer_ros2) by extension 'colcon_pkg'
[4.260s] Level 1:colcon.colcon_core.package_identification:_identify(src/f110_cartographer_ros2) by extensions ['colcon_meta']
[4.260s] Level 1:colcon.colcon_core.package_identification:_identify(src/f110_cartographer_ros2) by extension 'colcon_meta'
[4.260s] Level 1:colcon.colcon_core.package_identification:_identify(src/f110_cartographer_ros2) by extensions ['ros']
[4.260s] Level 1:colcon.colcon_core.package_identification:_identify(src/f110_cartographer_ros2) by extension 'ros'
[4.262s] DEBUG:colcon.colcon_core.package_identification:Package 'src/f110_cartographer_ros2' with type 'ros.ament_python' and name 'f110_cartographer_ros2'
[4.262s] Level 1:colcon.colcon_core.package_identification:_identify(src/f1tenth_gym_ros) by extensions ['ignore', 'ignore_ament_install']
[4.262s] Level 1:colcon.colcon_core.package_identification:_identify(src/f1tenth_gym_ros) by extension 'ignore'
[4.262s] Level 1:colcon.colcon_core.package_identification:_identify(src/f1tenth_gym_ros) by extension 'ignore_ament_install'
[4.262s] Level 1:colcon.colcon_core.package_identification:_identify(src/f1tenth_gym_ros) by extensions ['colcon_pkg']
[4.262s] Level 1:colcon.colcon_core.package_identification:_identify(src/f1tenth_gym_ros) by extension 'colcon_pkg'
[4.262s] Level 1:colcon.colcon_core.package_identification:_identify(src/f1tenth_gym_ros) by extensions ['colcon_meta']
[4.262s] Level 1:colcon.colcon_core.package_identification:_identify(src/f1tenth_gym_ros) by extension 'colcon_meta'
[4.262s] Level 1:colcon.colcon_core.package_identification:_identify(src/f1tenth_gym_ros) by extensions ['ros']
[4.262s] Level 1:colcon.colcon_core.package_identification:_identify(src/f1tenth_gym_ros) by extension 'ros'
[4.263s] DEBUG:colcon.colcon_core.package_identification:Package 'src/f1tenth_gym_ros' with type 'ros.ament_python' and name 'f1tenth_gym_ros'
[4.263s] Level 1:colcon.colcon_core.package_discovery:discover_packages(recursive) using defaults
[4.263s] Level 1:colcon.colcon_core.package_discovery:discover_packages(ignore) discover
[4.263s] Level 1:colcon.colcon_core.package_discovery:discover_packages(ignore) using defaults
[4.263s] Level 1:colcon.colcon_core.package_discovery:discover_packages(path) discover
[4.263s] Level 1:colcon.colcon_core.package_discovery:discover_packages(path) using defaults
[4.646s] Level 1:colcon.colcon_core.package_discovery:discover_packages(prefix_path) check parameters
[4.646s] Level 1:colcon.colcon_core.package_discovery:discover_packages(prefix_path) discover
[4.796s] DEBUG:colcon.colcon_installed_package_information.package_discovery:Found 2 installed packages in /home/oem/sim_ws/install
[4.871s] DEBUG:colcon.colcon_installed_package_information.package_discovery:Found 18 installed packages in /home/oem/gcamp_ros2_ws/install
[4.947s] DEBUG:colcon.colcon_installed_package_information.package_discovery:Found 310 installed packages in /opt/ros/foxy
[4.948s] Level 1:colcon.colcon_core.package_discovery:discover_packages(prefix_path) using defaults
[5.165s] Level 5:colcon.colcon_core.verb:set package 'f110_cartographer_ros2' build argument 'cmake_args' from command line to 'None'
[5.165s] Level 5:colcon.colcon_core.verb:set package 'f110_cartographer_ros2' build argument 'cmake_target' from command line to 'None'
[5.165s] Level 5:colcon.colcon_core.verb:set package 'f110_cartographer_ros2' build argument 'cmake_target_skip_unavailable' from command line to 'False'
[5.165s] Level 5:colcon.colcon_core.verb:set package 'f110_cartographer_ros2' build argument 'cmake_clean_cache' from command line to 'False'
[5.165s] Level 5:colcon.colcon_core.verb:set package 'f110_cartographer_ros2' build argument 'cmake_clean_first' from command line to 'False'
[5.165s] Level 5:colcon.colcon_core.verb:set package 'f110_cartographer_ros2' build argument 'cmake_force_configure' from command line to 'False'
[5.165s] Level 5:colcon.colcon_core.verb:set package 'f110_cartographer_ros2' build argument 'ament_cmake_args' from command line to 'None'
[5.165s] Level 5:colcon.colcon_core.verb:set package 'f110_cartographer_ros2' build argument 'catkin_cmake_args' from command line to 'None'
[5.166s] Level 5:colcon.colcon_core.verb:set package 'f110_cartographer_ros2' build argument 'catkin_skip_building_tests' from command line to 'False'
[5.166s] DEBUG:colcon.colcon_core.verb:Building package 'f110_cartographer_ros2' with the following arguments: {'ament_cmake_args': None, 'build_base': '/home/oem/sim_ws/build/f110_cartographer_ros2', 'catkin_cmake_args': None, 'catkin_skip_building_tests': False, 'cmake_args': None, 'cmake_clean_cache': False, 'cmake_clean_first': False, 'cmake_force_configure': False, 'cmake_target': None, 'cmake_target_skip_unavailable': False, 'install_base': '/home/oem/sim_ws/install/f110_cartographer_ros2', 'merge_install': False, 'path': '/home/oem/sim_ws/src/f110_cartographer_ros2', 'symlink_install': False, 'test_result_base': None}
[5.240s] Level 5:colcon.colcon_core.verb:set package 'f1tenth_gym_ros' build argument 'cmake_args' from command line to 'None'
[5.240s] Level 5:colcon.colcon_core.verb:set package 'f1tenth_gym_ros' build argument 'cmake_target' from command line to 'None'
[5.240s] Level 5:colcon.colcon_core.verb:set package 'f1tenth_gym_ros' build argument 'cmake_target_skip_unavailable' from command line to 'False'
[5.240s] Level 5:colcon.colcon_core.verb:set package 'f1tenth_gym_ros' build argument 'cmake_clean_cache' from command line to 'False'
[5.240s] Level 5:colcon.colcon_core.verb:set package 'f1tenth_gym_ros' build argument 'cmake_clean_first' from command line to 'False'
[5.240s] Level 5:colcon.colcon_core.verb:set package 'f1tenth_gym_ros' build argument 'cmake_force_configure' from command line to 'False'
[5.240s] Level 5:colcon.colcon_core.verb:set package 'f1tenth_gym_ros' build argument 'ament_cmake_args' from command line to 'None'
[5.240s] Level 5:colcon.colcon_core.verb:set package 'f1tenth_gym_ros' build argument 'catkin_cmake_args' from command line to 'None'
[5.240s] Level 5:colcon.colcon_core.verb:set package 'f1tenth_gym_ros' build argument 'catkin_skip_building_tests' from command line to 'False'
[5.240s] DEBUG:colcon.colcon_core.verb:Building package 'f1tenth_gym_ros' with the following arguments: {'ament_cmake_args': None, 'build_base': '/home/oem/sim_ws/build/f1tenth_gym_ros', 'catkin_cmake_args': None, 'catkin_skip_building_tests': False, 'cmake_args': None, 'cmake_clean_cache': False, 'cmake_clean_first': False, 'cmake_force_configure': False, 'cmake_target': None, 'cmake_target_skip_unavailable': False, 'install_base': '/home/oem/sim_ws/install/f1tenth_gym_ros', 'merge_install': False, 'path': '/home/oem/sim_ws/src/f1tenth_gym_ros', 'symlink_install': False, 'test_result_base': None}
[5.314s] INFO:colcon.colcon_core.executor:Executing jobs using 'parallel' executor
[5.389s] DEBUG:colcon.colcon_parallel_executor.executor.parallel:run_until_complete
[5.389s] INFO:colcon.colcon_ros.task.ament_python.build:Building ROS package in '/home/oem/sim_ws/src/f110_cartographer_ros2' with build type 'ament_python'
[5.389s] Level 1:colcon.colcon_core.shell:create_environment_hook('f110_cartographer_ros2', 'ament_prefix_path')
[5.467s] INFO:colcon.colcon_core.plugin_system:Skipping extension 'colcon_core.shell.bat': Not used on non-Windows systems
[5.467s] INFO:colcon.colcon_core.shell:Creating environment hook '/home/oem/sim_ws/install/f110_cartographer_ros2/share/f110_cartographer_ros2/hook/ament_prefix_path.ps1'
[5.468s] INFO:colcon.colcon_core.shell:Creating environment descriptor '/home/oem/sim_ws/install/f110_cartographer_ros2/share/f110_cartographer_ros2/hook/ament_prefix_path.dsv'
[5.468s] INFO:colcon.colcon_core.shell:Creating environment hook '/home/oem/sim_ws/install/f110_cartographer_ros2/share/f110_cartographer_ros2/hook/ament_prefix_path.sh'
[5.545s] INFO:colcon.colcon_core.shell:Skip shell extension 'powershell' for command environment: Not usable outside of PowerShell
[5.546s] DEBUG:colcon.colcon_core.shell:Skip shell extension 'dsv' for command environment
[5.855s] INFO:colcon.colcon_ros.task.ament_python.build:Building ROS package in '/home/oem/sim_ws/src/f1tenth_gym_ros' with build type 'ament_python'
[5.856s] Level 1:colcon.colcon_core.shell:create_environment_hook('f1tenth_gym_ros', 'ament_prefix_path')
[5.935s] INFO:colcon.colcon_core.shell:Creating environment hook '/home/oem/sim_ws/install/f1tenth_gym_ros/share/f1tenth_gym_ros/hook/ament_prefix_path.ps1'
[5.936s] INFO:colcon.colcon_core.shell:Creating environment descriptor '/home/oem/sim_ws/install/f1tenth_gym_ros/share/f1tenth_gym_ros/hook/ament_prefix_path.dsv'
[5.936s] INFO:colcon.colcon_core.shell:Creating environment hook '/home/oem/sim_ws/install/f1tenth_gym_ros/share/f1tenth_gym_ros/hook/ament_prefix_path.sh'
[6.013s] INFO:colcon.colcon_core.shell:Skip shell extension 'powershell' for command environment: Not usable outside of PowerShell
[6.013s] DEBUG:colcon.colcon_core.shell:Skip shell extension 'dsv' for command environment
[6.484s] INFO:colcon.colcon_core.task.python.build:Building Python package in '/home/oem/sim_ws/src/f110_cartographer_ros2'
[6.561s] INFO:colcon.colcon_core.shell:Skip shell extension 'powershell' for command environment: Not usable outside of PowerShell
[6.561s] DEBUG:colcon.colcon_core.shell:Skip shell extension 'dsv' for command environment
[7.033s] INFO:colcon.colcon_core.task.python.build:Building Python package in '/home/oem/sim_ws/src/f1tenth_gym_ros'
[7.111s] INFO:colcon.colcon_core.shell:Skip shell extension 'powershell' for command environment: Not usable outside of PowerShell
[7.111s] DEBUG:colcon.colcon_core.shell:Skip shell extension 'dsv' for command environment
[7.700s] DEBUG:colcon.colcon_core.event_handler.log_command:Invoking command in '/home/oem/sim_ws/src/f1tenth_gym_ros': PYTHONPATH=/home/oem/sim_ws/build/f1tenth_gym_ros/prefix_override:/home/oem/sim_ws/install/f1tenth_gym_ros/lib/python3.8/site-packages:${PYTHONPATH} /usr/bin/python3 setup.py egg_info --egg-base ../../build/f1tenth_gym_ros build --build-base /home/oem/sim_ws/build/f1tenth_gym_ros/build install --record /home/oem/sim_ws/build/f1tenth_gym_ros/install.log --install-scripts $base/lib/f1tenth_gym_ros --single-version-externally-managed
[7.704s] DEBUG:colcon.colcon_core.event_handler.log_command:Invoking command in '/home/oem/sim_ws/src/f110_cartographer_ros2': PYTHONPATH=/home/oem/sim_ws/build/f110_cartographer_ros2/prefix_override:/home/oem/sim_ws/install/f110_cartographer_ros2/lib/python3.8/site-packages:${PYTHONPATH} /usr/bin/python3 setup.py egg_info --egg-base ../../build/f110_cartographer_ros2 build --build-base /home/oem/sim_ws/build/f110_cartographer_ros2/build install --record /home/oem/sim_ws/build/f110_cartographer_ros2/install.log --single-version-externally-managed
[7.915s] DEBUG:colcon.colcon_core.event_handler.log_command:Invoked command in '/home/oem/sim_ws/src/f1tenth_gym_ros' returned '0': PYTHONPATH=/home/oem/sim_ws/build/f1tenth_gym_ros/prefix_override:/home/oem/sim_ws/install/f1tenth_gym_ros/lib/python3.8/site-packages:${PYTHONPATH} /usr/bin/python3 setup.py egg_info --egg-base ../../build/f1tenth_gym_ros build --build-base /home/oem/sim_ws/build/f1tenth_gym_ros/build install --record /home/oem/sim_ws/build/f1tenth_gym_ros/install.log --install-scripts $base/lib/f1tenth_gym_ros --single-version-externally-managed
[7.996s] Level 1:colcon.colcon_core.environment:checking '/home/oem/sim_ws/install/f1tenth_gym_ros' for CMake module files
[7.997s] Level 1:colcon.colcon_core.environment:checking '/home/oem/sim_ws/install/f1tenth_gym_ros' for CMake config files
[7.997s] Level 1:colcon.colcon_core.environment:checking '/home/oem/sim_ws/install/f1tenth_gym_ros/lib'
[7.997s] Level 1:colcon.colcon_core.environment:checking '/home/oem/sim_ws/install/f1tenth_gym_ros/bin'
[7.997s] Level 1:colcon.colcon_core.environment:checking '/home/oem/sim_ws/install/f1tenth_gym_ros/lib/pkgconfig/f1tenth_gym_ros.pc'
[7.997s] Level 1:colcon.colcon_core.environment:checking '/home/oem/sim_ws/install/f1tenth_gym_ros/lib/python3.8/site-packages'
[7.997s] Level 1:colcon.colcon_core.shell:create_environment_hook('f1tenth_gym_ros', 'pythonpath')
[8.074s] INFO:colcon.colcon_core.shell:Creating environment hook '/home/oem/sim_ws/install/f1tenth_gym_ros/share/f1tenth_gym_ros/hook/pythonpath.ps1'
[8.074s] INFO:colcon.colcon_core.shell:Creating environment descriptor '/home/oem/sim_ws/install/f1tenth_gym_ros/share/f1tenth_gym_ros/hook/pythonpath.dsv'
[8.074s] INFO:colcon.colcon_core.shell:Creating environment hook '/home/oem/sim_ws/install/f1tenth_gym_ros/share/f1tenth_gym_ros/hook/pythonpath.sh'
[8.075s] Level 1:colcon.colcon_core.environment:checking '/home/oem/sim_ws/install/f1tenth_gym_ros/bin'
[8.075s] Level 1:colcon.colcon_core.environment:create_environment_scripts_only(f1tenth_gym_ros)
[8.151s] INFO:colcon.colcon_core.shell:Creating package script '/home/oem/sim_ws/install/f1tenth_gym_ros/share/f1tenth_gym_ros/package.ps1'
[8.152s] INFO:colcon.colcon_core.shell:Creating package descriptor '/home/oem/sim_ws/install/f1tenth_gym_ros/share/f1tenth_gym_ros/package.dsv'
[8.152s] INFO:colcon.colcon_core.shell:Creating package script '/home/oem/sim_ws/install/f1tenth_gym_ros/share/f1tenth_gym_ros/package.sh'
[8.153s] INFO:colcon.colcon_core.shell:Creating package script '/home/oem/sim_ws/install/f1tenth_gym_ros/share/f1tenth_gym_ros/package.bash'
[8.153s] INFO:colcon.colcon_core.shell:Creating package script '/home/oem/sim_ws/install/f1tenth_gym_ros/share/f1tenth_gym_ros/package.zsh'
[8.154s] Level 1:colcon.colcon_core.environment:create_file_with_runtime_dependencies(/home/oem/sim_ws/install/f1tenth_gym_ros/share/colcon-core/packages/f1tenth_gym_ros)
[8.155s] DEBUG:colcon.colcon_core.event_handler.log_command:Invoked command in '/home/oem/sim_ws/src/f110_cartographer_ros2' returned '0': PYTHONPATH=/home/oem/sim_ws/build/f110_cartographer_ros2/prefix_override:/home/oem/sim_ws/install/f110_cartographer_ros2/lib/python3.8/site-packages:${PYTHONPATH} /usr/bin/python3 setup.py egg_info --egg-base ../../build/f110_cartographer_ros2 build --build-base /home/oem/sim_ws/build/f110_cartographer_ros2/build install --record /home/oem/sim_ws/build/f110_cartographer_ros2/install.log --single-version-externally-managed
[8.235s] Level 1:colcon.colcon_core.environment:checking '/home/oem/sim_ws/install/f110_cartographer_ros2' for CMake module files
[8.235s] Level 1:colcon.colcon_core.environment:checking '/home/oem/sim_ws/install/f110_cartographer_ros2' for CMake config files
[8.236s] Level 1:colcon.colcon_core.environment:checking '/home/oem/sim_ws/install/f110_cartographer_ros2/lib'
[8.236s] Level 1:colcon.colcon_core.environment:checking '/home/oem/sim_ws/install/f110_cartographer_ros2/bin'
[8.236s] Level 1:colcon.colcon_core.environment:checking '/home/oem/sim_ws/install/f110_cartographer_ros2/lib/pkgconfig/f110_cartographer_ros2.pc'
[8.237s] Level 1:colcon.colcon_core.environment:checking '/home/oem/sim_ws/install/f110_cartographer_ros2/lib/python3.8/site-packages'
[8.237s] Level 1:colcon.colcon_core.shell:create_environment_hook('f110_cartographer_ros2', 'pythonpath')
[8.313s] INFO:colcon.colcon_core.shell:Creating environment hook '/home/oem/sim_ws/install/f110_cartographer_ros2/share/f110_cartographer_ros2/hook/pythonpath.ps1'
[8.313s] INFO:colcon.colcon_core.shell:Creating environment descriptor '/home/oem/sim_ws/install/f110_cartographer_ros2/share/f110_cartographer_ros2/hook/pythonpath.dsv'
[8.313s] INFO:colcon.colcon_core.shell:Creating environment hook '/home/oem/sim_ws/install/f110_cartographer_ros2/share/f110_cartographer_ros2/hook/pythonpath.sh'
[8.313s] Level 1:colcon.colcon_core.environment:checking '/home/oem/sim_ws/install/f110_cartographer_ros2/bin'
[8.314s] Level 1:colcon.colcon_core.environment:create_environment_scripts_only(f110_cartographer_ros2)
[8.391s] INFO:colcon.colcon_core.shell:Creating package script '/home/oem/sim_ws/install/f110_cartographer_ros2/share/f110_cartographer_ros2/package.ps1'
[8.391s] INFO:colcon.colcon_core.shell:Creating package descriptor '/home/oem/sim_ws/install/f110_cartographer_ros2/share/f110_cartographer_ros2/package.dsv'
[8.392s] INFO:colcon.colcon_core.shell:Creating package script '/home/oem/sim_ws/install/f110_cartographer_ros2/share/f110_cartographer_ros2/package.sh'
[8.392s] INFO:colcon.colcon_core.shell:Creating package script '/home/oem/sim_ws/install/f110_cartographer_ros2/share/f110_cartographer_ros2/package.bash'
[8.392s] INFO:colcon.colcon_core.shell:Creating package script '/home/oem/sim_ws/install/f110_cartographer_ros2/share/f110_cartographer_ros2/package.zsh'
[8.392s] Level 1:colcon.colcon_core.environment:create_file_with_runtime_dependencies(/home/oem/sim_ws/install/f110_cartographer_ros2/share/colcon-core/packages/f110_cartographer_ros2)
[8.393s] DEBUG:colcon.colcon_parallel_executor.executor.parallel:closing loop
[8.393s] DEBUG:colcon.colcon_parallel_executor.executor.parallel:loop closed
[8.393s] DEBUG:colcon.colcon_parallel_executor.executor.parallel:run_until_complete finished with '0'
[8.393s] DEBUG:colcon.colcon_core.event_reactor:joining thread
[8.473s] INFO:colcon.colcon_core.plugin_system:Skipping extension 'colcon_notification.desktop_notification.terminal_notifier': Not used on non-Darwin systems
[8.473s] INFO:colcon.colcon_core.plugin_system:Skipping extension 'colcon_notification.desktop_notification.win32': Not used on non-Windows systems
[8.473s] INFO:colcon.colcon_notification.desktop_notification:Sending desktop notification using 'notify2'
[8.483s] DEBUG:colcon.colcon_core.event_reactor:joined thread
[8.561s] INFO:colcon.colcon_core.shell:Creating prefix script '/home/oem/sim_ws/install/local_setup.ps1'
[8.562s] INFO:colcon.colcon_core.shell:Creating prefix util module '/home/oem/sim_ws/install/_local_setup_util_ps1.py'
[8.563s] INFO:colcon.colcon_core.shell:Creating prefix chain script '/home/oem/sim_ws/install/setup.ps1'
[8.640s] INFO:colcon.colcon_core.shell:Creating prefix script '/home/oem/sim_ws/install/local_setup.sh'
[8.640s] INFO:colcon.colcon_core.shell:Creating prefix util module '/home/oem/sim_ws/install/_local_setup_util_sh.py'
[8.640s] INFO:colcon.colcon_core.shell:Creating prefix chain script '/home/oem/sim_ws/install/setup.sh'
[8.717s] INFO:colcon.colcon_core.shell:Creating prefix script '/home/oem/sim_ws/install/local_setup.bash'
[8.717s] INFO:colcon.colcon_core.shell:Creating prefix chain script '/home/oem/sim_ws/install/setup.bash'
[8.792s] INFO:colcon.colcon_core.shell:Creating prefix script '/home/oem/sim_ws/install/local_setup.zsh'
[8.793s] INFO:colcon.colcon_core.shell:Creating prefix chain script '/home/oem/sim_ws/install/setup.zsh'
