[1.846s] Invoking command in '/home/oem/sim_ws/src/f1tenth_gym_ros': PYTHONPATH=/home/oem/sim_ws/build/f1tenth_gym_ros/prefix_override:/home/oem/sim_ws/install/f1tenth_gym_ros/lib/python3.8/site-packages:${PYTHONPATH} /usr/bin/python3 setup.py egg_info --egg-base ../../build/f1tenth_gym_ros build --build-base /home/oem/sim_ws/build/f1tenth_gym_ros/build install --record /home/oem/sim_ws/build/f1tenth_gym_ros/install.log --install-scripts $base/lib/f1tenth_gym_ros --single-version-externally-managed
[2.004s] running egg_info
[2.004s] writing ../../build/f1tenth_gym_ros/f1tenth_gym_ros.egg-info/PKG-INFO
[2.005s] writing dependency_links to ../../build/f1tenth_gym_ros/f1tenth_gym_ros.egg-info/dependency_links.txt
[2.005s] writing entry points to ../../build/f1tenth_gym_ros/f1tenth_gym_ros.egg-info/entry_points.txt
[2.005s] writing requirements to ../../build/f1tenth_gym_ros/f1tenth_gym_ros.egg-info/requires.txt
[2.005s] writing top-level names to ../../build/f1tenth_gym_ros/f1tenth_gym_ros.egg-info/top_level.txt
[2.031s] reading manifest file '../../build/f1tenth_gym_ros/f1tenth_gym_ros.egg-info/SOURCES.txt'
[2.032s] writing manifest file '../../build/f1tenth_gym_ros/f1tenth_gym_ros.egg-info/SOURCES.txt'
[2.032s] running build
[2.032s] running build_py
[2.032s] running install
[2.033s] running install_lib
[2.034s] running install_data
[2.034s] running install_egg_info
[2.036s] removing '/home/oem/sim_ws/install/f1tenth_gym_ros/lib/python3.8/site-packages/f1tenth_gym_ros-0.0.0-py3.8.egg-info' (and everything under it)
[2.036s] Copying ../../build/f1tenth_gym_ros/f1tenth_gym_ros.egg-info to /home/oem/sim_ws/install/f1tenth_gym_ros/lib/python3.8/site-packages/f1tenth_gym_ros-0.0.0-py3.8.egg-info
[2.037s] running install_scripts
[2.050s] Installing gym_bridge script to /home/oem/sim_ws/install/f1tenth_gym_ros/lib/f1tenth_gym_ros
[2.050s] writing list of installed files to '/home/oem/sim_ws/build/f1tenth_gym_ros/install.log'
[2.064s] Invoked command in '/home/oem/sim_ws/src/f1tenth_gym_ros' returned '0': PYTHONPATH=/home/oem/sim_ws/build/f1tenth_gym_ros/prefix_override:/home/oem/sim_ws/install/f1tenth_gym_ros/lib/python3.8/site-packages:${PYTHONPATH} /usr/bin/python3 setup.py egg_info --egg-base ../../build/f1tenth_gym_ros build --build-base /home/oem/sim_ws/build/f1tenth_gym_ros/build install --record /home/oem/sim_ws/build/f1tenth_gym_ros/install.log --install-scripts $base/lib/f1tenth_gym_ros --single-version-externally-managed
