[2.188s] Invoking command in '/home/oem/sim_ws/src/f110_cartographer_ros2': PYTHONPATH=/home/oem/sim_ws/build/f110_cartographer_ros2/prefix_override:/home/oem/sim_ws/install/f110_cartographer_ros2/lib/python3.8/site-packages:${PYTHONPATH} /usr/bin/python3 setup.py egg_info --egg-base ../../build/f110_cartographer_ros2 build --build-base /home/oem/sim_ws/build/f110_cartographer_ros2/build install --record /home/oem/sim_ws/build/f110_cartographer_ros2/install.log --single-version-externally-managed
[2.364s] running egg_info
[2.365s] writing ../../build/f110_cartographer_ros2/f110_cartographer_ros2.egg-info/PKG-INFO
[2.365s] writing dependency_links to ../../build/f110_cartographer_ros2/f110_cartographer_ros2.egg-info/dependency_links.txt
[2.365s] writing entry points to ../../build/f110_cartographer_ros2/f110_cartographer_ros2.egg-info/entry_points.txt
[2.365s] writing requirements to ../../build/f110_cartographer_ros2/f110_cartographer_ros2.egg-info/requires.txt
[2.365s] writing top-level names to ../../build/f110_cartographer_ros2/f110_cartographer_ros2.egg-info/top_level.txt
[2.397s] reading manifest file '../../build/f110_cartographer_ros2/f110_cartographer_ros2.egg-info/SOURCES.txt'
[2.401s] writing manifest file '../../build/f110_cartographer_ros2/f110_cartographer_ros2.egg-info/SOURCES.txt'
[2.401s] running build
[2.401s] running build_py
[2.401s] running install
[2.402s] running install_lib
[2.403s] running install_data
[2.403s] copying launch/cartographer.launch.py -> /home/oem/sim_ws/install/f110_cartographer_ros2/share/f110_cartographer_ros2/launch/
[2.408s] running install_egg_info
[2.409s] removing '/home/oem/sim_ws/install/f110_cartographer_ros2/lib/python3.8/site-packages/f110_cartographer_ros2-0.0.0-py3.8.egg-info' (and everything under it)
[2.409s] Copying ../../build/f110_cartographer_ros2/f110_cartographer_ros2.egg-info to /home/oem/sim_ws/install/f110_cartographer_ros2/lib/python3.8/site-packages/f110_cartographer_ros2-0.0.0-py3.8.egg-info
[2.410s] running install_scripts
[2.425s] writing list of installed files to '/home/oem/sim_ws/build/f110_cartographer_ros2/install.log'
[2.702s] Invoked command in '/home/oem/sim_ws/src/f110_cartographer_ros2' returned '0': PYTHONPATH=/home/oem/sim_ws/build/f110_cartographer_ros2/prefix_override:/home/oem/sim_ws/install/f110_cartographer_ros2/lib/python3.8/site-packages:${PYTHONPATH} /usr/bin/python3 setup.py egg_info --egg-base ../../build/f110_cartographer_ros2 build --build-base /home/oem/sim_ws/build/f110_cartographer_ros2/build install --record /home/oem/sim_ws/build/f110_cartographer_ros2/install.log --single-version-externally-managed
