running egg_info
creating ../../build/f110_cartographer_ros2/f110_cartographer_ros2.egg-info
writing ../../build/f110_cartographer_ros2/f110_cartographer_ros2.egg-info/PKG-INFO
writing dependency_links to ../../build/f110_cartographer_ros2/f110_cartographer_ros2.egg-info/dependency_links.txt
writing entry points to ../../build/f110_cartographer_ros2/f110_cartographer_ros2.egg-info/entry_points.txt
writing requirements to ../../build/f110_cartographer_ros2/f110_cartographer_ros2.egg-info/requires.txt
writing top-level names to ../../build/f110_cartographer_ros2/f110_cartographer_ros2.egg-info/top_level.txt
writing manifest file '../../build/f110_cartographer_ros2/f110_cartographer_ros2.egg-info/SOURCES.txt'
reading manifest file '../../build/f110_cartographer_ros2/f110_cartographer_ros2.egg-info/SOURCES.txt'
writing manifest file '../../build/f110_cartographer_ros2/f110_cartographer_ros2.egg-info/SOURCES.txt'
running build
running build_py
creating /home/oem/sim_ws/build/f110_cartographer_ros2/build
creating /home/oem/sim_ws/build/f110_cartographer_ros2/build/lib
creating /home/oem/sim_ws/build/f110_cartographer_ros2/build/lib/f110_cartographer_ros2
copying f110_cartographer_ros2/__init__.py -> /home/oem/sim_ws/build/f110_cartographer_ros2/build/lib/f110_cartographer_ros2
running install
running install_lib
creating /home/oem/sim_ws/install/f110_cartographer_ros2/lib/python3.8/site-packages/f110_cartographer_ros2
copying /home/oem/sim_ws/build/f110_cartographer_ros2/build/lib/f110_cartographer_ros2/__init__.py -> /home/oem/sim_ws/install/f110_cartographer_ros2/lib/python3.8/site-packages/f110_cartographer_ros2
byte-compiling /home/oem/sim_ws/install/f110_cartographer_ros2/lib/python3.8/site-packages/f110_cartographer_ros2/__init__.py to __init__.cpython-38.pyc
running install_data
creating /home/oem/sim_ws/install/f110_cartographer_ros2/share/ament_index
creating /home/oem/sim_ws/install/f110_cartographer_ros2/share/ament_index/resource_index
creating /home/oem/sim_ws/install/f110_cartographer_ros2/share/ament_index/resource_index/packages
copying resource/f110_cartographer_ros2 -> /home/oem/sim_ws/install/f110_cartographer_ros2/share/ament_index/resource_index/packages
copying package.xml -> /home/oem/sim_ws/install/f110_cartographer_ros2/share/f110_cartographer_ros2
creating /home/oem/sim_ws/install/f110_cartographer_ros2/share/f110_cartographer_ros2/launch
copying launch/occupancy_grid.launch.py -> /home/oem/sim_ws/install/f110_cartographer_ros2/share/f110_cartographer_ros2/launch/
copying launch/cartographer.launch.py -> /home/oem/sim_ws/install/f110_cartographer_ros2/share/f110_cartographer_ros2/launch/
creating /home/oem/sim_ws/install/f110_cartographer_ros2/share/f110_cartographer_ros2/cartographer_config
copying cartographer_config/README.md -> /home/oem/sim_ws/install/f110_cartographer_ros2/share/f110_cartographer_ros2/cartographer_config/
copying cartographer_config/f110_2d.rviz -> /home/oem/sim_ws/install/f110_cartographer_ros2/share/f110_cartographer_ros2/cartographer_config/
copying cartographer_config/f110_2d.launch -> /home/oem/sim_ws/install/f110_cartographer_ros2/share/f110_cartographer_ros2/cartographer_config/
copying cartographer_config/f110_2d.lua -> /home/oem/sim_ws/install/f110_cartographer_ros2/share/f110_cartographer_ros2/cartographer_config/
copying cartographer_config/f110_2d_viz.launch -> /home/oem/sim_ws/install/f110_cartographer_ros2/share/f110_cartographer_ros2/cartographer_config/
creating /home/oem/sim_ws/install/f110_cartographer_ros2/share/f110_cartographer_ros2/cartographer_config/f110_description
copying cartographer_config/f110_description/CMakeLists.txt -> /home/oem/sim_ws/install/f110_cartographer_ros2/share/f110_cartographer_ros2/cartographer_config/f110_description
copying cartographer_config/f110_description/package.xml -> /home/oem/sim_ws/install/f110_cartographer_ros2/share/f110_cartographer_ros2/cartographer_config/f110_description
creating /home/oem/sim_ws/install/f110_cartographer_ros2/share/f110_cartographer_ros2/cartographer_config/f110_description/models
creating /home/oem/sim_ws/install/f110_cartographer_ros2/share/f110_cartographer_ros2/cartographer_config/f110_description/models/MIT_Tunnel
copying cartographer_config/f110_description/models/MIT_Tunnel/model.sdf -> /home/oem/sim_ws/install/f110_cartographer_ros2/share/f110_cartographer_ros2/cartographer_config/f110_description/models/MIT_Tunnel
copying cartographer_config/f110_description/models/MIT_Tunnel/model.config -> /home/oem/sim_ws/install/f110_cartographer_ros2/share/f110_cartographer_ros2/cartographer_config/f110_description/models/MIT_Tunnel
creating /home/oem/sim_ws/install/f110_cartographer_ros2/share/f110_cartographer_ros2/cartographer_config/f110_description/models/walker_racecourse
copying cartographer_config/f110_description/models/walker_racecourse/model.sdf -> /home/oem/sim_ws/install/f110_cartographer_ros2/share/f110_cartographer_ros2/cartographer_config/f110_description/models/walker_racecourse
copying cartographer_config/f110_description/models/walker_racecourse/model.config -> /home/oem/sim_ws/install/f110_cartographer_ros2/share/f110_cartographer_ros2/cartographer_config/f110_description/models/walker_racecourse
creating /home/oem/sim_ws/install/f110_cartographer_ros2/share/f110_cartographer_ros2/cartographer_config/f110_description/models/ar_tags
creating /home/oem/sim_ws/install/f110_cartographer_ros2/share/f110_cartographer_ros2/cartographer_config/f110_description/models/ar_tags/marker4
copying cartographer_config/f110_description/models/ar_tags/marker4/model.sdf -> /home/oem/sim_ws/install/f110_cartographer_ros2/share/f110_cartographer_ros2/cartographer_config/f110_description/models/ar_tags/marker4
copying cartographer_config/f110_description/models/ar_tags/marker4/model-1_5.sdf -> /home/oem/sim_ws/install/f110_cartographer_ros2/share/f110_cartographer_ros2/cartographer_config/f110_description/models/ar_tags/marker4
copying cartographer_config/f110_description/models/ar_tags/marker4/model-1_4.sdf -> /home/oem/sim_ws/install/f110_cartographer_ros2/share/f110_cartographer_ros2/cartographer_config/f110_description/models/ar_tags/marker4
copying cartographer_config/f110_description/models/ar_tags/marker4/model.config -> /home/oem/sim_ws/install/f110_cartographer_ros2/share/f110_cartographer_ros2/cartographer_config/f110_description/models/ar_tags/marker4
creating /home/oem/sim_ws/install/f110_cartographer_ros2/share/f110_cartographer_ros2/cartographer_config/f110_description/models/ar_tags/marker4/marker0
copying cartographer_config/f110_description/models/ar_tags/marker4/marker0/model-1_5.sdf -> /home/oem/sim_ws/install/f110_cartographer_ros2/share/f110_cartographer_ros2/cartographer_config/f110_description/models/ar_tags/marker4/marker0
copying cartographer_config/f110_description/models/ar_tags/marker4/marker0/model.config -> /home/oem/sim_ws/install/f110_cartographer_ros2/share/f110_cartographer_ros2/cartographer_config/f110_description/models/ar_tags/marker4/marker0
creating /home/oem/sim_ws/install/f110_cartographer_ros2/share/f110_cartographer_ros2/cartographer_config/f110_description/models/ar_tags/marker4/marker0/marker0
copying cartographer_config/f110_description/models/ar_tags/marker4/marker0/marker0/model-1_5.sdf -> /home/oem/sim_ws/install/f110_cartographer_ros2/share/f110_cartographer_ros2/cartographer_config/f110_description/models/ar_tags/marker4/marker0/marker0
copying cartographer_config/f110_description/models/ar_tags/marker4/marker0/marker0/model.config -> /home/oem/sim_ws/install/f110_cartographer_ros2/share/f110_cartographer_ros2/cartographer_config/f110_description/models/ar_tags/marker4/marker0/marker0
creating /home/oem/sim_ws/install/f110_cartographer_ros2/share/f110_cartographer_ros2/cartographer_config/f110_description/models/ar_tags/marker4/meshes
copying cartographer_config/f110_description/models/ar_tags/marker4/meshes/Marker4.dae -> /home/oem/sim_ws/install/f110_cartographer_ros2/share/f110_cartographer_ros2/cartographer_config/f110_description/models/ar_tags/marker4/meshes
creating /home/oem/sim_ws/install/f110_cartographer_ros2/share/f110_cartographer_ros2/cartographer_config/f110_description/models/ar_tags/marker4/materials
creating /home/oem/sim_ws/install/f110_cartographer_ros2/share/f110_cartographer_ros2/cartographer_config/f110_description/models/ar_tags/marker4/materials/textures
copying cartographer_config/f110_description/models/ar_tags/marker4/materials/textures/Marker4.png -> /home/oem/sim_ws/install/f110_cartographer_ros2/share/f110_cartographer_ros2/cartographer_config/f110_description/models/ar_tags/marker4/materials/textures
creating /home/oem/sim_ws/install/f110_cartographer_ros2/share/f110_cartographer_ros2/cartographer_config/f110_description/models/ar_tags/marker13
copying cartographer_config/f110_description/models/ar_tags/marker13/model.sdf -> /home/oem/sim_ws/install/f110_cartographer_ros2/share/f110_cartographer_ros2/cartographer_config/f110_description/models/ar_tags/marker13
copying cartographer_config/f110_description/models/ar_tags/marker13/model-1_5.sdf -> /home/oem/sim_ws/install/f110_cartographer_ros2/share/f110_cartographer_ros2/cartographer_config/f110_description/models/ar_tags/marker13
copying cartographer_config/f110_description/models/ar_tags/marker13/model-1_4.sdf -> /home/oem/sim_ws/install/f110_cartographer_ros2/share/f110_cartographer_ros2/cartographer_config/f110_description/models/ar_tags/marker13
copying cartographer_config/f110_description/models/ar_tags/marker13/model.config -> /home/oem/sim_ws/install/f110_cartographer_ros2/share/f110_cartographer_ros2/cartographer_config/f110_description/models/ar_tags/marker13
creating /home/oem/sim_ws/install/f110_cartographer_ros2/share/f110_cartographer_ros2/cartographer_config/f110_description/models/ar_tags/marker13/marker0
copying cartographer_config/f110_description/models/ar_tags/marker13/marker0/model-1_5.sdf -> /home/oem/sim_ws/install/f110_cartographer_ros2/share/f110_cartographer_ros2/cartographer_config/f110_description/models/ar_tags/marker13/marker0
copying cartographer_config/f110_description/models/ar_tags/marker13/marker0/model.config -> /home/oem/sim_ws/install/f110_cartographer_ros2/share/f110_cartographer_ros2/cartographer_config/f110_description/models/ar_tags/marker13/marker0
creating /home/oem/sim_ws/install/f110_cartographer_ros2/share/f110_cartographer_ros2/cartographer_config/f110_description/models/ar_tags/marker13/marker0/marker0
copying cartographer_config/f110_description/models/ar_tags/marker13/marker0/marker0/model-1_5.sdf -> /home/oem/sim_ws/install/f110_cartographer_ros2/share/f110_cartographer_ros2/cartographer_config/f110_description/models/ar_tags/marker13/marker0/marker0
copying cartographer_config/f110_description/models/ar_tags/marker13/marker0/marker0/model.config -> /home/oem/sim_ws/install/f110_cartographer_ros2/share/f110_cartographer_ros2/cartographer_config/f110_description/models/ar_tags/marker13/marker0/marker0
creating /home/oem/sim_ws/install/f110_cartographer_ros2/share/f110_cartographer_ros2/cartographer_config/f110_description/models/ar_tags/marker13/meshes
copying cartographer_config/f110_description/models/ar_tags/marker13/meshes/Marker13.dae -> /home/oem/sim_ws/install/f110_cartographer_ros2/share/f110_cartographer_ros2/cartographer_config/f110_description/models/ar_tags/marker13/meshes
creating /home/oem/sim_ws/install/f110_cartographer_ros2/share/f110_cartographer_ros2/cartographer_config/f110_description/models/ar_tags/marker13/materials
creating /home/oem/sim_ws/install/f110_cartographer_ros2/share/f110_cartographer_ros2/cartographer_config/f110_description/models/ar_tags/marker13/materials/textures
copying cartographer_config/f110_description/models/ar_tags/marker13/materials/textures/Marker13.png -> /home/oem/sim_ws/install/f110_cartographer_ros2/share/f110_cartographer_ros2/cartographer_config/f110_description/models/ar_tags/marker13/materials/textures
creating /home/oem/sim_ws/install/f110_cartographer_ros2/share/f110_cartographer_ros2/cartographer_config/f110_description/models/ar_tags/marker12
copying cartographer_config/f110_description/models/ar_tags/marker12/model.sdf -> /home/oem/sim_ws/install/f110_cartographer_ros2/share/f110_cartographer_ros2/cartographer_config/f110_description/models/ar_tags/marker12
copying cartographer_config/f110_description/models/ar_tags/marker12/model-1_5.sdf -> /home/oem/sim_ws/install/f110_cartographer_ros2/share/f110_cartographer_ros2/cartographer_config/f110_description/models/ar_tags/marker12
copying cartographer_config/f110_description/models/ar_tags/marker12/model-1_4.sdf -> /home/oem/sim_ws/install/f110_cartographer_ros2/share/f110_cartographer_ros2/cartographer_config/f110_description/models/ar_tags/marker12
copying cartographer_config/f110_description/models/ar_tags/marker12/model.config -> /home/oem/sim_ws/install/f110_cartographer_ros2/share/f110_cartographer_ros2/cartographer_config/f110_description/models/ar_tags/marker12
creating /home/oem/sim_ws/install/f110_cartographer_ros2/share/f110_cartographer_ros2/cartographer_config/f110_description/models/ar_tags/marker12/marker0
copying cartographer_config/f110_description/models/ar_tags/marker12/marker0/model-1_5.sdf -> /home/oem/sim_ws/install/f110_cartographer_ros2/share/f110_cartographer_ros2/cartographer_config/f110_description/models/ar_tags/marker12/marker0
copying cartographer_config/f110_description/models/ar_tags/marker12/marker0/model.config -> /home/oem/sim_ws/install/f110_cartographer_ros2/share/f110_cartographer_ros2/cartographer_config/f110_description/models/ar_tags/marker12/marker0
creating /home/oem/sim_ws/install/f110_cartographer_ros2/share/f110_cartographer_ros2/cartographer_config/f110_description/models/ar_tags/marker12/marker0/marker0
copying cartographer_config/f110_description/models/ar_tags/marker12/marker0/marker0/model-1_5.sdf -> /home/oem/sim_ws/install/f110_cartographer_ros2/share/f110_cartographer_ros2/cartographer_config/f110_description/models/ar_tags/marker12/marker0/marker0
copying cartographer_config/f110_description/models/ar_tags/marker12/marker0/marker0/model.config -> /home/oem/sim_ws/install/f110_cartographer_ros2/share/f110_cartographer_ros2/cartographer_config/f110_description/models/ar_tags/marker12/marker0/marker0
creating /home/oem/sim_ws/install/f110_cartographer_ros2/share/f110_cartographer_ros2/cartographer_config/f110_description/models/ar_tags/marker12/meshes
copying cartographer_config/f110_description/models/ar_tags/marker12/meshes/Marker12.dae -> /home/oem/sim_ws/install/f110_cartographer_ros2/share/f110_cartographer_ros2/cartographer_config/f110_description/models/ar_tags/marker12/meshes
creating /home/oem/sim_ws/install/f110_cartographer_ros2/share/f110_cartographer_ros2/cartographer_config/f110_description/models/ar_tags/marker12/materials
creating /home/oem/sim_ws/install/f110_cartographer_ros2/share/f110_cartographer_ros2/cartographer_config/f110_description/models/ar_tags/marker12/materials/textures
copying cartographer_config/f110_description/models/ar_tags/marker12/materials/textures/Marker12.png -> /home/oem/sim_ws/install/f110_cartographer_ros2/share/f110_cartographer_ros2/cartographer_config/f110_description/models/ar_tags/marker12/materials/textures
creating /home/oem/sim_ws/install/f110_cartographer_ros2/share/f110_cartographer_ros2/cartographer_config/f110_description/models/ar_tags/marker15
copying cartographer_config/f110_description/models/ar_tags/marker15/model.sdf -> /home/oem/sim_ws/install/f110_cartographer_ros2/share/f110_cartographer_ros2/cartographer_config/f110_description/models/ar_tags/marker15
copying cartographer_config/f110_description/models/ar_tags/marker15/model-1_5.sdf -> /home/oem/sim_ws/install/f110_cartographer_ros2/share/f110_cartographer_ros2/cartographer_config/f110_description/models/ar_tags/marker15
copying cartographer_config/f110_description/models/ar_tags/marker15/model-1_4.sdf -> /home/oem/sim_ws/install/f110_cartographer_ros2/share/f110_cartographer_ros2/cartographer_config/f110_description/models/ar_tags/marker15
copying cartographer_config/f110_description/models/ar_tags/marker15/model.config -> /home/oem/sim_ws/install/f110_cartographer_ros2/share/f110_cartographer_ros2/cartographer_config/f110_description/models/ar_tags/marker15
creating /home/oem/sim_ws/install/f110_cartographer_ros2/share/f110_cartographer_ros2/cartographer_config/f110_description/models/ar_tags/marker15/marker0
copying cartographer_config/f110_description/models/ar_tags/marker15/marker0/model-1_5.sdf -> /home/oem/sim_ws/install/f110_cartographer_ros2/share/f110_cartographer_ros2/cartographer_config/f110_description/models/ar_tags/marker15/marker0
copying cartographer_config/f110_description/models/ar_tags/marker15/marker0/model.config -> /home/oem/sim_ws/install/f110_cartographer_ros2/share/f110_cartographer_ros2/cartographer_config/f110_description/models/ar_tags/marker15/marker0
creating /home/oem/sim_ws/install/f110_cartographer_ros2/share/f110_cartographer_ros2/cartographer_config/f110_description/models/ar_tags/marker15/marker0/marker0
copying cartographer_config/f110_description/models/ar_tags/marker15/marker0/marker0/model-1_5.sdf -> /home/oem/sim_ws/install/f110_cartographer_ros2/share/f110_cartographer_ros2/cartographer_config/f110_description/models/ar_tags/marker15/marker0/marker0
copying cartographer_config/f110_description/models/ar_tags/marker15/marker0/marker0/model.config -> /home/oem/sim_ws/install/f110_cartographer_ros2/share/f110_cartographer_ros2/cartographer_config/f110_description/models/ar_tags/marker15/marker0/marker0
creating /home/oem/sim_ws/install/f110_cartographer_ros2/share/f110_cartographer_ros2/cartographer_config/f110_description/models/ar_tags/marker15/meshes
copying cartographer_config/f110_description/models/ar_tags/marker15/meshes/Marker15.dae -> /home/oem/sim_ws/install/f110_cartographer_ros2/share/f110_cartographer_ros2/cartographer_config/f110_description/models/ar_tags/marker15/meshes
creating /home/oem/sim_ws/install/f110_cartographer_ros2/share/f110_cartographer_ros2/cartographer_config/f110_description/models/ar_tags/marker15/materials
creating /home/oem/sim_ws/install/f110_cartographer_ros2/share/f110_cartographer_ros2/cartographer_config/f110_description/models/ar_tags/marker15/materials/textures
copying cartographer_config/f110_description/models/ar_tags/marker15/materials/textures/Marker15.png -> /home/oem/sim_ws/install/f110_cartographer_ros2/share/f110_cartographer_ros2/cartographer_config/f110_description/models/ar_tags/marker15/materials/textures
creating /home/oem/sim_ws/install/f110_cartographer_ros2/share/f110_cartographer_ros2/cartographer_config/f110_description/models/ar_tags/marker10
copying cartographer_config/f110_description/models/ar_tags/marker10/model.sdf -> /home/oem/sim_ws/install/f110_cartographer_ros2/share/f110_cartographer_ros2/cartographer_config/f110_description/models/ar_tags/marker10
copying cartographer_config/f110_description/models/ar_tags/marker10/model-1_5.sdf -> /home/oem/sim_ws/install/f110_cartographer_ros2/share/f110_cartographer_ros2/cartographer_config/f110_description/models/ar_tags/marker10
copying cartographer_config/f110_description/models/ar_tags/marker10/model-1_4.sdf -> /home/oem/sim_ws/install/f110_cartographer_ros2/share/f110_cartographer_ros2/cartographer_config/f110_description/models/ar_tags/marker10
copying cartographer_config/f110_description/models/ar_tags/marker10/model.config -> /home/oem/sim_ws/install/f110_cartographer_ros2/share/f110_cartographer_ros2/cartographer_config/f110_description/models/ar_tags/marker10
creating /home/oem/sim_ws/install/f110_cartographer_ros2/share/f110_cartographer_ros2/cartographer_config/f110_description/models/ar_tags/marker10/marker0
copying cartographer_config/f110_description/models/ar_tags/marker10/marker0/model-1_5.sdf -> /home/oem/sim_ws/install/f110_cartographer_ros2/share/f110_cartographer_ros2/cartographer_config/f110_description/models/ar_tags/marker10/marker0
copying cartographer_config/f110_description/models/ar_tags/marker10/marker0/model.config -> /home/oem/sim_ws/install/f110_cartographer_ros2/share/f110_cartographer_ros2/cartographer_config/f110_description/models/ar_tags/marker10/marker0
creating /home/oem/sim_ws/install/f110_cartographer_ros2/share/f110_cartographer_ros2/cartographer_config/f110_description/models/ar_tags/marker10/marker0/marker0
copying cartographer_config/f110_description/models/ar_tags/marker10/marker0/marker0/model-1_5.sdf -> /home/oem/sim_ws/install/f110_cartographer_ros2/share/f110_cartographer_ros2/cartographer_config/f110_description/models/ar_tags/marker10/marker0/marker0
copying cartographer_config/f110_description/models/ar_tags/marker10/marker0/marker0/model.config -> /home/oem/sim_ws/install/f110_cartographer_ros2/share/f110_cartographer_ros2/cartographer_config/f110_description/models/ar_tags/marker10/marker0/marker0
creating /home/oem/sim_ws/install/f110_cartographer_ros2/share/f110_cartographer_ros2/cartographer_config/f110_description/models/ar_tags/marker10/meshes
copying cartographer_config/f110_description/models/ar_tags/marker10/meshes/Marker10.dae -> /home/oem/sim_ws/install/f110_cartographer_ros2/share/f110_cartographer_ros2/cartographer_config/f110_description/models/ar_tags/marker10/meshes
creating /home/oem/sim_ws/install/f110_cartographer_ros2/share/f110_cartographer_ros2/cartographer_config/f110_description/models/ar_tags/marker10/materials
creating /home/oem/sim_ws/install/f110_cartographer_ros2/share/f110_cartographer_ros2/cartographer_config/f110_description/models/ar_tags/marker10/materials/textures
copying cartographer_config/f110_description/models/ar_tags/marker10/materials/textures/Marker10.png -> /home/oem/sim_ws/install/f110_cartographer_ros2/share/f110_cartographer_ros2/cartographer_config/f110_description/models/ar_tags/marker10/materials/textures
creating /home/oem/sim_ws/install/f110_cartographer_ros2/share/f110_cartographer_ros2/cartographer_config/f110_description/models/ar_tags/marker16
copying cartographer_config/f110_description/models/ar_tags/marker16/model.sdf -> /home/oem/sim_ws/install/f110_cartographer_ros2/share/f110_cartographer_ros2/cartographer_config/f110_description/models/ar_tags/marker16
copying cartographer_config/f110_description/models/ar_tags/marker16/model-1_5.sdf -> /home/oem/sim_ws/install/f110_cartographer_ros2/share/f110_cartographer_ros2/cartographer_config/f110_description/models/ar_tags/marker16
copying cartographer_config/f110_description/models/ar_tags/marker16/model-1_4.sdf -> /home/oem/sim_ws/install/f110_cartographer_ros2/share/f110_cartographer_ros2/cartographer_config/f110_description/models/ar_tags/marker16
copying cartographer_config/f110_description/models/ar_tags/marker16/model.config -> /home/oem/sim_ws/install/f110_cartographer_ros2/share/f110_cartographer_ros2/cartographer_config/f110_description/models/ar_tags/marker16
creating /home/oem/sim_ws/install/f110_cartographer_ros2/share/f110_cartographer_ros2/cartographer_config/f110_description/models/ar_tags/marker16/marker0
copying cartographer_config/f110_description/models/ar_tags/marker16/marker0/model-1_5.sdf -> /home/oem/sim_ws/install/f110_cartographer_ros2/share/f110_cartographer_ros2/cartographer_config/f110_description/models/ar_tags/marker16/marker0
copying cartographer_config/f110_description/models/ar_tags/marker16/marker0/model.config -> /home/oem/sim_ws/install/f110_cartographer_ros2/share/f110_cartographer_ros2/cartographer_config/f110_description/models/ar_tags/marker16/marker0
creating /home/oem/sim_ws/install/f110_cartographer_ros2/share/f110_cartographer_ros2/cartographer_config/f110_description/models/ar_tags/marker16/marker0/marker0
copying cartographer_config/f110_description/models/ar_tags/marker16/marker0/marker0/model-1_5.sdf -> /home/oem/sim_ws/install/f110_cartographer_ros2/share/f110_cartographer_ros2/cartographer_config/f110_description/models/ar_tags/marker16/marker0/marker0
copying cartographer_config/f110_description/models/ar_tags/marker16/marker0/marker0/model.config -> /home/oem/sim_ws/install/f110_cartographer_ros2/share/f110_cartographer_ros2/cartographer_config/f110_description/models/ar_tags/marker16/marker0/marker0
creating /home/oem/sim_ws/install/f110_cartographer_ros2/share/f110_cartographer_ros2/cartographer_config/f110_description/models/ar_tags/marker16/meshes
copying cartographer_config/f110_description/models/ar_tags/marker16/meshes/Marker16.dae -> /home/oem/sim_ws/install/f110_cartographer_ros2/share/f110_cartographer_ros2/cartographer_config/f110_description/models/ar_tags/marker16/meshes
creating /home/oem/sim_ws/install/f110_cartographer_ros2/share/f110_cartographer_ros2/cartographer_config/f110_description/models/ar_tags/marker16/materials
creating /home/oem/sim_ws/install/f110_cartographer_ros2/share/f110_cartographer_ros2/cartographer_config/f110_description/models/ar_tags/marker16/materials/textures
copying cartographer_config/f110_description/models/ar_tags/marker16/materials/textures/Marker16.png -> /home/oem/sim_ws/install/f110_cartographer_ros2/share/f110_cartographer_ros2/cartographer_config/f110_description/models/ar_tags/marker16/materials/textures
creating /home/oem/sim_ws/install/f110_cartographer_ros2/share/f110_cartographer_ros2/cartographer_config/f110_description/models/ar_tags/marker6
copying cartographer_config/f110_description/models/ar_tags/marker6/model.sdf -> /home/oem/sim_ws/install/f110_cartographer_ros2/share/f110_cartographer_ros2/cartographer_config/f110_description/models/ar_tags/marker6
copying cartographer_config/f110_description/models/ar_tags/marker6/model-1_5.sdf -> /home/oem/sim_ws/install/f110_cartographer_ros2/share/f110_cartographer_ros2/cartographer_config/f110_description/models/ar_tags/marker6
copying cartographer_config/f110_description/models/ar_tags/marker6/model-1_4.sdf -> /home/oem/sim_ws/install/f110_cartographer_ros2/share/f110_cartographer_ros2/cartographer_config/f110_description/models/ar_tags/marker6
copying cartographer_config/f110_description/models/ar_tags/marker6/model.config -> /home/oem/sim_ws/install/f110_cartographer_ros2/share/f110_cartographer_ros2/cartographer_config/f110_description/models/ar_tags/marker6
creating /home/oem/sim_ws/install/f110_cartographer_ros2/share/f110_cartographer_ros2/cartographer_config/f110_description/models/ar_tags/marker6/marker0
copying cartographer_config/f110_description/models/ar_tags/marker6/marker0/model-1_5.sdf -> /home/oem/sim_ws/install/f110_cartographer_ros2/share/f110_cartographer_ros2/cartographer_config/f110_description/models/ar_tags/marker6/marker0
copying cartographer_config/f110_description/models/ar_tags/marker6/marker0/model.config -> /home/oem/sim_ws/install/f110_cartographer_ros2/share/f110_cartographer_ros2/cartographer_config/f110_description/models/ar_tags/marker6/marker0
creating /home/oem/sim_ws/install/f110_cartographer_ros2/share/f110_cartographer_ros2/cartographer_config/f110_description/models/ar_tags/marker6/marker0/marker0
copying cartographer_config/f110_description/models/ar_tags/marker6/marker0/marker0/model-1_5.sdf -> /home/oem/sim_ws/install/f110_cartographer_ros2/share/f110_cartographer_ros2/cartographer_config/f110_description/models/ar_tags/marker6/marker0/marker0
copying cartographer_config/f110_description/models/ar_tags/marker6/marker0/marker0/model.config -> /home/oem/sim_ws/install/f110_cartographer_ros2/share/f110_cartographer_ros2/cartographer_config/f110_description/models/ar_tags/marker6/marker0/marker0
creating /home/oem/sim_ws/install/f110_cartographer_ros2/share/f110_cartographer_ros2/cartographer_config/f110_description/models/ar_tags/marker6/meshes
copying cartographer_config/f110_description/models/ar_tags/marker6/meshes/Marker6.dae -> /home/oem/sim_ws/install/f110_cartographer_ros2/share/f110_cartographer_ros2/cartographer_config/f110_description/models/ar_tags/marker6/meshes
creating /home/oem/sim_ws/install/f110_cartographer_ros2/share/f110_cartographer_ros2/cartographer_config/f110_description/models/ar_tags/marker6/materials
creating /home/oem/sim_ws/install/f110_cartographer_ros2/share/f110_cartographer_ros2/cartographer_config/f110_description/models/ar_tags/marker6/materials/textures
copying cartographer_config/f110_description/models/ar_tags/marker6/materials/textures/Marker6.png -> /home/oem/sim_ws/install/f110_cartographer_ros2/share/f110_cartographer_ros2/cartographer_config/f110_description/models/ar_tags/marker6/materials/textures
creating /home/oem/sim_ws/install/f110_cartographer_ros2/share/f110_cartographer_ros2/cartographer_config/f110_description/models/ar_tags/marker14
copying cartographer_config/f110_description/models/ar_tags/marker14/model.sdf -> /home/oem/sim_ws/install/f110_cartographer_ros2/share/f110_cartographer_ros2/cartographer_config/f110_description/models/ar_tags/marker14
copying cartographer_config/f110_description/models/ar_tags/marker14/model-1_5.sdf -> /home/oem/sim_ws/install/f110_cartographer_ros2/share/f110_cartographer_ros2/cartographer_config/f110_description/models/ar_tags/marker14
copying cartographer_config/f110_description/models/ar_tags/marker14/model-1_4.sdf -> /home/oem/sim_ws/install/f110_cartographer_ros2/share/f110_cartographer_ros2/cartographer_config/f110_description/models/ar_tags/marker14
copying cartographer_config/f110_description/models/ar_tags/marker14/model.config -> /home/oem/sim_ws/install/f110_cartographer_ros2/share/f110_cartographer_ros2/cartographer_config/f110_description/models/ar_tags/marker14
creating /home/oem/sim_ws/install/f110_cartographer_ros2/share/f110_cartographer_ros2/cartographer_config/f110_description/models/ar_tags/marker14/marker0
copying cartographer_config/f110_description/models/ar_tags/marker14/marker0/model-1_5.sdf -> /home/oem/sim_ws/install/f110_cartographer_ros2/share/f110_cartographer_ros2/cartographer_config/f110_description/models/ar_tags/marker14/marker0
copying cartographer_config/f110_description/models/ar_tags/marker14/marker0/model.config -> /home/oem/sim_ws/install/f110_cartographer_ros2/share/f110_cartographer_ros2/cartographer_config/f110_description/models/ar_tags/marker14/marker0
creating /home/oem/sim_ws/install/f110_cartographer_ros2/share/f110_cartographer_ros2/cartographer_config/f110_description/models/ar_tags/marker14/marker0/marker0
copying cartographer_config/f110_description/models/ar_tags/marker14/marker0/marker0/model-1_5.sdf -> /home/oem/sim_ws/install/f110_cartographer_ros2/share/f110_cartographer_ros2/cartographer_config/f110_description/models/ar_tags/marker14/marker0/marker0
copying cartographer_config/f110_description/models/ar_tags/marker14/marker0/marker0/model.config -> /home/oem/sim_ws/install/f110_cartographer_ros2/share/f110_cartographer_ros2/cartographer_config/f110_description/models/ar_tags/marker14/marker0/marker0
creating /home/oem/sim_ws/install/f110_cartographer_ros2/share/f110_cartographer_ros2/cartographer_config/f110_description/models/ar_tags/marker14/meshes
copying cartographer_config/f110_description/models/ar_tags/marker14/meshes/Marker14.dae -> /home/oem/sim_ws/install/f110_cartographer_ros2/share/f110_cartographer_ros2/cartographer_config/f110_description/models/ar_tags/marker14/meshes
creating /home/oem/sim_ws/install/f110_cartographer_ros2/share/f110_cartographer_ros2/cartographer_config/f110_description/models/ar_tags/marker14/materials
creating /home/oem/sim_ws/install/f110_cartographer_ros2/share/f110_cartographer_ros2/cartographer_config/f110_description/models/ar_tags/marker14/materials/textures
copying cartographer_config/f110_description/models/ar_tags/marker14/materials/textures/Marker14.png -> /home/oem/sim_ws/install/f110_cartographer_ros2/share/f110_cartographer_ros2/cartographer_config/f110_description/models/ar_tags/marker14/materials/textures
creating /home/oem/sim_ws/install/f110_cartographer_ros2/share/f110_cartographer_ros2/cartographer_config/f110_description/models/ar_tags/marker17
copying cartographer_config/f110_description/models/ar_tags/marker17/model.sdf -> /home/oem/sim_ws/install/f110_cartographer_ros2/share/f110_cartographer_ros2/cartographer_config/f110_description/models/ar_tags/marker17
copying cartographer_config/f110_description/models/ar_tags/marker17/model-1_5.sdf -> /home/oem/sim_ws/install/f110_cartographer_ros2/share/f110_cartographer_ros2/cartographer_config/f110_description/models/ar_tags/marker17
copying cartographer_config/f110_description/models/ar_tags/marker17/model-1_4.sdf -> /home/oem/sim_ws/install/f110_cartographer_ros2/share/f110_cartographer_ros2/cartographer_config/f110_description/models/ar_tags/marker17
copying cartographer_config/f110_description/models/ar_tags/marker17/model.config -> /home/oem/sim_ws/install/f110_cartographer_ros2/share/f110_cartographer_ros2/cartographer_config/f110_description/models/ar_tags/marker17
creating /home/oem/sim_ws/install/f110_cartographer_ros2/share/f110_cartographer_ros2/cartographer_config/f110_description/models/ar_tags/marker17/marker0
copying cartographer_config/f110_description/models/ar_tags/marker17/marker0/model-1_5.sdf -> /home/oem/sim_ws/install/f110_cartographer_ros2/share/f110_cartographer_ros2/cartographer_config/f110_description/models/ar_tags/marker17/marker0
copying cartographer_config/f110_description/models/ar_tags/marker17/marker0/model.config -> /home/oem/sim_ws/install/f110_cartographer_ros2/share/f110_cartographer_ros2/cartographer_config/f110_description/models/ar_tags/marker17/marker0
creating /home/oem/sim_ws/install/f110_cartographer_ros2/share/f110_cartographer_ros2/cartographer_config/f110_description/models/ar_tags/marker17/marker0/marker0
copying cartographer_config/f110_description/models/ar_tags/marker17/marker0/marker0/model-1_5.sdf -> /home/oem/sim_ws/install/f110_cartographer_ros2/share/f110_cartographer_ros2/cartographer_config/f110_description/models/ar_tags/marker17/marker0/marker0
copying cartographer_config/f110_description/models/ar_tags/marker17/marker0/marker0/model.config -> /home/oem/sim_ws/install/f110_cartographer_ros2/share/f110_cartographer_ros2/cartographer_config/f110_description/models/ar_tags/marker17/marker0/marker0
creating /home/oem/sim_ws/install/f110_cartographer_ros2/share/f110_cartographer_ros2/cartographer_config/f110_description/models/ar_tags/marker17/meshes
copying cartographer_config/f110_description/models/ar_tags/marker17/meshes/Marker17.dae -> /home/oem/sim_ws/install/f110_cartographer_ros2/share/f110_cartographer_ros2/cartographer_config/f110_description/models/ar_tags/marker17/meshes
creating /home/oem/sim_ws/install/f110_cartographer_ros2/share/f110_cartographer_ros2/cartographer_config/f110_description/models/ar_tags/marker17/materials
creating /home/oem/sim_ws/install/f110_cartographer_ros2/share/f110_cartographer_ros2/cartographer_config/f110_description/models/ar_tags/marker17/materials/textures
copying cartographer_config/f110_description/models/ar_tags/marker17/materials/textures/Marker17.png -> /home/oem/sim_ws/install/f110_cartographer_ros2/share/f110_cartographer_ros2/cartographer_config/f110_description/models/ar_tags/marker17/materials/textures
creating /home/oem/sim_ws/install/f110_cartographer_ros2/share/f110_cartographer_ros2/cartographer_config/f110_description/models/ar_tags/marker2
copying cartographer_config/f110_description/models/ar_tags/marker2/model.sdf -> /home/oem/sim_ws/install/f110_cartographer_ros2/share/f110_cartographer_ros2/cartographer_config/f110_description/models/ar_tags/marker2
copying cartographer_config/f110_description/models/ar_tags/marker2/model-1_5.sdf -> /home/oem/sim_ws/install/f110_cartographer_ros2/share/f110_cartographer_ros2/cartographer_config/f110_description/models/ar_tags/marker2
copying cartographer_config/f110_description/models/ar_tags/marker2/model-1_4.sdf -> /home/oem/sim_ws/install/f110_cartographer_ros2/share/f110_cartographer_ros2/cartographer_config/f110_description/models/ar_tags/marker2
copying cartographer_config/f110_description/models/ar_tags/marker2/model.config -> /home/oem/sim_ws/install/f110_cartographer_ros2/share/f110_cartographer_ros2/cartographer_config/f110_description/models/ar_tags/marker2
creating /home/oem/sim_ws/install/f110_cartographer_ros2/share/f110_cartographer_ros2/cartographer_config/f110_description/models/ar_tags/marker2/marker0
copying cartographer_config/f110_description/models/ar_tags/marker2/marker0/model-1_5.sdf -> /home/oem/sim_ws/install/f110_cartographer_ros2/share/f110_cartographer_ros2/cartographer_config/f110_description/models/ar_tags/marker2/marker0
copying cartographer_config/f110_description/models/ar_tags/marker2/marker0/model.config -> /home/oem/sim_ws/install/f110_cartographer_ros2/share/f110_cartographer_ros2/cartographer_config/f110_description/models/ar_tags/marker2/marker0
creating /home/oem/sim_ws/install/f110_cartographer_ros2/share/f110_cartographer_ros2/cartographer_config/f110_description/models/ar_tags/marker2/marker0/marker0
copying cartographer_config/f110_description/models/ar_tags/marker2/marker0/marker0/model-1_5.sdf -> /home/oem/sim_ws/install/f110_cartographer_ros2/share/f110_cartographer_ros2/cartographer_config/f110_description/models/ar_tags/marker2/marker0/marker0
copying cartographer_config/f110_description/models/ar_tags/marker2/marker0/marker0/model.config -> /home/oem/sim_ws/install/f110_cartographer_ros2/share/f110_cartographer_ros2/cartographer_config/f110_description/models/ar_tags/marker2/marker0/marker0
creating /home/oem/sim_ws/install/f110_cartographer_ros2/share/f110_cartographer_ros2/cartographer_config/f110_description/models/ar_tags/marker2/meshes
copying cartographer_config/f110_description/models/ar_tags/marker2/meshes/Marker2.dae -> /home/oem/sim_ws/install/f110_cartographer_ros2/share/f110_cartographer_ros2/cartographer_config/f110_description/models/ar_tags/marker2/meshes
creating /home/oem/sim_ws/install/f110_cartographer_ros2/share/f110_cartographer_ros2/cartographer_config/f110_description/models/ar_tags/marker2/materials
creating /home/oem/sim_ws/install/f110_cartographer_ros2/share/f110_cartographer_ros2/cartographer_config/f110_description/models/ar_tags/marker2/materials/textures
copying cartographer_config/f110_description/models/ar_tags/marker2/materials/textures/Marker2.png -> /home/oem/sim_ws/install/f110_cartographer_ros2/share/f110_cartographer_ros2/cartographer_config/f110_description/models/ar_tags/marker2/materials/textures
creating /home/oem/sim_ws/install/f110_cartographer_ros2/share/f110_cartographer_ros2/cartographer_config/f110_description/models/ar_tags/marker0
copying cartographer_config/f110_description/models/ar_tags/marker0/model.sdf -> /home/oem/sim_ws/install/f110_cartographer_ros2/share/f110_cartographer_ros2/cartographer_config/f110_description/models/ar_tags/marker0
copying cartographer_config/f110_description/models/ar_tags/marker0/model-1_5.sdf -> /home/oem/sim_ws/install/f110_cartographer_ros2/share/f110_cartographer_ros2/cartographer_config/f110_description/models/ar_tags/marker0
copying cartographer_config/f110_description/models/ar_tags/marker0/model-1_4.sdf -> /home/oem/sim_ws/install/f110_cartographer_ros2/share/f110_cartographer_ros2/cartographer_config/f110_description/models/ar_tags/marker0
copying cartographer_config/f110_description/models/ar_tags/marker0/model.config -> /home/oem/sim_ws/install/f110_cartographer_ros2/share/f110_cartographer_ros2/cartographer_config/f110_description/models/ar_tags/marker0
creating /home/oem/sim_ws/install/f110_cartographer_ros2/share/f110_cartographer_ros2/cartographer_config/f110_description/models/ar_tags/marker0/marker0
copying cartographer_config/f110_description/models/ar_tags/marker0/marker0/model-1_5.sdf -> /home/oem/sim_ws/install/f110_cartographer_ros2/share/f110_cartographer_ros2/cartographer_config/f110_description/models/ar_tags/marker0/marker0
copying cartographer_config/f110_description/models/ar_tags/marker0/marker0/model.config -> /home/oem/sim_ws/install/f110_cartographer_ros2/share/f110_cartographer_ros2/cartographer_config/f110_description/models/ar_tags/marker0/marker0
creating /home/oem/sim_ws/install/f110_cartographer_ros2/share/f110_cartographer_ros2/cartographer_config/f110_description/models/ar_tags/marker0/marker0/marker0
copying cartographer_config/f110_description/models/ar_tags/marker0/marker0/marker0/model-1_5.sdf -> /home/oem/sim_ws/install/f110_cartographer_ros2/share/f110_cartographer_ros2/cartographer_config/f110_description/models/ar_tags/marker0/marker0/marker0
copying cartographer_config/f110_description/models/ar_tags/marker0/marker0/marker0/model.config -> /home/oem/sim_ws/install/f110_cartographer_ros2/share/f110_cartographer_ros2/cartographer_config/f110_description/models/ar_tags/marker0/marker0/marker0
creating /home/oem/sim_ws/install/f110_cartographer_ros2/share/f110_cartographer_ros2/cartographer_config/f110_description/models/ar_tags/marker0/meshes
copying cartographer_config/f110_description/models/ar_tags/marker0/meshes/Marker0.dae -> /home/oem/sim_ws/install/f110_cartographer_ros2/share/f110_cartographer_ros2/cartographer_config/f110_description/models/ar_tags/marker0/meshes
creating /home/oem/sim_ws/install/f110_cartographer_ros2/share/f110_cartographer_ros2/cartographer_config/f110_description/models/ar_tags/marker0/materials
creating /home/oem/sim_ws/install/f110_cartographer_ros2/share/f110_cartographer_ros2/cartographer_config/f110_description/models/ar_tags/marker0/materials/textures
copying cartographer_config/f110_description/models/ar_tags/marker0/materials/textures/Marker0.png -> /home/oem/sim_ws/install/f110_cartographer_ros2/share/f110_cartographer_ros2/cartographer_config/f110_description/models/ar_tags/marker0/materials/textures
creating /home/oem/sim_ws/install/f110_cartographer_ros2/share/f110_cartographer_ros2/cartographer_config/f110_description/models/ar_tags/marker11
copying cartographer_config/f110_description/models/ar_tags/marker11/model.sdf -> /home/oem/sim_ws/install/f110_cartographer_ros2/share/f110_cartographer_ros2/cartographer_config/f110_description/models/ar_tags/marker11
copying cartographer_config/f110_description/models/ar_tags/marker11/model-1_5.sdf -> /home/oem/sim_ws/install/f110_cartographer_ros2/share/f110_cartographer_ros2/cartographer_config/f110_description/models/ar_tags/marker11
copying cartographer_config/f110_description/models/ar_tags/marker11/model-1_4.sdf -> /home/oem/sim_ws/install/f110_cartographer_ros2/share/f110_cartographer_ros2/cartographer_config/f110_description/models/ar_tags/marker11
copying cartographer_config/f110_description/models/ar_tags/marker11/model.config -> /home/oem/sim_ws/install/f110_cartographer_ros2/share/f110_cartographer_ros2/cartographer_config/f110_description/models/ar_tags/marker11
creating /home/oem/sim_ws/install/f110_cartographer_ros2/share/f110_cartographer_ros2/cartographer_config/f110_description/models/ar_tags/marker11/marker0
copying cartographer_config/f110_description/models/ar_tags/marker11/marker0/model-1_5.sdf -> /home/oem/sim_ws/install/f110_cartographer_ros2/share/f110_cartographer_ros2/cartographer_config/f110_description/models/ar_tags/marker11/marker0
copying cartographer_config/f110_description/models/ar_tags/marker11/marker0/model.config -> /home/oem/sim_ws/install/f110_cartographer_ros2/share/f110_cartographer_ros2/cartographer_config/f110_description/models/ar_tags/marker11/marker0
creating /home/oem/sim_ws/install/f110_cartographer_ros2/share/f110_cartographer_ros2/cartographer_config/f110_description/models/ar_tags/marker11/marker0/marker0
copying cartographer_config/f110_description/models/ar_tags/marker11/marker0/marker0/model-1_5.sdf -> /home/oem/sim_ws/install/f110_cartographer_ros2/share/f110_cartographer_ros2/cartographer_config/f110_description/models/ar_tags/marker11/marker0/marker0
copying cartographer_config/f110_description/models/ar_tags/marker11/marker0/marker0/model.config -> /home/oem/sim_ws/install/f110_cartographer_ros2/share/f110_cartographer_ros2/cartographer_config/f110_description/models/ar_tags/marker11/marker0/marker0
creating /home/oem/sim_ws/install/f110_cartographer_ros2/share/f110_cartographer_ros2/cartographer_config/f110_description/models/ar_tags/marker11/meshes
copying cartographer_config/f110_description/models/ar_tags/marker11/meshes/Marker11.dae -> /home/oem/sim_ws/install/f110_cartographer_ros2/share/f110_cartographer_ros2/cartographer_config/f110_description/models/ar_tags/marker11/meshes
creating /home/oem/sim_ws/install/f110_cartographer_ros2/share/f110_cartographer_ros2/cartographer_config/f110_description/models/ar_tags/marker11/materials
creating /home/oem/sim_ws/install/f110_cartographer_ros2/share/f110_cartographer_ros2/cartographer_config/f110_description/models/ar_tags/marker11/materials/textures
copying cartographer_config/f110_description/models/ar_tags/marker11/materials/textures/Marker11.png -> /home/oem/sim_ws/install/f110_cartographer_ros2/share/f110_cartographer_ros2/cartographer_config/f110_description/models/ar_tags/marker11/materials/textures
creating /home/oem/sim_ws/install/f110_cartographer_ros2/share/f110_cartographer_ros2/cartographer_config/f110_description/models/ar_tags/marker9
copying cartographer_config/f110_description/models/ar_tags/marker9/model.sdf -> /home/oem/sim_ws/install/f110_cartographer_ros2/share/f110_cartographer_ros2/cartographer_config/f110_description/models/ar_tags/marker9
copying cartographer_config/f110_description/models/ar_tags/marker9/model-1_5.sdf -> /home/oem/sim_ws/install/f110_cartographer_ros2/share/f110_cartographer_ros2/cartographer_config/f110_description/models/ar_tags/marker9
copying cartographer_config/f110_description/models/ar_tags/marker9/model-1_4.sdf -> /home/oem/sim_ws/install/f110_cartographer_ros2/share/f110_cartographer_ros2/cartographer_config/f110_description/models/ar_tags/marker9
copying cartographer_config/f110_description/models/ar_tags/marker9/model.config -> /home/oem/sim_ws/install/f110_cartographer_ros2/share/f110_cartographer_ros2/cartographer_config/f110_description/models/ar_tags/marker9
creating /home/oem/sim_ws/install/f110_cartographer_ros2/share/f110_cartographer_ros2/cartographer_config/f110_description/models/ar_tags/marker9/marker0
copying cartographer_config/f110_description/models/ar_tags/marker9/marker0/model-1_5.sdf -> /home/oem/sim_ws/install/f110_cartographer_ros2/share/f110_cartographer_ros2/cartographer_config/f110_description/models/ar_tags/marker9/marker0
copying cartographer_config/f110_description/models/ar_tags/marker9/marker0/model.config -> /home/oem/sim_ws/install/f110_cartographer_ros2/share/f110_cartographer_ros2/cartographer_config/f110_description/models/ar_tags/marker9/marker0
creating /home/oem/sim_ws/install/f110_cartographer_ros2/share/f110_cartographer_ros2/cartographer_config/f110_description/models/ar_tags/marker9/marker0/marker0
copying cartographer_config/f110_description/models/ar_tags/marker9/marker0/marker0/model-1_5.sdf -> /home/oem/sim_ws/install/f110_cartographer_ros2/share/f110_cartographer_ros2/cartographer_config/f110_description/models/ar_tags/marker9/marker0/marker0
copying cartographer_config/f110_description/models/ar_tags/marker9/marker0/marker0/model.config -> /home/oem/sim_ws/install/f110_cartographer_ros2/share/f110_cartographer_ros2/cartographer_config/f110_description/models/ar_tags/marker9/marker0/marker0
creating /home/oem/sim_ws/install/f110_cartographer_ros2/share/f110_cartographer_ros2/cartographer_config/f110_description/models/ar_tags/marker9/meshes
copying cartographer_config/f110_description/models/ar_tags/marker9/meshes/Marker9.dae -> /home/oem/sim_ws/install/f110_cartographer_ros2/share/f110_cartographer_ros2/cartographer_config/f110_description/models/ar_tags/marker9/meshes
creating /home/oem/sim_ws/install/f110_cartographer_ros2/share/f110_cartographer_ros2/cartographer_config/f110_description/models/ar_tags/marker9/materials
creating /home/oem/sim_ws/install/f110_cartographer_ros2/share/f110_cartographer_ros2/cartographer_config/f110_description/models/ar_tags/marker9/materials/textures
copying cartographer_config/f110_description/models/ar_tags/marker9/materials/textures/Marker9.png -> /home/oem/sim_ws/install/f110_cartographer_ros2/share/f110_cartographer_ros2/cartographer_config/f110_description/models/ar_tags/marker9/materials/textures
creating /home/oem/sim_ws/install/f110_cartographer_ros2/share/f110_cartographer_ros2/cartographer_config/f110_description/models/ar_tags/marker7
copying cartographer_config/f110_description/models/ar_tags/marker7/model.sdf -> /home/oem/sim_ws/install/f110_cartographer_ros2/share/f110_cartographer_ros2/cartographer_config/f110_description/models/ar_tags/marker7
copying cartographer_config/f110_description/models/ar_tags/marker7/model-1_5.sdf -> /home/oem/sim_ws/install/f110_cartographer_ros2/share/f110_cartographer_ros2/cartographer_config/f110_description/models/ar_tags/marker7
copying cartographer_config/f110_description/models/ar_tags/marker7/model-1_4.sdf -> /home/oem/sim_ws/install/f110_cartographer_ros2/share/f110_cartographer_ros2/cartographer_config/f110_description/models/ar_tags/marker7
copying cartographer_config/f110_description/models/ar_tags/marker7/model.config -> /home/oem/sim_ws/install/f110_cartographer_ros2/share/f110_cartographer_ros2/cartographer_config/f110_description/models/ar_tags/marker7
creating /home/oem/sim_ws/install/f110_cartographer_ros2/share/f110_cartographer_ros2/cartographer_config/f110_description/models/ar_tags/marker7/marker0
copying cartographer_config/f110_description/models/ar_tags/marker7/marker0/model-1_5.sdf -> /home/oem/sim_ws/install/f110_cartographer_ros2/share/f110_cartographer_ros2/cartographer_config/f110_description/models/ar_tags/marker7/marker0
copying cartographer_config/f110_description/models/ar_tags/marker7/marker0/model.config -> /home/oem/sim_ws/install/f110_cartographer_ros2/share/f110_cartographer_ros2/cartographer_config/f110_description/models/ar_tags/marker7/marker0
creating /home/oem/sim_ws/install/f110_cartographer_ros2/share/f110_cartographer_ros2/cartographer_config/f110_description/models/ar_tags/marker7/marker0/marker0
copying cartographer_config/f110_description/models/ar_tags/marker7/marker0/marker0/model-1_5.sdf -> /home/oem/sim_ws/install/f110_cartographer_ros2/share/f110_cartographer_ros2/cartographer_config/f110_description/models/ar_tags/marker7/marker0/marker0
copying cartographer_config/f110_description/models/ar_tags/marker7/marker0/marker0/model.config -> /home/oem/sim_ws/install/f110_cartographer_ros2/share/f110_cartographer_ros2/cartographer_config/f110_description/models/ar_tags/marker7/marker0/marker0
creating /home/oem/sim_ws/install/f110_cartographer_ros2/share/f110_cartographer_ros2/cartographer_config/f110_description/models/ar_tags/marker7/meshes
copying cartographer_config/f110_description/models/ar_tags/marker7/meshes/Marker7.dae -> /home/oem/sim_ws/install/f110_cartographer_ros2/share/f110_cartographer_ros2/cartographer_config/f110_description/models/ar_tags/marker7/meshes
creating /home/oem/sim_ws/install/f110_cartographer_ros2/share/f110_cartographer_ros2/cartographer_config/f110_description/models/ar_tags/marker7/materials
creating /home/oem/sim_ws/install/f110_cartographer_ros2/share/f110_cartographer_ros2/cartographer_config/f110_description/models/ar_tags/marker7/materials/textures
copying cartographer_config/f110_description/models/ar_tags/marker7/materials/textures/Marker7.png -> /home/oem/sim_ws/install/f110_cartographer_ros2/share/f110_cartographer_ros2/cartographer_config/f110_description/models/ar_tags/marker7/materials/textures
creating /home/oem/sim_ws/install/f110_cartographer_ros2/share/f110_cartographer_ros2/cartographer_config/f110_description/models/ar_tags/marker1
copying cartographer_config/f110_description/models/ar_tags/marker1/model.sdf -> /home/oem/sim_ws/install/f110_cartographer_ros2/share/f110_cartographer_ros2/cartographer_config/f110_description/models/ar_tags/marker1
copying cartographer_config/f110_description/models/ar_tags/marker1/model-1_5.sdf -> /home/oem/sim_ws/install/f110_cartographer_ros2/share/f110_cartographer_ros2/cartographer_config/f110_description/models/ar_tags/marker1
copying cartographer_config/f110_description/models/ar_tags/marker1/model-1_4.sdf -> /home/oem/sim_ws/install/f110_cartographer_ros2/share/f110_cartographer_ros2/cartographer_config/f110_description/models/ar_tags/marker1
copying cartographer_config/f110_description/models/ar_tags/marker1/model.config -> /home/oem/sim_ws/install/f110_cartographer_ros2/share/f110_cartographer_ros2/cartographer_config/f110_description/models/ar_tags/marker1
creating /home/oem/sim_ws/install/f110_cartographer_ros2/share/f110_cartographer_ros2/cartographer_config/f110_description/models/ar_tags/marker1/marker0
copying cartographer_config/f110_description/models/ar_tags/marker1/marker0/model-1_5.sdf -> /home/oem/sim_ws/install/f110_cartographer_ros2/share/f110_cartographer_ros2/cartographer_config/f110_description/models/ar_tags/marker1/marker0
copying cartographer_config/f110_description/models/ar_tags/marker1/marker0/model.config -> /home/oem/sim_ws/install/f110_cartographer_ros2/share/f110_cartographer_ros2/cartographer_config/f110_description/models/ar_tags/marker1/marker0
creating /home/oem/sim_ws/install/f110_cartographer_ros2/share/f110_cartographer_ros2/cartographer_config/f110_description/models/ar_tags/marker1/marker0/marker0
copying cartographer_config/f110_description/models/ar_tags/marker1/marker0/marker0/model-1_5.sdf -> /home/oem/sim_ws/install/f110_cartographer_ros2/share/f110_cartographer_ros2/cartographer_config/f110_description/models/ar_tags/marker1/marker0/marker0
copying cartographer_config/f110_description/models/ar_tags/marker1/marker0/marker0/model.config -> /home/oem/sim_ws/install/f110_cartographer_ros2/share/f110_cartographer_ros2/cartographer_config/f110_description/models/ar_tags/marker1/marker0/marker0
creating /home/oem/sim_ws/install/f110_cartographer_ros2/share/f110_cartographer_ros2/cartographer_config/f110_description/models/ar_tags/marker1/meshes
copying cartographer_config/f110_description/models/ar_tags/marker1/meshes/Marker1.dae -> /home/oem/sim_ws/install/f110_cartographer_ros2/share/f110_cartographer_ros2/cartographer_config/f110_description/models/ar_tags/marker1/meshes
creating /home/oem/sim_ws/install/f110_cartographer_ros2/share/f110_cartographer_ros2/cartographer_config/f110_description/models/ar_tags/marker1/materials
creating /home/oem/sim_ws/install/f110_cartographer_ros2/share/f110_cartographer_ros2/cartographer_config/f110_description/models/ar_tags/marker1/materials/textures
copying cartographer_config/f110_description/models/ar_tags/marker1/materials/textures/Marker1.png -> /home/oem/sim_ws/install/f110_cartographer_ros2/share/f110_cartographer_ros2/cartographer_config/f110_description/models/ar_tags/marker1/materials/textures
creating /home/oem/sim_ws/install/f110_cartographer_ros2/share/f110_cartographer_ros2/cartographer_config/f110_description/models/ar_tags/marker3
copying cartographer_config/f110_description/models/ar_tags/marker3/model.sdf -> /home/oem/sim_ws/install/f110_cartographer_ros2/share/f110_cartographer_ros2/cartographer_config/f110_description/models/ar_tags/marker3
copying cartographer_config/f110_description/models/ar_tags/marker3/model-1_5.sdf -> /home/oem/sim_ws/install/f110_cartographer_ros2/share/f110_cartographer_ros2/cartographer_config/f110_description/models/ar_tags/marker3
copying cartographer_config/f110_description/models/ar_tags/marker3/model-1_4.sdf -> /home/oem/sim_ws/install/f110_cartographer_ros2/share/f110_cartographer_ros2/cartographer_config/f110_description/models/ar_tags/marker3
copying cartographer_config/f110_description/models/ar_tags/marker3/model.config -> /home/oem/sim_ws/install/f110_cartographer_ros2/share/f110_cartographer_ros2/cartographer_config/f110_description/models/ar_tags/marker3
creating /home/oem/sim_ws/install/f110_cartographer_ros2/share/f110_cartographer_ros2/cartographer_config/f110_description/models/ar_tags/marker3/marker0
copying cartographer_config/f110_description/models/ar_tags/marker3/marker0/model-1_5.sdf -> /home/oem/sim_ws/install/f110_cartographer_ros2/share/f110_cartographer_ros2/cartographer_config/f110_description/models/ar_tags/marker3/marker0
copying cartographer_config/f110_description/models/ar_tags/marker3/marker0/model.config -> /home/oem/sim_ws/install/f110_cartographer_ros2/share/f110_cartographer_ros2/cartographer_config/f110_description/models/ar_tags/marker3/marker0
creating /home/oem/sim_ws/install/f110_cartographer_ros2/share/f110_cartographer_ros2/cartographer_config/f110_description/models/ar_tags/marker3/marker0/marker0
copying cartographer_config/f110_description/models/ar_tags/marker3/marker0/marker0/model-1_5.sdf -> /home/oem/sim_ws/install/f110_cartographer_ros2/share/f110_cartographer_ros2/cartographer_config/f110_description/models/ar_tags/marker3/marker0/marker0
copying cartographer_config/f110_description/models/ar_tags/marker3/marker0/marker0/model.config -> /home/oem/sim_ws/install/f110_cartographer_ros2/share/f110_cartographer_ros2/cartographer_config/f110_description/models/ar_tags/marker3/marker0/marker0
creating /home/oem/sim_ws/install/f110_cartographer_ros2/share/f110_cartographer_ros2/cartographer_config/f110_description/models/ar_tags/marker3/meshes
copying cartographer_config/f110_description/models/ar_tags/marker3/meshes/Marker3.dae -> /home/oem/sim_ws/install/f110_cartographer_ros2/share/f110_cartographer_ros2/cartographer_config/f110_description/models/ar_tags/marker3/meshes
creating /home/oem/sim_ws/install/f110_cartographer_ros2/share/f110_cartographer_ros2/cartographer_config/f110_description/models/ar_tags/marker3/materials
creating /home/oem/sim_ws/install/f110_cartographer_ros2/share/f110_cartographer_ros2/cartographer_config/f110_description/models/ar_tags/marker3/materials/textures
copying cartographer_config/f110_description/models/ar_tags/marker3/materials/textures/Marker3.png -> /home/oem/sim_ws/install/f110_cartographer_ros2/share/f110_cartographer_ros2/cartographer_config/f110_description/models/ar_tags/marker3/materials/textures
creating /home/oem/sim_ws/install/f110_cartographer_ros2/share/f110_cartographer_ros2/cartographer_config/f110_description/models/ar_tags/marker5
copying cartographer_config/f110_description/models/ar_tags/marker5/model.sdf -> /home/oem/sim_ws/install/f110_cartographer_ros2/share/f110_cartographer_ros2/cartographer_config/f110_description/models/ar_tags/marker5
copying cartographer_config/f110_description/models/ar_tags/marker5/model-1_5.sdf -> /home/oem/sim_ws/install/f110_cartographer_ros2/share/f110_cartographer_ros2/cartographer_config/f110_description/models/ar_tags/marker5
copying cartographer_config/f110_description/models/ar_tags/marker5/model-1_4.sdf -> /home/oem/sim_ws/install/f110_cartographer_ros2/share/f110_cartographer_ros2/cartographer_config/f110_description/models/ar_tags/marker5
copying cartographer_config/f110_description/models/ar_tags/marker5/model.config -> /home/oem/sim_ws/install/f110_cartographer_ros2/share/f110_cartographer_ros2/cartographer_config/f110_description/models/ar_tags/marker5
creating /home/oem/sim_ws/install/f110_cartographer_ros2/share/f110_cartographer_ros2/cartographer_config/f110_description/models/ar_tags/marker5/marker0
copying cartographer_config/f110_description/models/ar_tags/marker5/marker0/model-1_5.sdf -> /home/oem/sim_ws/install/f110_cartographer_ros2/share/f110_cartographer_ros2/cartographer_config/f110_description/models/ar_tags/marker5/marker0
copying cartographer_config/f110_description/models/ar_tags/marker5/marker0/model.config -> /home/oem/sim_ws/install/f110_cartographer_ros2/share/f110_cartographer_ros2/cartographer_config/f110_description/models/ar_tags/marker5/marker0
creating /home/oem/sim_ws/install/f110_cartographer_ros2/share/f110_cartographer_ros2/cartographer_config/f110_description/models/ar_tags/marker5/marker0/marker0
copying cartographer_config/f110_description/models/ar_tags/marker5/marker0/marker0/model-1_5.sdf -> /home/oem/sim_ws/install/f110_cartographer_ros2/share/f110_cartographer_ros2/cartographer_config/f110_description/models/ar_tags/marker5/marker0/marker0
copying cartographer_config/f110_description/models/ar_tags/marker5/marker0/marker0/model.config -> /home/oem/sim_ws/install/f110_cartographer_ros2/share/f110_cartographer_ros2/cartographer_config/f110_description/models/ar_tags/marker5/marker0/marker0
creating /home/oem/sim_ws/install/f110_cartographer_ros2/share/f110_cartographer_ros2/cartographer_config/f110_description/models/ar_tags/marker5/meshes
copying cartographer_config/f110_description/models/ar_tags/marker5/meshes/Marker5.dae -> /home/oem/sim_ws/install/f110_cartographer_ros2/share/f110_cartographer_ros2/cartographer_config/f110_description/models/ar_tags/marker5/meshes
creating /home/oem/sim_ws/install/f110_cartographer_ros2/share/f110_cartographer_ros2/cartographer_config/f110_description/models/ar_tags/marker5/materials
creating /home/oem/sim_ws/install/f110_cartographer_ros2/share/f110_cartographer_ros2/cartographer_config/f110_description/models/ar_tags/marker5/materials/textures
copying cartographer_config/f110_description/models/ar_tags/marker5/materials/textures/Marker5.png -> /home/oem/sim_ws/install/f110_cartographer_ros2/share/f110_cartographer_ros2/cartographer_config/f110_description/models/ar_tags/marker5/materials/textures
creating /home/oem/sim_ws/install/f110_cartographer_ros2/share/f110_cartographer_ros2/cartographer_config/f110_description/models/ar_tags/marker8
copying cartographer_config/f110_description/models/ar_tags/marker8/model.sdf -> /home/oem/sim_ws/install/f110_cartographer_ros2/share/f110_cartographer_ros2/cartographer_config/f110_description/models/ar_tags/marker8
copying cartographer_config/f110_description/models/ar_tags/marker8/model-1_5.sdf -> /home/oem/sim_ws/install/f110_cartographer_ros2/share/f110_cartographer_ros2/cartographer_config/f110_description/models/ar_tags/marker8
copying cartographer_config/f110_description/models/ar_tags/marker8/model-1_4.sdf -> /home/oem/sim_ws/install/f110_cartographer_ros2/share/f110_cartographer_ros2/cartographer_config/f110_description/models/ar_tags/marker8
copying cartographer_config/f110_description/models/ar_tags/marker8/model.config -> /home/oem/sim_ws/install/f110_cartographer_ros2/share/f110_cartographer_ros2/cartographer_config/f110_description/models/ar_tags/marker8
creating /home/oem/sim_ws/install/f110_cartographer_ros2/share/f110_cartographer_ros2/cartographer_config/f110_description/models/ar_tags/marker8/marker0
copying cartographer_config/f110_description/models/ar_tags/marker8/marker0/model-1_5.sdf -> /home/oem/sim_ws/install/f110_cartographer_ros2/share/f110_cartographer_ros2/cartographer_config/f110_description/models/ar_tags/marker8/marker0
copying cartographer_config/f110_description/models/ar_tags/marker8/marker0/model.config -> /home/oem/sim_ws/install/f110_cartographer_ros2/share/f110_cartographer_ros2/cartographer_config/f110_description/models/ar_tags/marker8/marker0
creating /home/oem/sim_ws/install/f110_cartographer_ros2/share/f110_cartographer_ros2/cartographer_config/f110_description/models/ar_tags/marker8/marker0/marker0
copying cartographer_config/f110_description/models/ar_tags/marker8/marker0/marker0/model-1_5.sdf -> /home/oem/sim_ws/install/f110_cartographer_ros2/share/f110_cartographer_ros2/cartographer_config/f110_description/models/ar_tags/marker8/marker0/marker0
copying cartographer_config/f110_description/models/ar_tags/marker8/marker0/marker0/model.config -> /home/oem/sim_ws/install/f110_cartographer_ros2/share/f110_cartographer_ros2/cartographer_config/f110_description/models/ar_tags/marker8/marker0/marker0
creating /home/oem/sim_ws/install/f110_cartographer_ros2/share/f110_cartographer_ros2/cartographer_config/f110_description/models/ar_tags/marker8/meshes
copying cartographer_config/f110_description/models/ar_tags/marker8/meshes/Marker8.dae -> /home/oem/sim_ws/install/f110_cartographer_ros2/share/f110_cartographer_ros2/cartographer_config/f110_description/models/ar_tags/marker8/meshes
creating /home/oem/sim_ws/install/f110_cartographer_ros2/share/f110_cartographer_ros2/cartographer_config/f110_description/models/ar_tags/marker8/materials
creating /home/oem/sim_ws/install/f110_cartographer_ros2/share/f110_cartographer_ros2/cartographer_config/f110_description/models/ar_tags/marker8/materials/textures
copying cartographer_config/f110_description/models/ar_tags/marker8/materials/textures/Marker8.png -> /home/oem/sim_ws/install/f110_cartographer_ros2/share/f110_cartographer_ros2/cartographer_config/f110_description/models/ar_tags/marker8/materials/textures
creating /home/oem/sim_ws/install/f110_cartographer_ros2/share/f110_cartographer_ros2/cartographer_config/f110_description/models/cone
copying cartographer_config/f110_description/models/cone/model.sdf -> /home/oem/sim_ws/install/f110_cartographer_ros2/share/f110_cartographer_ros2/cartographer_config/f110_description/models/cone
copying cartographer_config/f110_description/models/cone/model.config -> /home/oem/sim_ws/install/f110_cartographer_ros2/share/f110_cartographer_ros2/cartographer_config/f110_description/models/cone
creating /home/oem/sim_ws/install/f110_cartographer_ros2/share/f110_cartographer_ros2/cartographer_config/f110_description/models/parking_1
copying cartographer_config/f110_description/models/parking_1/model.sdf -> /home/oem/sim_ws/install/f110_cartographer_ros2/share/f110_cartographer_ros2/cartographer_config/f110_description/models/parking_1
copying cartographer_config/f110_description/models/parking_1/model.config -> /home/oem/sim_ws/install/f110_cartographer_ros2/share/f110_cartographer_ros2/cartographer_config/f110_description/models/parking_1
creating /home/oem/sim_ws/install/f110_cartographer_ros2/share/f110_cartographer_ros2/cartographer_config/f110_description/meshes
copying cartographer_config/f110_description/meshes/right_steering_hinge.dae -> /home/oem/sim_ws/install/f110_cartographer_ros2/share/f110_cartographer_ros2/cartographer_config/f110_description/meshes
copying cartographer_config/f110_description/meshes/left_front_wheel.dae -> /home/oem/sim_ws/install/f110_cartographer_ros2/share/f110_cartographer_ros2/cartographer_config/f110_description/meshes
copying cartographer_config/f110_description/meshes/hokuyo.dae -> /home/oem/sim_ws/install/f110_cartographer_ros2/share/f110_cartographer_ros2/cartographer_config/f110_description/meshes
copying cartographer_config/f110_description/meshes/chassis.dae -> /home/oem/sim_ws/install/f110_cartographer_ros2/share/f110_cartographer_ros2/cartographer_config/f110_description/meshes
copying cartographer_config/f110_description/meshes/chassis.STL -> /home/oem/sim_ws/install/f110_cartographer_ros2/share/f110_cartographer_ros2/cartographer_config/f110_description/meshes
copying cartographer_config/f110_description/meshes/cone.dae -> /home/oem/sim_ws/install/f110_cartographer_ros2/share/f110_cartographer_ros2/cartographer_config/f110_description/meshes
copying cartographer_config/f110_description/meshes/walker_racecourse.dae -> /home/oem/sim_ws/install/f110_cartographer_ros2/share/f110_cartographer_ros2/cartographer_config/f110_description/meshes
copying cartographer_config/f110_description/meshes/left_steering_hinge.dae -> /home/oem/sim_ws/install/f110_cartographer_ros2/share/f110_cartographer_ros2/cartographer_config/f110_description/meshes
copying cartographer_config/f110_description/meshes/right_rear_wheel.STL -> /home/oem/sim_ws/install/f110_cartographer_ros2/share/f110_cartographer_ros2/cartographer_config/f110_description/meshes
copying cartographer_config/f110_description/meshes/left_rear_wheel.STL -> /home/oem/sim_ws/install/f110_cartographer_ros2/share/f110_cartographer_ros2/cartographer_config/f110_description/meshes
copying cartographer_config/f110_description/meshes/left_rear_wheel.dae -> /home/oem/sim_ws/install/f110_cartographer_ros2/share/f110_cartographer_ros2/cartographer_config/f110_description/meshes
copying cartographer_config/f110_description/meshes/left_front_wheel.STL -> /home/oem/sim_ws/install/f110_cartographer_ros2/share/f110_cartographer_ros2/cartographer_config/f110_description/meshes
copying cartographer_config/f110_description/meshes/right_front_wheel.dae -> /home/oem/sim_ws/install/f110_cartographer_ros2/share/f110_cartographer_ros2/cartographer_config/f110_description/meshes
copying cartographer_config/f110_description/meshes/right_steering_hinge.STL -> /home/oem/sim_ws/install/f110_cartographer_ros2/share/f110_cartographer_ros2/cartographer_config/f110_description/meshes
copying cartographer_config/f110_description/meshes/right_front_wheel.STL -> /home/oem/sim_ws/install/f110_cartographer_ros2/share/f110_cartographer_ros2/cartographer_config/f110_description/meshes
copying cartographer_config/f110_description/meshes/parking_1.dae -> /home/oem/sim_ws/install/f110_cartographer_ros2/share/f110_cartographer_ros2/cartographer_config/f110_description/meshes
copying cartographer_config/f110_description/meshes/right_rear_wheel.dae -> /home/oem/sim_ws/install/f110_cartographer_ros2/share/f110_cartographer_ros2/cartographer_config/f110_description/meshes
copying cartographer_config/f110_description/meshes/left_steering_hinge.STL -> /home/oem/sim_ws/install/f110_cartographer_ros2/share/f110_cartographer_ros2/cartographer_config/f110_description/meshes
creating /home/oem/sim_ws/install/f110_cartographer_ros2/share/f110_cartographer_ros2/cartographer_config/f110_description/urdf
copying cartographer_config/f110_description/urdf/materials.xacro -> /home/oem/sim_ws/install/f110_cartographer_ros2/share/f110_cartographer_ros2/cartographer_config/f110_description/urdf
copying cartographer_config/f110_description/urdf/macros.xacro -> /home/oem/sim_ws/install/f110_cartographer_ros2/share/f110_cartographer_ros2/cartographer_config/f110_description/urdf
copying cartographer_config/f110_description/urdf/racecar.gazebo -> /home/oem/sim_ws/install/f110_cartographer_ros2/share/f110_cartographer_ros2/cartographer_config/f110_description/urdf
copying cartographer_config/f110_description/urdf/racecar.xacro -> /home/oem/sim_ws/install/f110_cartographer_ros2/share/f110_cartographer_ros2/cartographer_config/f110_description/urdf
copying cartographer_config/f110_description/urdf/F110.xacro -> /home/oem/sim_ws/install/f110_cartographer_ros2/share/f110_cartographer_ros2/cartographer_config/f110_description/urdf
running install_egg_info
Copying ../../build/f110_cartographer_ros2/f110_cartographer_ros2.egg-info to /home/oem/sim_ws/install/f110_cartographer_ros2/lib/python3.8/site-packages/f110_cartographer_ros2-0.0.0-py3.8.egg-info
running install_scripts
writing list of installed files to '/home/oem/sim_ws/build/f110_cartographer_ros2/install.log'
