[2.278s] Invoking command in '/home/oem/sim_ws/src/f110_cartographer_ros2': PYTHONPATH=/home/oem/sim_ws/build/f110_cartographer_ros2/prefix_override:/home/oem/sim_ws/install/f110_cartographer_ros2/lib/python3.8/site-packages:${PYTHONPATH} /usr/bin/python3 setup.py egg_info --egg-base ../../build/f110_cartographer_ros2 build --build-base /home/oem/sim_ws/build/f110_cartographer_ros2/build install --record /home/oem/sim_ws/build/f110_cartographer_ros2/install.log --single-version-externally-managed
[2.448s] running egg_info
[2.448s] creating ../../build/f110_cartographer_ros2/f110_cartographer_ros2.egg-info
[2.448s] writing ../../build/f110_cartographer_ros2/f110_cartographer_ros2.egg-info/PKG-INFO
[2.448s] writing dependency_links to ../../build/f110_cartographer_ros2/f110_cartographer_ros2.egg-info/dependency_links.txt
[2.448s] writing entry points to ../../build/f110_cartographer_ros2/f110_cartographer_ros2.egg-info/entry_points.txt
[2.449s] writing requirements to ../../build/f110_cartographer_ros2/f110_cartographer_ros2.egg-info/requires.txt
[2.449s] writing top-level names to ../../build/f110_cartographer_ros2/f110_cartographer_ros2.egg-info/top_level.txt
[2.450s] writing manifest file '../../build/f110_cartographer_ros2/f110_cartographer_ros2.egg-info/SOURCES.txt'
[2.479s] reading manifest file '../../build/f110_cartographer_ros2/f110_cartographer_ros2.egg-info/SOURCES.txt'
[2.481s] writing manifest file '../../build/f110_cartographer_ros2/f110_cartographer_ros2.egg-info/SOURCES.txt'
[2.481s] running build
[2.481s] running build_py
[2.481s] creating /home/oem/sim_ws/build/f110_cartographer_ros2/build
[2.481s] creating /home/oem/sim_ws/build/f110_cartographer_ros2/build/lib
[2.481s] creating /home/oem/sim_ws/build/f110_cartographer_ros2/build/lib/f110_cartographer_ros2
[2.481s] copying f110_cartographer_ros2/__init__.py -> /home/oem/sim_ws/build/f110_cartographer_ros2/build/lib/f110_cartographer_ros2
[2.482s] running install
[2.482s] running install_lib
[2.483s] creating /home/oem/sim_ws/install/f110_cartographer_ros2/lib/python3.8/site-packages/f110_cartographer_ros2
[2.483s] copying /home/oem/sim_ws/build/f110_cartographer_ros2/build/lib/f110_cartographer_ros2/__init__.py -> /home/oem/sim_ws/install/f110_cartographer_ros2/lib/python3.8/site-packages/f110_cartographer_ros2
[2.483s] byte-compiling /home/oem/sim_ws/install/f110_cartographer_ros2/lib/python3.8/site-packages/f110_cartographer_ros2/__init__.py to __init__.cpython-38.pyc
[2.484s] running install_data
[2.484s] creating /home/oem/sim_ws/install/f110_cartographer_ros2/share/ament_index
[2.484s] creating /home/oem/sim_ws/install/f110_cartographer_ros2/share/ament_index/resource_index
[2.484s] creating /home/oem/sim_ws/install/f110_cartographer_ros2/share/ament_index/resource_index/packages
[2.484s] copying resource/f110_cartographer_ros2 -> /home/oem/sim_ws/install/f110_cartographer_ros2/share/ament_index/resource_index/packages
[2.485s] copying package.xml -> /home/oem/sim_ws/install/f110_cartographer_ros2/share/f110_cartographer_ros2
[2.485s] creating /home/oem/sim_ws/install/f110_cartographer_ros2/share/f110_cartographer_ros2/launch
[2.485s] copying launch/occupancy_grid.launch.py -> /home/oem/sim_ws/install/f110_cartographer_ros2/share/f110_cartographer_ros2/launch/
[2.485s] copying launch/cartographer.launch.py -> /home/oem/sim_ws/install/f110_cartographer_ros2/share/f110_cartographer_ros2/launch/
[2.485s] creating /home/oem/sim_ws/install/f110_cartographer_ros2/share/f110_cartographer_ros2/cartographer_config
[2.485s] copying cartographer_config/README.md -> /home/oem/sim_ws/install/f110_cartographer_ros2/share/f110_cartographer_ros2/cartographer_config/
[2.485s] copying cartographer_config/f110_2d.rviz -> /home/oem/sim_ws/install/f110_cartographer_ros2/share/f110_cartographer_ros2/cartographer_config/
[2.485s] copying cartographer_config/f110_2d.launch -> /home/oem/sim_ws/install/f110_cartographer_ros2/share/f110_cartographer_ros2/cartographer_config/
[2.485s] copying cartographer_config/f110_2d.lua -> /home/oem/sim_ws/install/f110_cartographer_ros2/share/f110_cartographer_ros2/cartographer_config/
[2.485s] copying cartographer_config/f110_2d_viz.launch -> /home/oem/sim_ws/install/f110_cartographer_ros2/share/f110_cartographer_ros2/cartographer_config/
[2.485s] creating /home/oem/sim_ws/install/f110_cartographer_ros2/share/f110_cartographer_ros2/cartographer_config/f110_description
[2.485s] copying cartographer_config/f110_description/CMakeLists.txt -> /home/oem/sim_ws/install/f110_cartographer_ros2/share/f110_cartographer_ros2/cartographer_config/f110_description
[2.486s] copying cartographer_config/f110_description/package.xml -> /home/oem/sim_ws/install/f110_cartographer_ros2/share/f110_cartographer_ros2/cartographer_config/f110_description
[2.486s] creating /home/oem/sim_ws/install/f110_cartographer_ros2/share/f110_cartographer_ros2/cartographer_config/f110_description/models
[2.486s] creating /home/oem/sim_ws/install/f110_cartographer_ros2/share/f110_cartographer_ros2/cartographer_config/f110_description/models/MIT_Tunnel
[2.486s] copying cartographer_config/f110_description/models/MIT_Tunnel/model.sdf -> /home/oem/sim_ws/install/f110_cartographer_ros2/share/f110_cartographer_ros2/cartographer_config/f110_description/models/MIT_Tunnel
[2.486s] copying cartographer_config/f110_description/models/MIT_Tunnel/model.config -> /home/oem/sim_ws/install/f110_cartographer_ros2/share/f110_cartographer_ros2/cartographer_config/f110_description/models/MIT_Tunnel
[2.486s] creating /home/oem/sim_ws/install/f110_cartographer_ros2/share/f110_cartographer_ros2/cartographer_config/f110_description/models/walker_racecourse
[2.486s] copying cartographer_config/f110_description/models/walker_racecourse/model.sdf -> /home/oem/sim_ws/install/f110_cartographer_ros2/share/f110_cartographer_ros2/cartographer_config/f110_description/models/walker_racecourse
[2.486s] copying cartographer_config/f110_description/models/walker_racecourse/model.config -> /home/oem/sim_ws/install/f110_cartographer_ros2/share/f110_cartographer_ros2/cartographer_config/f110_description/models/walker_racecourse
[2.486s] creating /home/oem/sim_ws/install/f110_cartographer_ros2/share/f110_cartographer_ros2/cartographer_config/f110_description/models/ar_tags
[2.486s] creating /home/oem/sim_ws/install/f110_cartographer_ros2/share/f110_cartographer_ros2/cartographer_config/f110_description/models/ar_tags/marker4
[2.486s] copying cartographer_config/f110_description/models/ar_tags/marker4/model.sdf -> /home/oem/sim_ws/install/f110_cartographer_ros2/share/f110_cartographer_ros2/cartographer_config/f110_description/models/ar_tags/marker4
[2.486s] copying cartographer_config/f110_description/models/ar_tags/marker4/model-1_5.sdf -> /home/oem/sim_ws/install/f110_cartographer_ros2/share/f110_cartographer_ros2/cartographer_config/f110_description/models/ar_tags/marker4
[2.486s] copying cartographer_config/f110_description/models/ar_tags/marker4/model-1_4.sdf -> /home/oem/sim_ws/install/f110_cartographer_ros2/share/f110_cartographer_ros2/cartographer_config/f110_description/models/ar_tags/marker4
[2.486s] copying cartographer_config/f110_description/models/ar_tags/marker4/model.config -> /home/oem/sim_ws/install/f110_cartographer_ros2/share/f110_cartographer_ros2/cartographer_config/f110_description/models/ar_tags/marker4
[2.486s] creating /home/oem/sim_ws/install/f110_cartographer_ros2/share/f110_cartographer_ros2/cartographer_config/f110_description/models/ar_tags/marker4/marker0
[2.487s] copying cartographer_config/f110_description/models/ar_tags/marker4/marker0/model-1_5.sdf -> /home/oem/sim_ws/install/f110_cartographer_ros2/share/f110_cartographer_ros2/cartographer_config/f110_description/models/ar_tags/marker4/marker0
[2.487s] copying cartographer_config/f110_description/models/ar_tags/marker4/marker0/model.config -> /home/oem/sim_ws/install/f110_cartographer_ros2/share/f110_cartographer_ros2/cartographer_config/f110_description/models/ar_tags/marker4/marker0
[2.487s] creating /home/oem/sim_ws/install/f110_cartographer_ros2/share/f110_cartographer_ros2/cartographer_config/f110_description/models/ar_tags/marker4/marker0/marker0
[2.487s] copying cartographer_config/f110_description/models/ar_tags/marker4/marker0/marker0/model-1_5.sdf -> /home/oem/sim_ws/install/f110_cartographer_ros2/share/f110_cartographer_ros2/cartographer_config/f110_description/models/ar_tags/marker4/marker0/marker0
[2.487s] copying cartographer_config/f110_description/models/ar_tags/marker4/marker0/marker0/model.config -> /home/oem/sim_ws/install/f110_cartographer_ros2/share/f110_cartographer_ros2/cartographer_config/f110_description/models/ar_tags/marker4/marker0/marker0
[2.487s] creating /home/oem/sim_ws/install/f110_cartographer_ros2/share/f110_cartographer_ros2/cartographer_config/f110_description/models/ar_tags/marker4/meshes
[2.487s] copying cartographer_config/f110_description/models/ar_tags/marker4/meshes/Marker4.dae -> /home/oem/sim_ws/install/f110_cartographer_ros2/share/f110_cartographer_ros2/cartographer_config/f110_description/models/ar_tags/marker4/meshes
[2.487s] creating /home/oem/sim_ws/install/f110_cartographer_ros2/share/f110_cartographer_ros2/cartographer_config/f110_description/models/ar_tags/marker4/materials
[2.487s] creating /home/oem/sim_ws/install/f110_cartographer_ros2/share/f110_cartographer_ros2/cartographer_config/f110_description/models/ar_tags/marker4/materials/textures
[2.487s] copying cartographer_config/f110_description/models/ar_tags/marker4/materials/textures/Marker4.png -> /home/oem/sim_ws/install/f110_cartographer_ros2/share/f110_cartographer_ros2/cartographer_config/f110_description/models/ar_tags/marker4/materials/textures
[2.487s] creating /home/oem/sim_ws/install/f110_cartographer_ros2/share/f110_cartographer_ros2/cartographer_config/f110_description/models/ar_tags/marker13
[2.487s] copying cartographer_config/f110_description/models/ar_tags/marker13/model.sdf -> /home/oem/sim_ws/install/f110_cartographer_ros2/share/f110_cartographer_ros2/cartographer_config/f110_description/models/ar_tags/marker13
[2.487s] copying cartographer_config/f110_description/models/ar_tags/marker13/model-1_5.sdf -> /home/oem/sim_ws/install/f110_cartographer_ros2/share/f110_cartographer_ros2/cartographer_config/f110_description/models/ar_tags/marker13
[2.487s] copying cartographer_config/f110_description/models/ar_tags/marker13/model-1_4.sdf -> /home/oem/sim_ws/install/f110_cartographer_ros2/share/f110_cartographer_ros2/cartographer_config/f110_description/models/ar_tags/marker13
[2.487s] copying cartographer_config/f110_description/models/ar_tags/marker13/model.config -> /home/oem/sim_ws/install/f110_cartographer_ros2/share/f110_cartographer_ros2/cartographer_config/f110_description/models/ar_tags/marker13
[2.488s] creating /home/oem/sim_ws/install/f110_cartographer_ros2/share/f110_cartographer_ros2/cartographer_config/f110_description/models/ar_tags/marker13/marker0
[2.488s] copying cartographer_config/f110_description/models/ar_tags/marker13/marker0/model-1_5.sdf -> /home/oem/sim_ws/install/f110_cartographer_ros2/share/f110_cartographer_ros2/cartographer_config/f110_description/models/ar_tags/marker13/marker0
[2.488s] copying cartographer_config/f110_description/models/ar_tags/marker13/marker0/model.config -> /home/oem/sim_ws/install/f110_cartographer_ros2/share/f110_cartographer_ros2/cartographer_config/f110_description/models/ar_tags/marker13/marker0
[2.488s] creating /home/oem/sim_ws/install/f110_cartographer_ros2/share/f110_cartographer_ros2/cartographer_config/f110_description/models/ar_tags/marker13/marker0/marker0
[2.488s] copying cartographer_config/f110_description/models/ar_tags/marker13/marker0/marker0/model-1_5.sdf -> /home/oem/sim_ws/install/f110_cartographer_ros2/share/f110_cartographer_ros2/cartographer_config/f110_description/models/ar_tags/marker13/marker0/marker0
[2.488s] copying cartographer_config/f110_description/models/ar_tags/marker13/marker0/marker0/model.config -> /home/oem/sim_ws/install/f110_cartographer_ros2/share/f110_cartographer_ros2/cartographer_config/f110_description/models/ar_tags/marker13/marker0/marker0
[2.488s] creating /home/oem/sim_ws/install/f110_cartographer_ros2/share/f110_cartographer_ros2/cartographer_config/f110_description/models/ar_tags/marker13/meshes
[2.488s] copying cartographer_config/f110_description/models/ar_tags/marker13/meshes/Marker13.dae -> /home/oem/sim_ws/install/f110_cartographer_ros2/share/f110_cartographer_ros2/cartographer_config/f110_description/models/ar_tags/marker13/meshes
[2.488s] creating /home/oem/sim_ws/install/f110_cartographer_ros2/share/f110_cartographer_ros2/cartographer_config/f110_description/models/ar_tags/marker13/materials
[2.488s] creating /home/oem/sim_ws/install/f110_cartographer_ros2/share/f110_cartographer_ros2/cartographer_config/f110_description/models/ar_tags/marker13/materials/textures
[2.488s] copying cartographer_config/f110_description/models/ar_tags/marker13/materials/textures/Marker13.png -> /home/oem/sim_ws/install/f110_cartographer_ros2/share/f110_cartographer_ros2/cartographer_config/f110_description/models/ar_tags/marker13/materials/textures
[2.488s] creating /home/oem/sim_ws/install/f110_cartographer_ros2/share/f110_cartographer_ros2/cartographer_config/f110_description/models/ar_tags/marker12
[2.488s] copying cartographer_config/f110_description/models/ar_tags/marker12/model.sdf -> /home/oem/sim_ws/install/f110_cartographer_ros2/share/f110_cartographer_ros2/cartographer_config/f110_description/models/ar_tags/marker12
[2.488s] copying cartographer_config/f110_description/models/ar_tags/marker12/model-1_5.sdf -> /home/oem/sim_ws/install/f110_cartographer_ros2/share/f110_cartographer_ros2/cartographer_config/f110_description/models/ar_tags/marker12
[2.489s] copying cartographer_config/f110_description/models/ar_tags/marker12/model-1_4.sdf -> /home/oem/sim_ws/install/f110_cartographer_ros2/share/f110_cartographer_ros2/cartographer_config/f110_description/models/ar_tags/marker12
[2.489s] copying cartographer_config/f110_description/models/ar_tags/marker12/model.config -> /home/oem/sim_ws/install/f110_cartographer_ros2/share/f110_cartographer_ros2/cartographer_config/f110_description/models/ar_tags/marker12
[2.489s] creating /home/oem/sim_ws/install/f110_cartographer_ros2/share/f110_cartographer_ros2/cartographer_config/f110_description/models/ar_tags/marker12/marker0
[2.489s] copying cartographer_config/f110_description/models/ar_tags/marker12/marker0/model-1_5.sdf -> /home/oem/sim_ws/install/f110_cartographer_ros2/share/f110_cartographer_ros2/cartographer_config/f110_description/models/ar_tags/marker12/marker0
[2.489s] copying cartographer_config/f110_description/models/ar_tags/marker12/marker0/model.config -> /home/oem/sim_ws/install/f110_cartographer_ros2/share/f110_cartographer_ros2/cartographer_config/f110_description/models/ar_tags/marker12/marker0
[2.489s] creating /home/oem/sim_ws/install/f110_cartographer_ros2/share/f110_cartographer_ros2/cartographer_config/f110_description/models/ar_tags/marker12/marker0/marker0
[2.489s] copying cartographer_config/f110_description/models/ar_tags/marker12/marker0/marker0/model-1_5.sdf -> /home/oem/sim_ws/install/f110_cartographer_ros2/share/f110_cartographer_ros2/cartographer_config/f110_description/models/ar_tags/marker12/marker0/marker0
[2.489s] copying cartographer_config/f110_description/models/ar_tags/marker12/marker0/marker0/model.config -> /home/oem/sim_ws/install/f110_cartographer_ros2/share/f110_cartographer_ros2/cartographer_config/f110_description/models/ar_tags/marker12/marker0/marker0
[2.489s] creating /home/oem/sim_ws/install/f110_cartographer_ros2/share/f110_cartographer_ros2/cartographer_config/f110_description/models/ar_tags/marker12/meshes
[2.489s] copying cartographer_config/f110_description/models/ar_tags/marker12/meshes/Marker12.dae -> /home/oem/sim_ws/install/f110_cartographer_ros2/share/f110_cartographer_ros2/cartographer_config/f110_description/models/ar_tags/marker12/meshes
[2.489s] creating /home/oem/sim_ws/install/f110_cartographer_ros2/share/f110_cartographer_ros2/cartographer_config/f110_description/models/ar_tags/marker12/materials
[2.489s] creating /home/oem/sim_ws/install/f110_cartographer_ros2/share/f110_cartographer_ros2/cartographer_config/f110_description/models/ar_tags/marker12/materials/textures
[2.489s] copying cartographer_config/f110_description/models/ar_tags/marker12/materials/textures/Marker12.png -> /home/oem/sim_ws/install/f110_cartographer_ros2/share/f110_cartographer_ros2/cartographer_config/f110_description/models/ar_tags/marker12/materials/textures
[2.489s] creating /home/oem/sim_ws/install/f110_cartographer_ros2/share/f110_cartographer_ros2/cartographer_config/f110_description/models/ar_tags/marker15
[2.489s] copying cartographer_config/f110_description/models/ar_tags/marker15/model.sdf -> /home/oem/sim_ws/install/f110_cartographer_ros2/share/f110_cartographer_ros2/cartographer_config/f110_description/models/ar_tags/marker15
[2.490s] copying cartographer_config/f110_description/models/ar_tags/marker15/model-1_5.sdf -> /home/oem/sim_ws/install/f110_cartographer_ros2/share/f110_cartographer_ros2/cartographer_config/f110_description/models/ar_tags/marker15
[2.490s] copying cartographer_config/f110_description/models/ar_tags/marker15/model-1_4.sdf -> /home/oem/sim_ws/install/f110_cartographer_ros2/share/f110_cartographer_ros2/cartographer_config/f110_description/models/ar_tags/marker15
[2.490s] copying cartographer_config/f110_description/models/ar_tags/marker15/model.config -> /home/oem/sim_ws/install/f110_cartographer_ros2/share/f110_cartographer_ros2/cartographer_config/f110_description/models/ar_tags/marker15
[2.490s] creating /home/oem/sim_ws/install/f110_cartographer_ros2/share/f110_cartographer_ros2/cartographer_config/f110_description/models/ar_tags/marker15/marker0
[2.490s] copying cartographer_config/f110_description/models/ar_tags/marker15/marker0/model-1_5.sdf -> /home/oem/sim_ws/install/f110_cartographer_ros2/share/f110_cartographer_ros2/cartographer_config/f110_description/models/ar_tags/marker15/marker0
[2.490s] copying cartographer_config/f110_description/models/ar_tags/marker15/marker0/model.config -> /home/oem/sim_ws/install/f110_cartographer_ros2/share/f110_cartographer_ros2/cartographer_config/f110_description/models/ar_tags/marker15/marker0
[2.490s] creating /home/oem/sim_ws/install/f110_cartographer_ros2/share/f110_cartographer_ros2/cartographer_config/f110_description/models/ar_tags/marker15/marker0/marker0
[2.490s] copying cartographer_config/f110_description/models/ar_tags/marker15/marker0/marker0/model-1_5.sdf -> /home/oem/sim_ws/install/f110_cartographer_ros2/share/f110_cartographer_ros2/cartographer_config/f110_description/models/ar_tags/marker15/marker0/marker0
[2.490s] copying cartographer_config/f110_description/models/ar_tags/marker15/marker0/marker0/model.config -> /home/oem/sim_ws/install/f110_cartographer_ros2/share/f110_cartographer_ros2/cartographer_config/f110_description/models/ar_tags/marker15/marker0/marker0
[2.490s] creating /home/oem/sim_ws/install/f110_cartographer_ros2/share/f110_cartographer_ros2/cartographer_config/f110_description/models/ar_tags/marker15/meshes
[2.490s] copying cartographer_config/f110_description/models/ar_tags/marker15/meshes/Marker15.dae -> /home/oem/sim_ws/install/f110_cartographer_ros2/share/f110_cartographer_ros2/cartographer_config/f110_description/models/ar_tags/marker15/meshes
[2.490s] creating /home/oem/sim_ws/install/f110_cartographer_ros2/share/f110_cartographer_ros2/cartographer_config/f110_description/models/ar_tags/marker15/materials
[2.490s] creating /home/oem/sim_ws/install/f110_cartographer_ros2/share/f110_cartographer_ros2/cartographer_config/f110_description/models/ar_tags/marker15/materials/textures
[2.491s] copying cartographer_config/f110_description/models/ar_tags/marker15/materials/textures/Marker15.png -> /home/oem/sim_ws/install/f110_cartographer_ros2/share/f110_cartographer_ros2/cartographer_config/f110_description/models/ar_tags/marker15/materials/textures
[2.491s] creating /home/oem/sim_ws/install/f110_cartographer_ros2/share/f110_cartographer_ros2/cartographer_config/f110_description/models/ar_tags/marker10
[2.491s] copying cartographer_config/f110_description/models/ar_tags/marker10/model.sdf -> /home/oem/sim_ws/install/f110_cartographer_ros2/share/f110_cartographer_ros2/cartographer_config/f110_description/models/ar_tags/marker10
[2.491s] copying cartographer_config/f110_description/models/ar_tags/marker10/model-1_5.sdf -> /home/oem/sim_ws/install/f110_cartographer_ros2/share/f110_cartographer_ros2/cartographer_config/f110_description/models/ar_tags/marker10
[2.491s] copying cartographer_config/f110_description/models/ar_tags/marker10/model-1_4.sdf -> /home/oem/sim_ws/install/f110_cartographer_ros2/share/f110_cartographer_ros2/cartographer_config/f110_description/models/ar_tags/marker10
[2.491s] copying cartographer_config/f110_description/models/ar_tags/marker10/model.config -> /home/oem/sim_ws/install/f110_cartographer_ros2/share/f110_cartographer_ros2/cartographer_config/f110_description/models/ar_tags/marker10
[2.491s] creating /home/oem/sim_ws/install/f110_cartographer_ros2/share/f110_cartographer_ros2/cartographer_config/f110_description/models/ar_tags/marker10/marker0
[2.491s] copying cartographer_config/f110_description/models/ar_tags/marker10/marker0/model-1_5.sdf -> /home/oem/sim_ws/install/f110_cartographer_ros2/share/f110_cartographer_ros2/cartographer_config/f110_description/models/ar_tags/marker10/marker0
[2.491s] copying cartographer_config/f110_description/models/ar_tags/marker10/marker0/model.config -> /home/oem/sim_ws/install/f110_cartographer_ros2/share/f110_cartographer_ros2/cartographer_config/f110_description/models/ar_tags/marker10/marker0
[2.491s] creating /home/oem/sim_ws/install/f110_cartographer_ros2/share/f110_cartographer_ros2/cartographer_config/f110_description/models/ar_tags/marker10/marker0/marker0
[2.492s] copying cartographer_config/f110_description/models/ar_tags/marker10/marker0/marker0/model-1_5.sdf -> /home/oem/sim_ws/install/f110_cartographer_ros2/share/f110_cartographer_ros2/cartographer_config/f110_description/models/ar_tags/marker10/marker0/marker0
[2.492s] copying cartographer_config/f110_description/models/ar_tags/marker10/marker0/marker0/model.config -> /home/oem/sim_ws/install/f110_cartographer_ros2/share/f110_cartographer_ros2/cartographer_config/f110_description/models/ar_tags/marker10/marker0/marker0
[2.492s] creating /home/oem/sim_ws/install/f110_cartographer_ros2/share/f110_cartographer_ros2/cartographer_config/f110_description/models/ar_tags/marker10/meshes
[2.492s] copying cartographer_config/f110_description/models/ar_tags/marker10/meshes/Marker10.dae -> /home/oem/sim_ws/install/f110_cartographer_ros2/share/f110_cartographer_ros2/cartographer_config/f110_description/models/ar_tags/marker10/meshes
[2.492s] creating /home/oem/sim_ws/install/f110_cartographer_ros2/share/f110_cartographer_ros2/cartographer_config/f110_description/models/ar_tags/marker10/materials
[2.492s] creating /home/oem/sim_ws/install/f110_cartographer_ros2/share/f110_cartographer_ros2/cartographer_config/f110_description/models/ar_tags/marker10/materials/textures
[2.492s] copying cartographer_config/f110_description/models/ar_tags/marker10/materials/textures/Marker10.png -> /home/oem/sim_ws/install/f110_cartographer_ros2/share/f110_cartographer_ros2/cartographer_config/f110_description/models/ar_tags/marker10/materials/textures
[2.492s] creating /home/oem/sim_ws/install/f110_cartographer_ros2/share/f110_cartographer_ros2/cartographer_config/f110_description/models/ar_tags/marker16
[2.492s] copying cartographer_config/f110_description/models/ar_tags/marker16/model.sdf -> /home/oem/sim_ws/install/f110_cartographer_ros2/share/f110_cartographer_ros2/cartographer_config/f110_description/models/ar_tags/marker16
[2.492s] copying cartographer_config/f110_description/models/ar_tags/marker16/model-1_5.sdf -> /home/oem/sim_ws/install/f110_cartographer_ros2/share/f110_cartographer_ros2/cartographer_config/f110_description/models/ar_tags/marker16
[2.492s] copying cartographer_config/f110_description/models/ar_tags/marker16/model-1_4.sdf -> /home/oem/sim_ws/install/f110_cartographer_ros2/share/f110_cartographer_ros2/cartographer_config/f110_description/models/ar_tags/marker16
[2.492s] copying cartographer_config/f110_description/models/ar_tags/marker16/model.config -> /home/oem/sim_ws/install/f110_cartographer_ros2/share/f110_cartographer_ros2/cartographer_config/f110_description/models/ar_tags/marker16
[2.492s] creating /home/oem/sim_ws/install/f110_cartographer_ros2/share/f110_cartographer_ros2/cartographer_config/f110_description/models/ar_tags/marker16/marker0
[2.493s] copying cartographer_config/f110_description/models/ar_tags/marker16/marker0/model-1_5.sdf -> /home/oem/sim_ws/install/f110_cartographer_ros2/share/f110_cartographer_ros2/cartographer_config/f110_description/models/ar_tags/marker16/marker0
[2.493s] copying cartographer_config/f110_description/models/ar_tags/marker16/marker0/model.config -> /home/oem/sim_ws/install/f110_cartographer_ros2/share/f110_cartographer_ros2/cartographer_config/f110_description/models/ar_tags/marker16/marker0
[2.493s] creating /home/oem/sim_ws/install/f110_cartographer_ros2/share/f110_cartographer_ros2/cartographer_config/f110_description/models/ar_tags/marker16/marker0/marker0
[2.493s] copying cartographer_config/f110_description/models/ar_tags/marker16/marker0/marker0/model-1_5.sdf -> /home/oem/sim_ws/install/f110_cartographer_ros2/share/f110_cartographer_ros2/cartographer_config/f110_description/models/ar_tags/marker16/marker0/marker0
[2.493s] copying cartographer_config/f110_description/models/ar_tags/marker16/marker0/marker0/model.config -> /home/oem/sim_ws/install/f110_cartographer_ros2/share/f110_cartographer_ros2/cartographer_config/f110_description/models/ar_tags/marker16/marker0/marker0
[2.493s] creating /home/oem/sim_ws/install/f110_cartographer_ros2/share/f110_cartographer_ros2/cartographer_config/f110_description/models/ar_tags/marker16/meshes
[2.493s] copying cartographer_config/f110_description/models/ar_tags/marker16/meshes/Marker16.dae -> /home/oem/sim_ws/install/f110_cartographer_ros2/share/f110_cartographer_ros2/cartographer_config/f110_description/models/ar_tags/marker16/meshes
[2.493s] creating /home/oem/sim_ws/install/f110_cartographer_ros2/share/f110_cartographer_ros2/cartographer_config/f110_description/models/ar_tags/marker16/materials
[2.493s] creating /home/oem/sim_ws/install/f110_cartographer_ros2/share/f110_cartographer_ros2/cartographer_config/f110_description/models/ar_tags/marker16/materials/textures
[2.493s] copying cartographer_config/f110_description/models/ar_tags/marker16/materials/textures/Marker16.png -> /home/oem/sim_ws/install/f110_cartographer_ros2/share/f110_cartographer_ros2/cartographer_config/f110_description/models/ar_tags/marker16/materials/textures
[2.493s] creating /home/oem/sim_ws/install/f110_cartographer_ros2/share/f110_cartographer_ros2/cartographer_config/f110_description/models/ar_tags/marker6
[2.493s] copying cartographer_config/f110_description/models/ar_tags/marker6/model.sdf -> /home/oem/sim_ws/install/f110_cartographer_ros2/share/f110_cartographer_ros2/cartographer_config/f110_description/models/ar_tags/marker6
[2.494s] copying cartographer_config/f110_description/models/ar_tags/marker6/model-1_5.sdf -> /home/oem/sim_ws/install/f110_cartographer_ros2/share/f110_cartographer_ros2/cartographer_config/f110_description/models/ar_tags/marker6
[2.494s] copying cartographer_config/f110_description/models/ar_tags/marker6/model-1_4.sdf -> /home/oem/sim_ws/install/f110_cartographer_ros2/share/f110_cartographer_ros2/cartographer_config/f110_description/models/ar_tags/marker6
[2.494s] copying cartographer_config/f110_description/models/ar_tags/marker6/model.config -> /home/oem/sim_ws/install/f110_cartographer_ros2/share/f110_cartographer_ros2/cartographer_config/f110_description/models/ar_tags/marker6
[2.494s] creating /home/oem/sim_ws/install/f110_cartographer_ros2/share/f110_cartographer_ros2/cartographer_config/f110_description/models/ar_tags/marker6/marker0
[2.494s] copying cartographer_config/f110_description/models/ar_tags/marker6/marker0/model-1_5.sdf -> /home/oem/sim_ws/install/f110_cartographer_ros2/share/f110_cartographer_ros2/cartographer_config/f110_description/models/ar_tags/marker6/marker0
[2.494s] copying cartographer_config/f110_description/models/ar_tags/marker6/marker0/model.config -> /home/oem/sim_ws/install/f110_cartographer_ros2/share/f110_cartographer_ros2/cartographer_config/f110_description/models/ar_tags/marker6/marker0
[2.494s] creating /home/oem/sim_ws/install/f110_cartographer_ros2/share/f110_cartographer_ros2/cartographer_config/f110_description/models/ar_tags/marker6/marker0/marker0
[2.494s] copying cartographer_config/f110_description/models/ar_tags/marker6/marker0/marker0/model-1_5.sdf -> /home/oem/sim_ws/install/f110_cartographer_ros2/share/f110_cartographer_ros2/cartographer_config/f110_description/models/ar_tags/marker6/marker0/marker0
[2.494s] copying cartographer_config/f110_description/models/ar_tags/marker6/marker0/marker0/model.config -> /home/oem/sim_ws/install/f110_cartographer_ros2/share/f110_cartographer_ros2/cartographer_config/f110_description/models/ar_tags/marker6/marker0/marker0
[2.494s] creating /home/oem/sim_ws/install/f110_cartographer_ros2/share/f110_cartographer_ros2/cartographer_config/f110_description/models/ar_tags/marker6/meshes
[2.494s] copying cartographer_config/f110_description/models/ar_tags/marker6/meshes/Marker6.dae -> /home/oem/sim_ws/install/f110_cartographer_ros2/share/f110_cartographer_ros2/cartographer_config/f110_description/models/ar_tags/marker6/meshes
[2.494s] creating /home/oem/sim_ws/install/f110_cartographer_ros2/share/f110_cartographer_ros2/cartographer_config/f110_description/models/ar_tags/marker6/materials
[2.494s] creating /home/oem/sim_ws/install/f110_cartographer_ros2/share/f110_cartographer_ros2/cartographer_config/f110_description/models/ar_tags/marker6/materials/textures
[2.494s] copying cartographer_config/f110_description/models/ar_tags/marker6/materials/textures/Marker6.png -> /home/oem/sim_ws/install/f110_cartographer_ros2/share/f110_cartographer_ros2/cartographer_config/f110_description/models/ar_tags/marker6/materials/textures
[2.495s] creating /home/oem/sim_ws/install/f110_cartographer_ros2/share/f110_cartographer_ros2/cartographer_config/f110_description/models/ar_tags/marker14
[2.495s] copying cartographer_config/f110_description/models/ar_tags/marker14/model.sdf -> /home/oem/sim_ws/install/f110_cartographer_ros2/share/f110_cartographer_ros2/cartographer_config/f110_description/models/ar_tags/marker14
[2.495s] copying cartographer_config/f110_description/models/ar_tags/marker14/model-1_5.sdf -> /home/oem/sim_ws/install/f110_cartographer_ros2/share/f110_cartographer_ros2/cartographer_config/f110_description/models/ar_tags/marker14
[2.495s] copying cartographer_config/f110_description/models/ar_tags/marker14/model-1_4.sdf -> /home/oem/sim_ws/install/f110_cartographer_ros2/share/f110_cartographer_ros2/cartographer_config/f110_description/models/ar_tags/marker14
[2.495s] copying cartographer_config/f110_description/models/ar_tags/marker14/model.config -> /home/oem/sim_ws/install/f110_cartographer_ros2/share/f110_cartographer_ros2/cartographer_config/f110_description/models/ar_tags/marker14
[2.495s] creating /home/oem/sim_ws/install/f110_cartographer_ros2/share/f110_cartographer_ros2/cartographer_config/f110_description/models/ar_tags/marker14/marker0
[2.495s] copying cartographer_config/f110_description/models/ar_tags/marker14/marker0/model-1_5.sdf -> /home/oem/sim_ws/install/f110_cartographer_ros2/share/f110_cartographer_ros2/cartographer_config/f110_description/models/ar_tags/marker14/marker0
[2.495s] copying cartographer_config/f110_description/models/ar_tags/marker14/marker0/model.config -> /home/oem/sim_ws/install/f110_cartographer_ros2/share/f110_cartographer_ros2/cartographer_config/f110_description/models/ar_tags/marker14/marker0
[2.495s] creating /home/oem/sim_ws/install/f110_cartographer_ros2/share/f110_cartographer_ros2/cartographer_config/f110_description/models/ar_tags/marker14/marker0/marker0
[2.495s] copying cartographer_config/f110_description/models/ar_tags/marker14/marker0/marker0/model-1_5.sdf -> /home/oem/sim_ws/install/f110_cartographer_ros2/share/f110_cartographer_ros2/cartographer_config/f110_description/models/ar_tags/marker14/marker0/marker0
[2.495s] copying cartographer_config/f110_description/models/ar_tags/marker14/marker0/marker0/model.config -> /home/oem/sim_ws/install/f110_cartographer_ros2/share/f110_cartographer_ros2/cartographer_config/f110_description/models/ar_tags/marker14/marker0/marker0
[2.495s] creating /home/oem/sim_ws/install/f110_cartographer_ros2/share/f110_cartographer_ros2/cartographer_config/f110_description/models/ar_tags/marker14/meshes
[2.495s] copying cartographer_config/f110_description/models/ar_tags/marker14/meshes/Marker14.dae -> /home/oem/sim_ws/install/f110_cartographer_ros2/share/f110_cartographer_ros2/cartographer_config/f110_description/models/ar_tags/marker14/meshes
[2.495s] creating /home/oem/sim_ws/install/f110_cartographer_ros2/share/f110_cartographer_ros2/cartographer_config/f110_description/models/ar_tags/marker14/materials
[2.496s] creating /home/oem/sim_ws/install/f110_cartographer_ros2/share/f110_cartographer_ros2/cartographer_config/f110_description/models/ar_tags/marker14/materials/textures
[2.496s] copying cartographer_config/f110_description/models/ar_tags/marker14/materials/textures/Marker14.png -> /home/oem/sim_ws/install/f110_cartographer_ros2/share/f110_cartographer_ros2/cartographer_config/f110_description/models/ar_tags/marker14/materials/textures
[2.496s] creating /home/oem/sim_ws/install/f110_cartographer_ros2/share/f110_cartographer_ros2/cartographer_config/f110_description/models/ar_tags/marker17
[2.496s] copying cartographer_config/f110_description/models/ar_tags/marker17/model.sdf -> /home/oem/sim_ws/install/f110_cartographer_ros2/share/f110_cartographer_ros2/cartographer_config/f110_description/models/ar_tags/marker17
[2.496s] copying cartographer_config/f110_description/models/ar_tags/marker17/model-1_5.sdf -> /home/oem/sim_ws/install/f110_cartographer_ros2/share/f110_cartographer_ros2/cartographer_config/f110_description/models/ar_tags/marker17
[2.496s] copying cartographer_config/f110_description/models/ar_tags/marker17/model-1_4.sdf -> /home/oem/sim_ws/install/f110_cartographer_ros2/share/f110_cartographer_ros2/cartographer_config/f110_description/models/ar_tags/marker17
[2.496s] copying cartographer_config/f110_description/models/ar_tags/marker17/model.config -> /home/oem/sim_ws/install/f110_cartographer_ros2/share/f110_cartographer_ros2/cartographer_config/f110_description/models/ar_tags/marker17
[2.496s] creating /home/oem/sim_ws/install/f110_cartographer_ros2/share/f110_cartographer_ros2/cartographer_config/f110_description/models/ar_tags/marker17/marker0
[2.496s] copying cartographer_config/f110_description/models/ar_tags/marker17/marker0/model-1_5.sdf -> /home/oem/sim_ws/install/f110_cartographer_ros2/share/f110_cartographer_ros2/cartographer_config/f110_description/models/ar_tags/marker17/marker0
[2.496s] copying cartographer_config/f110_description/models/ar_tags/marker17/marker0/model.config -> /home/oem/sim_ws/install/f110_cartographer_ros2/share/f110_cartographer_ros2/cartographer_config/f110_description/models/ar_tags/marker17/marker0
[2.496s] creating /home/oem/sim_ws/install/f110_cartographer_ros2/share/f110_cartographer_ros2/cartographer_config/f110_description/models/ar_tags/marker17/marker0/marker0
[2.496s] copying cartographer_config/f110_description/models/ar_tags/marker17/marker0/marker0/model-1_5.sdf -> /home/oem/sim_ws/install/f110_cartographer_ros2/share/f110_cartographer_ros2/cartographer_config/f110_description/models/ar_tags/marker17/marker0/marker0
[2.496s] copying cartographer_config/f110_description/models/ar_tags/marker17/marker0/marker0/model.config -> /home/oem/sim_ws/install/f110_cartographer_ros2/share/f110_cartographer_ros2/cartographer_config/f110_description/models/ar_tags/marker17/marker0/marker0
[2.496s] creating /home/oem/sim_ws/install/f110_cartographer_ros2/share/f110_cartographer_ros2/cartographer_config/f110_description/models/ar_tags/marker17/meshes
[2.497s] copying cartographer_config/f110_description/models/ar_tags/marker17/meshes/Marker17.dae -> /home/oem/sim_ws/install/f110_cartographer_ros2/share/f110_cartographer_ros2/cartographer_config/f110_description/models/ar_tags/marker17/meshes
[2.497s] creating /home/oem/sim_ws/install/f110_cartographer_ros2/share/f110_cartographer_ros2/cartographer_config/f110_description/models/ar_tags/marker17/materials
[2.497s] creating /home/oem/sim_ws/install/f110_cartographer_ros2/share/f110_cartographer_ros2/cartographer_config/f110_description/models/ar_tags/marker17/materials/textures
[2.497s] copying cartographer_config/f110_description/models/ar_tags/marker17/materials/textures/Marker17.png -> /home/oem/sim_ws/install/f110_cartographer_ros2/share/f110_cartographer_ros2/cartographer_config/f110_description/models/ar_tags/marker17/materials/textures
[2.497s] creating /home/oem/sim_ws/install/f110_cartographer_ros2/share/f110_cartographer_ros2/cartographer_config/f110_description/models/ar_tags/marker2
[2.497s] copying cartographer_config/f110_description/models/ar_tags/marker2/model.sdf -> /home/oem/sim_ws/install/f110_cartographer_ros2/share/f110_cartographer_ros2/cartographer_config/f110_description/models/ar_tags/marker2
[2.497s] copying cartographer_config/f110_description/models/ar_tags/marker2/model-1_5.sdf -> /home/oem/sim_ws/install/f110_cartographer_ros2/share/f110_cartographer_ros2/cartographer_config/f110_description/models/ar_tags/marker2
[2.497s] copying cartographer_config/f110_description/models/ar_tags/marker2/model-1_4.sdf -> /home/oem/sim_ws/install/f110_cartographer_ros2/share/f110_cartographer_ros2/cartographer_config/f110_description/models/ar_tags/marker2
[2.497s] copying cartographer_config/f110_description/models/ar_tags/marker2/model.config -> /home/oem/sim_ws/install/f110_cartographer_ros2/share/f110_cartographer_ros2/cartographer_config/f110_description/models/ar_tags/marker2
[2.497s] creating /home/oem/sim_ws/install/f110_cartographer_ros2/share/f110_cartographer_ros2/cartographer_config/f110_description/models/ar_tags/marker2/marker0
[2.497s] copying cartographer_config/f110_description/models/ar_tags/marker2/marker0/model-1_5.sdf -> /home/oem/sim_ws/install/f110_cartographer_ros2/share/f110_cartographer_ros2/cartographer_config/f110_description/models/ar_tags/marker2/marker0
[2.497s] copying cartographer_config/f110_description/models/ar_tags/marker2/marker0/model.config -> /home/oem/sim_ws/install/f110_cartographer_ros2/share/f110_cartographer_ros2/cartographer_config/f110_description/models/ar_tags/marker2/marker0
[2.498s] creating /home/oem/sim_ws/install/f110_cartographer_ros2/share/f110_cartographer_ros2/cartographer_config/f110_description/models/ar_tags/marker2/marker0/marker0
[2.498s] copying cartographer_config/f110_description/models/ar_tags/marker2/marker0/marker0/model-1_5.sdf -> /home/oem/sim_ws/install/f110_cartographer_ros2/share/f110_cartographer_ros2/cartographer_config/f110_description/models/ar_tags/marker2/marker0/marker0
[2.498s] copying cartographer_config/f110_description/models/ar_tags/marker2/marker0/marker0/model.config -> /home/oem/sim_ws/install/f110_cartographer_ros2/share/f110_cartographer_ros2/cartographer_config/f110_description/models/ar_tags/marker2/marker0/marker0
[2.498s] creating /home/oem/sim_ws/install/f110_cartographer_ros2/share/f110_cartographer_ros2/cartographer_config/f110_description/models/ar_tags/marker2/meshes
[2.498s] copying cartographer_config/f110_description/models/ar_tags/marker2/meshes/Marker2.dae -> /home/oem/sim_ws/install/f110_cartographer_ros2/share/f110_cartographer_ros2/cartographer_config/f110_description/models/ar_tags/marker2/meshes
[2.498s] creating /home/oem/sim_ws/install/f110_cartographer_ros2/share/f110_cartographer_ros2/cartographer_config/f110_description/models/ar_tags/marker2/materials
[2.498s] creating /home/oem/sim_ws/install/f110_cartographer_ros2/share/f110_cartographer_ros2/cartographer_config/f110_description/models/ar_tags/marker2/materials/textures
[2.498s] copying cartographer_config/f110_description/models/ar_tags/marker2/materials/textures/Marker2.png -> /home/oem/sim_ws/install/f110_cartographer_ros2/share/f110_cartographer_ros2/cartographer_config/f110_description/models/ar_tags/marker2/materials/textures
[2.498s] creating /home/oem/sim_ws/install/f110_cartographer_ros2/share/f110_cartographer_ros2/cartographer_config/f110_description/models/ar_tags/marker0
[2.498s] copying cartographer_config/f110_description/models/ar_tags/marker0/model.sdf -> /home/oem/sim_ws/install/f110_cartographer_ros2/share/f110_cartographer_ros2/cartographer_config/f110_description/models/ar_tags/marker0
[2.498s] copying cartographer_config/f110_description/models/ar_tags/marker0/model-1_5.sdf -> /home/oem/sim_ws/install/f110_cartographer_ros2/share/f110_cartographer_ros2/cartographer_config/f110_description/models/ar_tags/marker0
[2.498s] copying cartographer_config/f110_description/models/ar_tags/marker0/model-1_4.sdf -> /home/oem/sim_ws/install/f110_cartographer_ros2/share/f110_cartographer_ros2/cartographer_config/f110_description/models/ar_tags/marker0
[2.498s] copying cartographer_config/f110_description/models/ar_tags/marker0/model.config -> /home/oem/sim_ws/install/f110_cartographer_ros2/share/f110_cartographer_ros2/cartographer_config/f110_description/models/ar_tags/marker0
[2.498s] creating /home/oem/sim_ws/install/f110_cartographer_ros2/share/f110_cartographer_ros2/cartographer_config/f110_description/models/ar_tags/marker0/marker0
[2.499s] copying cartographer_config/f110_description/models/ar_tags/marker0/marker0/model-1_5.sdf -> /home/oem/sim_ws/install/f110_cartographer_ros2/share/f110_cartographer_ros2/cartographer_config/f110_description/models/ar_tags/marker0/marker0
[2.499s] copying cartographer_config/f110_description/models/ar_tags/marker0/marker0/model.config -> /home/oem/sim_ws/install/f110_cartographer_ros2/share/f110_cartographer_ros2/cartographer_config/f110_description/models/ar_tags/marker0/marker0
[2.499s] creating /home/oem/sim_ws/install/f110_cartographer_ros2/share/f110_cartographer_ros2/cartographer_config/f110_description/models/ar_tags/marker0/marker0/marker0
[2.499s] copying cartographer_config/f110_description/models/ar_tags/marker0/marker0/marker0/model-1_5.sdf -> /home/oem/sim_ws/install/f110_cartographer_ros2/share/f110_cartographer_ros2/cartographer_config/f110_description/models/ar_tags/marker0/marker0/marker0
[2.499s] copying cartographer_config/f110_description/models/ar_tags/marker0/marker0/marker0/model.config -> /home/oem/sim_ws/install/f110_cartographer_ros2/share/f110_cartographer_ros2/cartographer_config/f110_description/models/ar_tags/marker0/marker0/marker0
[2.499s] creating /home/oem/sim_ws/install/f110_cartographer_ros2/share/f110_cartographer_ros2/cartographer_config/f110_description/models/ar_tags/marker0/meshes
[2.499s] copying cartographer_config/f110_description/models/ar_tags/marker0/meshes/Marker0.dae -> /home/oem/sim_ws/install/f110_cartographer_ros2/share/f110_cartographer_ros2/cartographer_config/f110_description/models/ar_tags/marker0/meshes
[2.499s] creating /home/oem/sim_ws/install/f110_cartographer_ros2/share/f110_cartographer_ros2/cartographer_config/f110_description/models/ar_tags/marker0/materials
[2.499s] creating /home/oem/sim_ws/install/f110_cartographer_ros2/share/f110_cartographer_ros2/cartographer_config/f110_description/models/ar_tags/marker0/materials/textures
[2.499s] copying cartographer_config/f110_description/models/ar_tags/marker0/materials/textures/Marker0.png -> /home/oem/sim_ws/install/f110_cartographer_ros2/share/f110_cartographer_ros2/cartographer_config/f110_description/models/ar_tags/marker0/materials/textures
[2.499s] creating /home/oem/sim_ws/install/f110_cartographer_ros2/share/f110_cartographer_ros2/cartographer_config/f110_description/models/ar_tags/marker11
[2.499s] copying cartographer_config/f110_description/models/ar_tags/marker11/model.sdf -> /home/oem/sim_ws/install/f110_cartographer_ros2/share/f110_cartographer_ros2/cartographer_config/f110_description/models/ar_tags/marker11
[2.499s] copying cartographer_config/f110_description/models/ar_tags/marker11/model-1_5.sdf -> /home/oem/sim_ws/install/f110_cartographer_ros2/share/f110_cartographer_ros2/cartographer_config/f110_description/models/ar_tags/marker11
[2.500s] copying cartographer_config/f110_description/models/ar_tags/marker11/model-1_4.sdf -> /home/oem/sim_ws/install/f110_cartographer_ros2/share/f110_cartographer_ros2/cartographer_config/f110_description/models/ar_tags/marker11
[2.500s] copying cartographer_config/f110_description/models/ar_tags/marker11/model.config -> /home/oem/sim_ws/install/f110_cartographer_ros2/share/f110_cartographer_ros2/cartographer_config/f110_description/models/ar_tags/marker11
[2.500s] creating /home/oem/sim_ws/install/f110_cartographer_ros2/share/f110_cartographer_ros2/cartographer_config/f110_description/models/ar_tags/marker11/marker0
[2.500s] copying cartographer_config/f110_description/models/ar_tags/marker11/marker0/model-1_5.sdf -> /home/oem/sim_ws/install/f110_cartographer_ros2/share/f110_cartographer_ros2/cartographer_config/f110_description/models/ar_tags/marker11/marker0
[2.500s] copying cartographer_config/f110_description/models/ar_tags/marker11/marker0/model.config -> /home/oem/sim_ws/install/f110_cartographer_ros2/share/f110_cartographer_ros2/cartographer_config/f110_description/models/ar_tags/marker11/marker0
[2.500s] creating /home/oem/sim_ws/install/f110_cartographer_ros2/share/f110_cartographer_ros2/cartographer_config/f110_description/models/ar_tags/marker11/marker0/marker0
[2.500s] copying cartographer_config/f110_description/models/ar_tags/marker11/marker0/marker0/model-1_5.sdf -> /home/oem/sim_ws/install/f110_cartographer_ros2/share/f110_cartographer_ros2/cartographer_config/f110_description/models/ar_tags/marker11/marker0/marker0
[2.500s] copying cartographer_config/f110_description/models/ar_tags/marker11/marker0/marker0/model.config -> /home/oem/sim_ws/install/f110_cartographer_ros2/share/f110_cartographer_ros2/cartographer_config/f110_description/models/ar_tags/marker11/marker0/marker0
[2.500s] creating /home/oem/sim_ws/install/f110_cartographer_ros2/share/f110_cartographer_ros2/cartographer_config/f110_description/models/ar_tags/marker11/meshes
[2.500s] copying cartographer_config/f110_description/models/ar_tags/marker11/meshes/Marker11.dae -> /home/oem/sim_ws/install/f110_cartographer_ros2/share/f110_cartographer_ros2/cartographer_config/f110_description/models/ar_tags/marker11/meshes
[2.500s] creating /home/oem/sim_ws/install/f110_cartographer_ros2/share/f110_cartographer_ros2/cartographer_config/f110_description/models/ar_tags/marker11/materials
[2.500s] creating /home/oem/sim_ws/install/f110_cartographer_ros2/share/f110_cartographer_ros2/cartographer_config/f110_description/models/ar_tags/marker11/materials/textures
[2.500s] copying cartographer_config/f110_description/models/ar_tags/marker11/materials/textures/Marker11.png -> /home/oem/sim_ws/install/f110_cartographer_ros2/share/f110_cartographer_ros2/cartographer_config/f110_description/models/ar_tags/marker11/materials/textures
[2.500s] creating /home/oem/sim_ws/install/f110_cartographer_ros2/share/f110_cartographer_ros2/cartographer_config/f110_description/models/ar_tags/marker9
[2.500s] copying cartographer_config/f110_description/models/ar_tags/marker9/model.sdf -> /home/oem/sim_ws/install/f110_cartographer_ros2/share/f110_cartographer_ros2/cartographer_config/f110_description/models/ar_tags/marker9
[2.501s] copying cartographer_config/f110_description/models/ar_tags/marker9/model-1_5.sdf -> /home/oem/sim_ws/install/f110_cartographer_ros2/share/f110_cartographer_ros2/cartographer_config/f110_description/models/ar_tags/marker9
[2.501s] copying cartographer_config/f110_description/models/ar_tags/marker9/model-1_4.sdf -> /home/oem/sim_ws/install/f110_cartographer_ros2/share/f110_cartographer_ros2/cartographer_config/f110_description/models/ar_tags/marker9
[2.501s] copying cartographer_config/f110_description/models/ar_tags/marker9/model.config -> /home/oem/sim_ws/install/f110_cartographer_ros2/share/f110_cartographer_ros2/cartographer_config/f110_description/models/ar_tags/marker9
[2.501s] creating /home/oem/sim_ws/install/f110_cartographer_ros2/share/f110_cartographer_ros2/cartographer_config/f110_description/models/ar_tags/marker9/marker0
[2.501s] copying cartographer_config/f110_description/models/ar_tags/marker9/marker0/model-1_5.sdf -> /home/oem/sim_ws/install/f110_cartographer_ros2/share/f110_cartographer_ros2/cartographer_config/f110_description/models/ar_tags/marker9/marker0
[2.501s] copying cartographer_config/f110_description/models/ar_tags/marker9/marker0/model.config -> /home/oem/sim_ws/install/f110_cartographer_ros2/share/f110_cartographer_ros2/cartographer_config/f110_description/models/ar_tags/marker9/marker0
[2.501s] creating /home/oem/sim_ws/install/f110_cartographer_ros2/share/f110_cartographer_ros2/cartographer_config/f110_description/models/ar_tags/marker9/marker0/marker0
[2.501s] copying cartographer_config/f110_description/models/ar_tags/marker9/marker0/marker0/model-1_5.sdf -> /home/oem/sim_ws/install/f110_cartographer_ros2/share/f110_cartographer_ros2/cartographer_config/f110_description/models/ar_tags/marker9/marker0/marker0
[2.501s] copying cartographer_config/f110_description/models/ar_tags/marker9/marker0/marker0/model.config -> /home/oem/sim_ws/install/f110_cartographer_ros2/share/f110_cartographer_ros2/cartographer_config/f110_description/models/ar_tags/marker9/marker0/marker0
[2.501s] creating /home/oem/sim_ws/install/f110_cartographer_ros2/share/f110_cartographer_ros2/cartographer_config/f110_description/models/ar_tags/marker9/meshes
[2.501s] copying cartographer_config/f110_description/models/ar_tags/marker9/meshes/Marker9.dae -> /home/oem/sim_ws/install/f110_cartographer_ros2/share/f110_cartographer_ros2/cartographer_config/f110_description/models/ar_tags/marker9/meshes
[2.501s] creating /home/oem/sim_ws/install/f110_cartographer_ros2/share/f110_cartographer_ros2/cartographer_config/f110_description/models/ar_tags/marker9/materials
[2.502s] creating /home/oem/sim_ws/install/f110_cartographer_ros2/share/f110_cartographer_ros2/cartographer_config/f110_description/models/ar_tags/marker9/materials/textures
[2.502s] copying cartographer_config/f110_description/models/ar_tags/marker9/materials/textures/Marker9.png -> /home/oem/sim_ws/install/f110_cartographer_ros2/share/f110_cartographer_ros2/cartographer_config/f110_description/models/ar_tags/marker9/materials/textures
[2.502s] creating /home/oem/sim_ws/install/f110_cartographer_ros2/share/f110_cartographer_ros2/cartographer_config/f110_description/models/ar_tags/marker7
[2.502s] copying cartographer_config/f110_description/models/ar_tags/marker7/model.sdf -> /home/oem/sim_ws/install/f110_cartographer_ros2/share/f110_cartographer_ros2/cartographer_config/f110_description/models/ar_tags/marker7
[2.502s] copying cartographer_config/f110_description/models/ar_tags/marker7/model-1_5.sdf -> /home/oem/sim_ws/install/f110_cartographer_ros2/share/f110_cartographer_ros2/cartographer_config/f110_description/models/ar_tags/marker7
[2.502s] copying cartographer_config/f110_description/models/ar_tags/marker7/model-1_4.sdf -> /home/oem/sim_ws/install/f110_cartographer_ros2/share/f110_cartographer_ros2/cartographer_config/f110_description/models/ar_tags/marker7
[2.502s] copying cartographer_config/f110_description/models/ar_tags/marker7/model.config -> /home/oem/sim_ws/install/f110_cartographer_ros2/share/f110_cartographer_ros2/cartographer_config/f110_description/models/ar_tags/marker7
[2.502s] creating /home/oem/sim_ws/install/f110_cartographer_ros2/share/f110_cartographer_ros2/cartographer_config/f110_description/models/ar_tags/marker7/marker0
[2.502s] copying cartographer_config/f110_description/models/ar_tags/marker7/marker0/model-1_5.sdf -> /home/oem/sim_ws/install/f110_cartographer_ros2/share/f110_cartographer_ros2/cartographer_config/f110_description/models/ar_tags/marker7/marker0
[2.502s] copying cartographer_config/f110_description/models/ar_tags/marker7/marker0/model.config -> /home/oem/sim_ws/install/f110_cartographer_ros2/share/f110_cartographer_ros2/cartographer_config/f110_description/models/ar_tags/marker7/marker0
[2.502s] creating /home/oem/sim_ws/install/f110_cartographer_ros2/share/f110_cartographer_ros2/cartographer_config/f110_description/models/ar_tags/marker7/marker0/marker0
[2.502s] copying cartographer_config/f110_description/models/ar_tags/marker7/marker0/marker0/model-1_5.sdf -> /home/oem/sim_ws/install/f110_cartographer_ros2/share/f110_cartographer_ros2/cartographer_config/f110_description/models/ar_tags/marker7/marker0/marker0
[2.502s] copying cartographer_config/f110_description/models/ar_tags/marker7/marker0/marker0/model.config -> /home/oem/sim_ws/install/f110_cartographer_ros2/share/f110_cartographer_ros2/cartographer_config/f110_description/models/ar_tags/marker7/marker0/marker0
[2.502s] creating /home/oem/sim_ws/install/f110_cartographer_ros2/share/f110_cartographer_ros2/cartographer_config/f110_description/models/ar_tags/marker7/meshes
[2.502s] copying cartographer_config/f110_description/models/ar_tags/marker7/meshes/Marker7.dae -> /home/oem/sim_ws/install/f110_cartographer_ros2/share/f110_cartographer_ros2/cartographer_config/f110_description/models/ar_tags/marker7/meshes
[2.503s] creating /home/oem/sim_ws/install/f110_cartographer_ros2/share/f110_cartographer_ros2/cartographer_config/f110_description/models/ar_tags/marker7/materials
[2.503s] creating /home/oem/sim_ws/install/f110_cartographer_ros2/share/f110_cartographer_ros2/cartographer_config/f110_description/models/ar_tags/marker7/materials/textures
[2.503s] copying cartographer_config/f110_description/models/ar_tags/marker7/materials/textures/Marker7.png -> /home/oem/sim_ws/install/f110_cartographer_ros2/share/f110_cartographer_ros2/cartographer_config/f110_description/models/ar_tags/marker7/materials/textures
[2.503s] creating /home/oem/sim_ws/install/f110_cartographer_ros2/share/f110_cartographer_ros2/cartographer_config/f110_description/models/ar_tags/marker1
[2.503s] copying cartographer_config/f110_description/models/ar_tags/marker1/model.sdf -> /home/oem/sim_ws/install/f110_cartographer_ros2/share/f110_cartographer_ros2/cartographer_config/f110_description/models/ar_tags/marker1
[2.503s] copying cartographer_config/f110_description/models/ar_tags/marker1/model-1_5.sdf -> /home/oem/sim_ws/install/f110_cartographer_ros2/share/f110_cartographer_ros2/cartographer_config/f110_description/models/ar_tags/marker1
[2.503s] copying cartographer_config/f110_description/models/ar_tags/marker1/model-1_4.sdf -> /home/oem/sim_ws/install/f110_cartographer_ros2/share/f110_cartographer_ros2/cartographer_config/f110_description/models/ar_tags/marker1
[2.503s] copying cartographer_config/f110_description/models/ar_tags/marker1/model.config -> /home/oem/sim_ws/install/f110_cartographer_ros2/share/f110_cartographer_ros2/cartographer_config/f110_description/models/ar_tags/marker1
[2.503s] creating /home/oem/sim_ws/install/f110_cartographer_ros2/share/f110_cartographer_ros2/cartographer_config/f110_description/models/ar_tags/marker1/marker0
[2.503s] copying cartographer_config/f110_description/models/ar_tags/marker1/marker0/model-1_5.sdf -> /home/oem/sim_ws/install/f110_cartographer_ros2/share/f110_cartographer_ros2/cartographer_config/f110_description/models/ar_tags/marker1/marker0
[2.504s] copying cartographer_config/f110_description/models/ar_tags/marker1/marker0/model.config -> /home/oem/sim_ws/install/f110_cartographer_ros2/share/f110_cartographer_ros2/cartographer_config/f110_description/models/ar_tags/marker1/marker0
[2.504s] creating /home/oem/sim_ws/install/f110_cartographer_ros2/share/f110_cartographer_ros2/cartographer_config/f110_description/models/ar_tags/marker1/marker0/marker0
[2.504s] copying cartographer_config/f110_description/models/ar_tags/marker1/marker0/marker0/model-1_5.sdf -> /home/oem/sim_ws/install/f110_cartographer_ros2/share/f110_cartographer_ros2/cartographer_config/f110_description/models/ar_tags/marker1/marker0/marker0
[2.504s] copying cartographer_config/f110_description/models/ar_tags/marker1/marker0/marker0/model.config -> /home/oem/sim_ws/install/f110_cartographer_ros2/share/f110_cartographer_ros2/cartographer_config/f110_description/models/ar_tags/marker1/marker0/marker0
[2.504s] creating /home/oem/sim_ws/install/f110_cartographer_ros2/share/f110_cartographer_ros2/cartographer_config/f110_description/models/ar_tags/marker1/meshes
[2.504s] copying cartographer_config/f110_description/models/ar_tags/marker1/meshes/Marker1.dae -> /home/oem/sim_ws/install/f110_cartographer_ros2/share/f110_cartographer_ros2/cartographer_config/f110_description/models/ar_tags/marker1/meshes
[2.504s] creating /home/oem/sim_ws/install/f110_cartographer_ros2/share/f110_cartographer_ros2/cartographer_config/f110_description/models/ar_tags/marker1/materials
[2.504s] creating /home/oem/sim_ws/install/f110_cartographer_ros2/share/f110_cartographer_ros2/cartographer_config/f110_description/models/ar_tags/marker1/materials/textures
[2.504s] copying cartographer_config/f110_description/models/ar_tags/marker1/materials/textures/Marker1.png -> /home/oem/sim_ws/install/f110_cartographer_ros2/share/f110_cartographer_ros2/cartographer_config/f110_description/models/ar_tags/marker1/materials/textures
[2.504s] creating /home/oem/sim_ws/install/f110_cartographer_ros2/share/f110_cartographer_ros2/cartographer_config/f110_description/models/ar_tags/marker3
[2.504s] copying cartographer_config/f110_description/models/ar_tags/marker3/model.sdf -> /home/oem/sim_ws/install/f110_cartographer_ros2/share/f110_cartographer_ros2/cartographer_config/f110_description/models/ar_tags/marker3
[2.504s] copying cartographer_config/f110_description/models/ar_tags/marker3/model-1_5.sdf -> /home/oem/sim_ws/install/f110_cartographer_ros2/share/f110_cartographer_ros2/cartographer_config/f110_description/models/ar_tags/marker3
[2.504s] copying cartographer_config/f110_description/models/ar_tags/marker3/model-1_4.sdf -> /home/oem/sim_ws/install/f110_cartographer_ros2/share/f110_cartographer_ros2/cartographer_config/f110_description/models/ar_tags/marker3
[2.505s] copying cartographer_config/f110_description/models/ar_tags/marker3/model.config -> /home/oem/sim_ws/install/f110_cartographer_ros2/share/f110_cartographer_ros2/cartographer_config/f110_description/models/ar_tags/marker3
[2.505s] creating /home/oem/sim_ws/install/f110_cartographer_ros2/share/f110_cartographer_ros2/cartographer_config/f110_description/models/ar_tags/marker3/marker0
[2.505s] copying cartographer_config/f110_description/models/ar_tags/marker3/marker0/model-1_5.sdf -> /home/oem/sim_ws/install/f110_cartographer_ros2/share/f110_cartographer_ros2/cartographer_config/f110_description/models/ar_tags/marker3/marker0
[2.505s] copying cartographer_config/f110_description/models/ar_tags/marker3/marker0/model.config -> /home/oem/sim_ws/install/f110_cartographer_ros2/share/f110_cartographer_ros2/cartographer_config/f110_description/models/ar_tags/marker3/marker0
[2.505s] creating /home/oem/sim_ws/install/f110_cartographer_ros2/share/f110_cartographer_ros2/cartographer_config/f110_description/models/ar_tags/marker3/marker0/marker0
[2.505s] copying cartographer_config/f110_description/models/ar_tags/marker3/marker0/marker0/model-1_5.sdf -> /home/oem/sim_ws/install/f110_cartographer_ros2/share/f110_cartographer_ros2/cartographer_config/f110_description/models/ar_tags/marker3/marker0/marker0
[2.505s] copying cartographer_config/f110_description/models/ar_tags/marker3/marker0/marker0/model.config -> /home/oem/sim_ws/install/f110_cartographer_ros2/share/f110_cartographer_ros2/cartographer_config/f110_description/models/ar_tags/marker3/marker0/marker0
[2.505s] creating /home/oem/sim_ws/install/f110_cartographer_ros2/share/f110_cartographer_ros2/cartographer_config/f110_description/models/ar_tags/marker3/meshes
[2.506s] copying cartographer_config/f110_description/models/ar_tags/marker3/meshes/Marker3.dae -> /home/oem/sim_ws/install/f110_cartographer_ros2/share/f110_cartographer_ros2/cartographer_config/f110_description/models/ar_tags/marker3/meshes
[2.506s] creating /home/oem/sim_ws/install/f110_cartographer_ros2/share/f110_cartographer_ros2/cartographer_config/f110_description/models/ar_tags/marker3/materials
[2.506s] creating /home/oem/sim_ws/install/f110_cartographer_ros2/share/f110_cartographer_ros2/cartographer_config/f110_description/models/ar_tags/marker3/materials/textures
[2.506s] copying cartographer_config/f110_description/models/ar_tags/marker3/materials/textures/Marker3.png -> /home/oem/sim_ws/install/f110_cartographer_ros2/share/f110_cartographer_ros2/cartographer_config/f110_description/models/ar_tags/marker3/materials/textures
[2.506s] creating /home/oem/sim_ws/install/f110_cartographer_ros2/share/f110_cartographer_ros2/cartographer_config/f110_description/models/ar_tags/marker5
[2.506s] copying cartographer_config/f110_description/models/ar_tags/marker5/model.sdf -> /home/oem/sim_ws/install/f110_cartographer_ros2/share/f110_cartographer_ros2/cartographer_config/f110_description/models/ar_tags/marker5
[2.507s] copying cartographer_config/f110_description/models/ar_tags/marker5/model-1_5.sdf -> /home/oem/sim_ws/install/f110_cartographer_ros2/share/f110_cartographer_ros2/cartographer_config/f110_description/models/ar_tags/marker5
[2.507s] copying cartographer_config/f110_description/models/ar_tags/marker5/model-1_4.sdf -> /home/oem/sim_ws/install/f110_cartographer_ros2/share/f110_cartographer_ros2/cartographer_config/f110_description/models/ar_tags/marker5
[2.507s] copying cartographer_config/f110_description/models/ar_tags/marker5/model.config -> /home/oem/sim_ws/install/f110_cartographer_ros2/share/f110_cartographer_ros2/cartographer_config/f110_description/models/ar_tags/marker5
[2.507s] creating /home/oem/sim_ws/install/f110_cartographer_ros2/share/f110_cartographer_ros2/cartographer_config/f110_description/models/ar_tags/marker5/marker0
[2.507s] copying cartographer_config/f110_description/models/ar_tags/marker5/marker0/model-1_5.sdf -> /home/oem/sim_ws/install/f110_cartographer_ros2/share/f110_cartographer_ros2/cartographer_config/f110_description/models/ar_tags/marker5/marker0
[2.507s] copying cartographer_config/f110_description/models/ar_tags/marker5/marker0/model.config -> /home/oem/sim_ws/install/f110_cartographer_ros2/share/f110_cartographer_ros2/cartographer_config/f110_description/models/ar_tags/marker5/marker0
[2.507s] creating /home/oem/sim_ws/install/f110_cartographer_ros2/share/f110_cartographer_ros2/cartographer_config/f110_description/models/ar_tags/marker5/marker0/marker0
[2.507s] copying cartographer_config/f110_description/models/ar_tags/marker5/marker0/marker0/model-1_5.sdf -> /home/oem/sim_ws/install/f110_cartographer_ros2/share/f110_cartographer_ros2/cartographer_config/f110_description/models/ar_tags/marker5/marker0/marker0
[2.507s] copying cartographer_config/f110_description/models/ar_tags/marker5/marker0/marker0/model.config -> /home/oem/sim_ws/install/f110_cartographer_ros2/share/f110_cartographer_ros2/cartographer_config/f110_description/models/ar_tags/marker5/marker0/marker0
[2.507s] creating /home/oem/sim_ws/install/f110_cartographer_ros2/share/f110_cartographer_ros2/cartographer_config/f110_description/models/ar_tags/marker5/meshes
[2.507s] copying cartographer_config/f110_description/models/ar_tags/marker5/meshes/Marker5.dae -> /home/oem/sim_ws/install/f110_cartographer_ros2/share/f110_cartographer_ros2/cartographer_config/f110_description/models/ar_tags/marker5/meshes
[2.507s] creating /home/oem/sim_ws/install/f110_cartographer_ros2/share/f110_cartographer_ros2/cartographer_config/f110_description/models/ar_tags/marker5/materials
[2.508s] creating /home/oem/sim_ws/install/f110_cartographer_ros2/share/f110_cartographer_ros2/cartographer_config/f110_description/models/ar_tags/marker5/materials/textures
[2.508s] copying cartographer_config/f110_description/models/ar_tags/marker5/materials/textures/Marker5.png -> /home/oem/sim_ws/install/f110_cartographer_ros2/share/f110_cartographer_ros2/cartographer_config/f110_description/models/ar_tags/marker5/materials/textures
[2.508s] creating /home/oem/sim_ws/install/f110_cartographer_ros2/share/f110_cartographer_ros2/cartographer_config/f110_description/models/ar_tags/marker8
[2.508s] copying cartographer_config/f110_description/models/ar_tags/marker8/model.sdf -> /home/oem/sim_ws/install/f110_cartographer_ros2/share/f110_cartographer_ros2/cartographer_config/f110_description/models/ar_tags/marker8
[2.508s] copying cartographer_config/f110_description/models/ar_tags/marker8/model-1_5.sdf -> /home/oem/sim_ws/install/f110_cartographer_ros2/share/f110_cartographer_ros2/cartographer_config/f110_description/models/ar_tags/marker8
[2.508s] copying cartographer_config/f110_description/models/ar_tags/marker8/model-1_4.sdf -> /home/oem/sim_ws/install/f110_cartographer_ros2/share/f110_cartographer_ros2/cartographer_config/f110_description/models/ar_tags/marker8
[2.508s] copying cartographer_config/f110_description/models/ar_tags/marker8/model.config -> /home/oem/sim_ws/install/f110_cartographer_ros2/share/f110_cartographer_ros2/cartographer_config/f110_description/models/ar_tags/marker8
[2.508s] creating /home/oem/sim_ws/install/f110_cartographer_ros2/share/f110_cartographer_ros2/cartographer_config/f110_description/models/ar_tags/marker8/marker0
[2.508s] copying cartographer_config/f110_description/models/ar_tags/marker8/marker0/model-1_5.sdf -> /home/oem/sim_ws/install/f110_cartographer_ros2/share/f110_cartographer_ros2/cartographer_config/f110_description/models/ar_tags/marker8/marker0
[2.508s] copying cartographer_config/f110_description/models/ar_tags/marker8/marker0/model.config -> /home/oem/sim_ws/install/f110_cartographer_ros2/share/f110_cartographer_ros2/cartographer_config/f110_description/models/ar_tags/marker8/marker0
[2.508s] creating /home/oem/sim_ws/install/f110_cartographer_ros2/share/f110_cartographer_ros2/cartographer_config/f110_description/models/ar_tags/marker8/marker0/marker0
[2.508s] copying cartographer_config/f110_description/models/ar_tags/marker8/marker0/marker0/model-1_5.sdf -> /home/oem/sim_ws/install/f110_cartographer_ros2/share/f110_cartographer_ros2/cartographer_config/f110_description/models/ar_tags/marker8/marker0/marker0
[2.508s] copying cartographer_config/f110_description/models/ar_tags/marker8/marker0/marker0/model.config -> /home/oem/sim_ws/install/f110_cartographer_ros2/share/f110_cartographer_ros2/cartographer_config/f110_description/models/ar_tags/marker8/marker0/marker0
[2.508s] creating /home/oem/sim_ws/install/f110_cartographer_ros2/share/f110_cartographer_ros2/cartographer_config/f110_description/models/ar_tags/marker8/meshes
[2.508s] copying cartographer_config/f110_description/models/ar_tags/marker8/meshes/Marker8.dae -> /home/oem/sim_ws/install/f110_cartographer_ros2/share/f110_cartographer_ros2/cartographer_config/f110_description/models/ar_tags/marker8/meshes
[2.508s] creating /home/oem/sim_ws/install/f110_cartographer_ros2/share/f110_cartographer_ros2/cartographer_config/f110_description/models/ar_tags/marker8/materials
[2.509s] creating /home/oem/sim_ws/install/f110_cartographer_ros2/share/f110_cartographer_ros2/cartographer_config/f110_description/models/ar_tags/marker8/materials/textures
[2.509s] copying cartographer_config/f110_description/models/ar_tags/marker8/materials/textures/Marker8.png -> /home/oem/sim_ws/install/f110_cartographer_ros2/share/f110_cartographer_ros2/cartographer_config/f110_description/models/ar_tags/marker8/materials/textures
[2.509s] creating /home/oem/sim_ws/install/f110_cartographer_ros2/share/f110_cartographer_ros2/cartographer_config/f110_description/models/cone
[2.509s] copying cartographer_config/f110_description/models/cone/model.sdf -> /home/oem/sim_ws/install/f110_cartographer_ros2/share/f110_cartographer_ros2/cartographer_config/f110_description/models/cone
[2.509s] copying cartographer_config/f110_description/models/cone/model.config -> /home/oem/sim_ws/install/f110_cartographer_ros2/share/f110_cartographer_ros2/cartographer_config/f110_description/models/cone
[2.509s] creating /home/oem/sim_ws/install/f110_cartographer_ros2/share/f110_cartographer_ros2/cartographer_config/f110_description/models/parking_1
[2.509s] copying cartographer_config/f110_description/models/parking_1/model.sdf -> /home/oem/sim_ws/install/f110_cartographer_ros2/share/f110_cartographer_ros2/cartographer_config/f110_description/models/parking_1
[2.509s] copying cartographer_config/f110_description/models/parking_1/model.config -> /home/oem/sim_ws/install/f110_cartographer_ros2/share/f110_cartographer_ros2/cartographer_config/f110_description/models/parking_1
[2.509s] creating /home/oem/sim_ws/install/f110_cartographer_ros2/share/f110_cartographer_ros2/cartographer_config/f110_description/meshes
[2.509s] copying cartographer_config/f110_description/meshes/right_steering_hinge.dae -> /home/oem/sim_ws/install/f110_cartographer_ros2/share/f110_cartographer_ros2/cartographer_config/f110_description/meshes
[2.509s] copying cartographer_config/f110_description/meshes/left_front_wheel.dae -> /home/oem/sim_ws/install/f110_cartographer_ros2/share/f110_cartographer_ros2/cartographer_config/f110_description/meshes
[2.509s] copying cartographer_config/f110_description/meshes/hokuyo.dae -> /home/oem/sim_ws/install/f110_cartographer_ros2/share/f110_cartographer_ros2/cartographer_config/f110_description/meshes
[2.509s] copying cartographer_config/f110_description/meshes/chassis.dae -> /home/oem/sim_ws/install/f110_cartographer_ros2/share/f110_cartographer_ros2/cartographer_config/f110_description/meshes
[2.509s] copying cartographer_config/f110_description/meshes/chassis.STL -> /home/oem/sim_ws/install/f110_cartographer_ros2/share/f110_cartographer_ros2/cartographer_config/f110_description/meshes
[2.509s] copying cartographer_config/f110_description/meshes/cone.dae -> /home/oem/sim_ws/install/f110_cartographer_ros2/share/f110_cartographer_ros2/cartographer_config/f110_description/meshes
[2.510s] copying cartographer_config/f110_description/meshes/walker_racecourse.dae -> /home/oem/sim_ws/install/f110_cartographer_ros2/share/f110_cartographer_ros2/cartographer_config/f110_description/meshes
[2.510s] copying cartographer_config/f110_description/meshes/left_steering_hinge.dae -> /home/oem/sim_ws/install/f110_cartographer_ros2/share/f110_cartographer_ros2/cartographer_config/f110_description/meshes
[2.510s] copying cartographer_config/f110_description/meshes/right_rear_wheel.STL -> /home/oem/sim_ws/install/f110_cartographer_ros2/share/f110_cartographer_ros2/cartographer_config/f110_description/meshes
[2.510s] copying cartographer_config/f110_description/meshes/left_rear_wheel.STL -> /home/oem/sim_ws/install/f110_cartographer_ros2/share/f110_cartographer_ros2/cartographer_config/f110_description/meshes
[2.510s] copying cartographer_config/f110_description/meshes/left_rear_wheel.dae -> /home/oem/sim_ws/install/f110_cartographer_ros2/share/f110_cartographer_ros2/cartographer_config/f110_description/meshes
[2.510s] copying cartographer_config/f110_description/meshes/left_front_wheel.STL -> /home/oem/sim_ws/install/f110_cartographer_ros2/share/f110_cartographer_ros2/cartographer_config/f110_description/meshes
[2.510s] copying cartographer_config/f110_description/meshes/right_front_wheel.dae -> /home/oem/sim_ws/install/f110_cartographer_ros2/share/f110_cartographer_ros2/cartographer_config/f110_description/meshes
[2.510s] copying cartographer_config/f110_description/meshes/right_steering_hinge.STL -> /home/oem/sim_ws/install/f110_cartographer_ros2/share/f110_cartographer_ros2/cartographer_config/f110_description/meshes
[2.510s] copying cartographer_config/f110_description/meshes/right_front_wheel.STL -> /home/oem/sim_ws/install/f110_cartographer_ros2/share/f110_cartographer_ros2/cartographer_config/f110_description/meshes
[2.510s] copying cartographer_config/f110_description/meshes/parking_1.dae -> /home/oem/sim_ws/install/f110_cartographer_ros2/share/f110_cartographer_ros2/cartographer_config/f110_description/meshes
[2.510s] copying cartographer_config/f110_description/meshes/right_rear_wheel.dae -> /home/oem/sim_ws/install/f110_cartographer_ros2/share/f110_cartographer_ros2/cartographer_config/f110_description/meshes
[2.511s] copying cartographer_config/f110_description/meshes/left_steering_hinge.STL -> /home/oem/sim_ws/install/f110_cartographer_ros2/share/f110_cartographer_ros2/cartographer_config/f110_description/meshes
[2.511s] creating /home/oem/sim_ws/install/f110_cartographer_ros2/share/f110_cartographer_ros2/cartographer_config/f110_description/urdf
[2.511s] copying cartographer_config/f110_description/urdf/materials.xacro -> /home/oem/sim_ws/install/f110_cartographer_ros2/share/f110_cartographer_ros2/cartographer_config/f110_description/urdf
[2.511s] copying cartographer_config/f110_description/urdf/macros.xacro -> /home/oem/sim_ws/install/f110_cartographer_ros2/share/f110_cartographer_ros2/cartographer_config/f110_description/urdf
[2.511s] copying cartographer_config/f110_description/urdf/racecar.gazebo -> /home/oem/sim_ws/install/f110_cartographer_ros2/share/f110_cartographer_ros2/cartographer_config/f110_description/urdf
[2.511s] copying cartographer_config/f110_description/urdf/racecar.xacro -> /home/oem/sim_ws/install/f110_cartographer_ros2/share/f110_cartographer_ros2/cartographer_config/f110_description/urdf
[2.511s] copying cartographer_config/f110_description/urdf/F110.xacro -> /home/oem/sim_ws/install/f110_cartographer_ros2/share/f110_cartographer_ros2/cartographer_config/f110_description/urdf
[2.511s] running install_egg_info
[2.511s] Copying ../../build/f110_cartographer_ros2/f110_cartographer_ros2.egg-info to /home/oem/sim_ws/install/f110_cartographer_ros2/lib/python3.8/site-packages/f110_cartographer_ros2-0.0.0-py3.8.egg-info
[2.511s] running install_scripts
[2.523s] writing list of installed files to '/home/oem/sim_ws/build/f110_cartographer_ros2/install.log'
[2.772s] Invoked command in '/home/oem/sim_ws/src/f110_cartographer_ros2' returned '0': PYTHONPATH=/home/oem/sim_ws/build/f110_cartographer_ros2/prefix_override:/home/oem/sim_ws/install/f110_cartographer_ros2/lib/python3.8/site-packages:${PYTHONPATH} /usr/bin/python3 setup.py egg_info --egg-base ../../build/f110_cartographer_ros2 build --build-base /home/oem/sim_ws/build/f110_cartographer_ros2/build install --record /home/oem/sim_ws/build/f110_cartographer_ros2/install.log --single-version-externally-managed
