[2.352s] Invoking command in '/home/oem/sim_ws/src/f110_cartographer_ros2': PYTHONPATH=/home/oem/sim_ws/build/f110_cartographer_ros2/prefix_override:/home/oem/sim_ws/install/f110_cartographer_ros2/lib/python3.8/site-packages:${PYTHONPATH} /usr/bin/python3 setup.py egg_info --egg-base ../../build/f110_cartographer_ros2 build --build-base /home/oem/sim_ws/build/f110_cartographer_ros2/build install --record /home/oem/sim_ws/build/f110_cartographer_ros2/install.log --single-version-externally-managed
[2.514s] running egg_info
[2.514s] writing ../../build/f110_cartographer_ros2/f110_cartographer_ros2.egg-info/PKG-INFO
[2.515s] writing dependency_links to ../../build/f110_cartographer_ros2/f110_cartographer_ros2.egg-info/dependency_links.txt
[2.515s] writing entry points to ../../build/f110_cartographer_ros2/f110_cartographer_ros2.egg-info/entry_points.txt
[2.515s] writing requirements to ../../build/f110_cartographer_ros2/f110_cartographer_ros2.egg-info/requires.txt
[2.515s] writing top-level names to ../../build/f110_cartographer_ros2/f110_cartographer_ros2.egg-info/top_level.txt
[2.542s] reading manifest file '../../build/f110_cartographer_ros2/f110_cartographer_ros2.egg-info/SOURCES.txt'
[2.545s] writing manifest file '../../build/f110_cartographer_ros2/f110_cartographer_ros2.egg-info/SOURCES.txt'
[2.546s] running build
[2.546s] running build_py
[2.546s] running install
[2.546s] running install_lib
[2.547s] running install_data
[2.551s] running install_egg_info
[2.553s] removing '/home/oem/sim_ws/install/f110_cartographer_ros2/lib/python3.8/site-packages/f110_cartographer_ros2-0.0.0-py3.8.egg-info' (and everything under it)
[2.553s] Copying ../../build/f110_cartographer_ros2/f110_cartographer_ros2.egg-info to /home/oem/sim_ws/install/f110_cartographer_ros2/lib/python3.8/site-packages/f110_cartographer_ros2-0.0.0-py3.8.egg-info
[2.554s] running install_scripts
[2.568s] writing list of installed files to '/home/oem/sim_ws/build/f110_cartographer_ros2/install.log'
[2.808s] Invoked command in '/home/oem/sim_ws/src/f110_cartographer_ros2' returned '0': PYTHONPATH=/home/oem/sim_ws/build/f110_cartographer_ros2/prefix_override:/home/oem/sim_ws/install/f110_cartographer_ros2/lib/python3.8/site-packages:${PYTHONPATH} /usr/bin/python3 setup.py egg_info --egg-base ../../build/f110_cartographer_ros2 build --build-base /home/oem/sim_ws/build/f110_cartographer_ros2/build install --record /home/oem/sim_ws/build/f110_cartographer_ros2/install.log --single-version-externally-managed
