[1.799s] Invoking command in '/home/oem/sim_ws/src/f1tenth_gym_ros': PYTHONPATH=/home/oem/sim_ws/build/f1tenth_gym_ros/prefix_override:/home/oem/sim_ws/install/f1tenth_gym_ros/lib/python3.8/site-packages:${PYTHONPATH} /usr/bin/python3 setup.py egg_info --egg-base ../../build/f1tenth_gym_ros build --build-base /home/oem/sim_ws/build/f1tenth_gym_ros/build install --record /home/oem/sim_ws/build/f1tenth_gym_ros/install.log --install-scripts $base/lib/f1tenth_gym_ros --single-version-externally-managed
[1.968s] running egg_info
[1.968s] writing ../../build/f1tenth_gym_ros/f1tenth_gym_ros.egg-info/PKG-INFO
[1.968s] writing dependency_links to ../../build/f1tenth_gym_ros/f1tenth_gym_ros.egg-info/dependency_links.txt
[1.968s] writing entry points to ../../build/f1tenth_gym_ros/f1tenth_gym_ros.egg-info/entry_points.txt
[1.969s] writing requirements to ../../build/f1tenth_gym_ros/f1tenth_gym_ros.egg-info/requires.txt
[1.969s] writing top-level names to ../../build/f1tenth_gym_ros/f1tenth_gym_ros.egg-info/top_level.txt
[1.997s] reading manifest file '../../build/f1tenth_gym_ros/f1tenth_gym_ros.egg-info/SOURCES.txt'
[1.998s] writing manifest file '../../build/f1tenth_gym_ros/f1tenth_gym_ros.egg-info/SOURCES.txt'
[1.999s] running build
[1.999s] running build_py
[1.999s] running install
[1.999s] running install_lib
[2.000s] running install_data
[2.001s] running install_egg_info
[2.002s] removing '/home/oem/sim_ws/install/f1tenth_gym_ros/lib/python3.8/site-packages/f1tenth_gym_ros-0.0.0-py3.8.egg-info' (and everything under it)
[2.002s] Copying ../../build/f1tenth_gym_ros/f1tenth_gym_ros.egg-info to /home/oem/sim_ws/install/f1tenth_gym_ros/lib/python3.8/site-packages/f1tenth_gym_ros-0.0.0-py3.8.egg-info
[2.003s] running install_scripts
[2.018s] Installing gym_bridge script to /home/oem/sim_ws/install/f1tenth_gym_ros/lib/f1tenth_gym_ros
[2.019s] writing list of installed files to '/home/oem/sim_ws/build/f1tenth_gym_ros/install.log'
[2.037s] Invoked command in '/home/oem/sim_ws/src/f1tenth_gym_ros' returned '0': PYTHONPATH=/home/oem/sim_ws/build/f1tenth_gym_ros/prefix_override:/home/oem/sim_ws/install/f1tenth_gym_ros/lib/python3.8/site-packages:${PYTHONPATH} /usr/bin/python3 setup.py egg_info --egg-base ../../build/f1tenth_gym_ros build --build-base /home/oem/sim_ws/build/f1tenth_gym_ros/build install --record /home/oem/sim_ws/build/f1tenth_gym_ros/install.log --install-scripts $base/lib/f1tenth_gym_ros --single-version-externally-managed
