[4.118s] DEBUG:colcon:Command line arguments: ['/usr/bin/colcon', 'build']
[4.118s] DEBUG:colcon:Parsed command line arguments: Namespace(allow_overriding=[], ament_cmake_args=None, base_paths=['.'], build_base='build', catkin_cmake_args=None, catkin_skip_building_tests=False, cmake_args=None, cmake_clean_cache=False, cmake_clean_first=False, cmake_force_configure=False, cmake_target=None, cmake_target_skip_unavailable=False, continue_on_error=False, event_handlers=None, executor='parallel', ignore_user_meta=False, install_base='install', log_base=None, log_level=None, main=<bound method BuildVerb.main of <colcon_core.verb.build.BuildVerb object at 0x7fcc3c15ce20>>, merge_install=False, metas=['./colcon.meta'], packages_above=None, packages_above_and_dependencies=None, packages_above_depth=None, packages_end=None, packages_ignore=None, packages_ignore_regex=None, packages_select=None, packages_select_build_failed=False, packages_select_by_dep=None, packages_select_regex=None, packages_select_test_failures=False, packages_skip=None, packages_skip_build_finished=False, packages_skip_by_dep=None, packages_skip_regex=None, packages_skip_test_passed=False, packages_skip_up_to=None, packages_start=None, packages_up_to=None, packages_up_to_regex=None, parallel_workers=12, paths=None, symlink_install=False, test_result_base=None, verb_extension=<colcon_core.verb.build.BuildVerb object at 0x7fcc3c15ce20>, verb_name='build', verb_parser=<colcon_defaults.argument_parser.defaults.DefaultArgumentsDecorator object at 0x7fcc3c130190>)
[4.286s] Level 1:colcon.colcon_core.package_discovery:discover_packages(colcon_meta) check parameters
[4.286s] Level 1:colcon.colcon_core.package_discovery:discover_packages(recursive) check parameters
[4.286s] Level 1:colcon.colcon_core.package_discovery:discover_packages(ignore) check parameters
[4.286s] Level 1:colcon.colcon_core.package_discovery:discover_packages(path) check parameters
[4.286s] Level 1:colcon.colcon_core.package_discovery:discover_packages(colcon_meta) discover
[4.286s] Level 1:colcon.colcon_core.package_discovery:discover_packages(recursive) discover
[4.286s] INFO:colcon.colcon_core.package_discovery:Crawling recursively for packages in '/home/oem/sim_ws'
[4.286s] Level 1:colcon.colcon_core.package_identification:_identify(.) by extensions ['ignore', 'ignore_ament_install']
[4.286s] Level 1:colcon.colcon_core.package_identification:_identify(.) by extension 'ignore'
[4.286s] Level 1:colcon.colcon_core.package_identification:_identify(.) by extension 'ignore_ament_install'
[4.287s] Level 1:colcon.colcon_core.package_identification:_identify(.) by extensions ['colcon_pkg']
[4.287s] Level 1:colcon.colcon_core.package_identification:_identify(.) by extension 'colcon_pkg'
[4.287s] Level 1:colcon.colcon_core.package_identification:_identify(.) by extensions ['colcon_meta']
[4.287s] Level 1:colcon.colcon_core.package_identification:_identify(.) by extension 'colcon_meta'
[4.287s] Level 1:colcon.colcon_core.package_identification:_identify(.) by extensions ['ros']
[4.287s] Level 1:colcon.colcon_core.package_identification:_identify(.) by extension 'ros'
[4.294s] Level 1:colcon.colcon_core.package_identification:_identify(.) by extensions ['cmake', 'python']
[4.294s] Level 1:colcon.colcon_core.package_identification:_identify(.) by extension 'cmake'
[4.294s] Level 1:colcon.colcon_core.package_identification:_identify(.) by extension 'python'
[4.294s] Level 1:colcon.colcon_core.package_identification:_identify(.) by extensions ['python_setup_py']
[4.294s] Level 1:colcon.colcon_core.package_identification:_identify(.) by extension 'python_setup_py'
[4.294s] Level 1:colcon.colcon_core.package_identification:_identify(build) by extensions ['ignore', 'ignore_ament_install']
[4.294s] Level 1:colcon.colcon_core.package_identification:_identify(build) by extension 'ignore'
[4.294s] Level 1:colcon.colcon_core.package_identification:_identify(build) ignored
[4.295s] Level 1:colcon.colcon_core.package_identification:_identify(install) by extensions ['ignore', 'ignore_ament_install']
[4.295s] Level 1:colcon.colcon_core.package_identification:_identify(install) by extension 'ignore'
[4.295s] Level 1:colcon.colcon_core.package_identification:_identify(install) ignored
[4.295s] Level 1:colcon.colcon_core.package_identification:_identify(log) by extensions ['ignore', 'ignore_ament_install']
[4.295s] Level 1:colcon.colcon_core.package_identification:_identify(log) by extension 'ignore'
[4.295s] Level 1:colcon.colcon_core.package_identification:_identify(log) ignored
[4.295s] Level 1:colcon.colcon_core.package_identification:_identify(src) by extensions ['ignore', 'ignore_ament_install']
[4.295s] Level 1:colcon.colcon_core.package_identification:_identify(src) by extension 'ignore'
[4.295s] Level 1:colcon.colcon_core.package_identification:_identify(src) by extension 'ignore_ament_install'
[4.295s] Level 1:colcon.colcon_core.package_identification:_identify(src) by extensions ['colcon_pkg']
[4.295s] Level 1:colcon.colcon_core.package_identification:_identify(src) by extension 'colcon_pkg'
[4.295s] Level 1:colcon.colcon_core.package_identification:_identify(src) by extensions ['colcon_meta']
[4.295s] Level 1:colcon.colcon_core.package_identification:_identify(src) by extension 'colcon_meta'
[4.295s] Level 1:colcon.colcon_core.package_identification:_identify(src) by extensions ['ros']
[4.295s] Level 1:colcon.colcon_core.package_identification:_identify(src) by extension 'ros'
[4.295s] Level 1:colcon.colcon_core.package_identification:_identify(src) by extensions ['cmake', 'python']
[4.295s] Level 1:colcon.colcon_core.package_identification:_identify(src) by extension 'cmake'
[4.295s] Level 1:colcon.colcon_core.package_identification:_identify(src) by extension 'python'
[4.295s] Level 1:colcon.colcon_core.package_identification:_identify(src) by extensions ['python_setup_py']
[4.295s] Level 1:colcon.colcon_core.package_identification:_identify(src) by extension 'python_setup_py'
[4.295s] Level 1:colcon.colcon_core.package_identification:_identify(src/f110_cartographer_ros2) by extensions ['ignore', 'ignore_ament_install']
[4.295s] Level 1:colcon.colcon_core.package_identification:_identify(src/f110_cartographer_ros2) by extension 'ignore'
[4.296s] Level 1:colcon.colcon_core.package_identification:_identify(src/f110_cartographer_ros2) by extension 'ignore_ament_install'
[4.296s] Level 1:colcon.colcon_core.package_identification:_identify(src/f110_cartographer_ros2) by extensions ['colcon_pkg']
[4.296s] Level 1:colcon.colcon_core.package_identification:_identify(src/f110_cartographer_ros2) by extension 'colcon_pkg'
[4.296s] Level 1:colcon.colcon_core.package_identification:_identify(src/f110_cartographer_ros2) by extensions ['colcon_meta']
[4.296s] Level 1:colcon.colcon_core.package_identification:_identify(src/f110_cartographer_ros2) by extension 'colcon_meta'
[4.296s] Level 1:colcon.colcon_core.package_identification:_identify(src/f110_cartographer_ros2) by extensions ['ros']
[4.296s] Level 1:colcon.colcon_core.package_identification:_identify(src/f110_cartographer_ros2) by extension 'ros'
[4.297s] DEBUG:colcon.colcon_core.package_identification:Package 'src/f110_cartographer_ros2' with type 'ros.ament_python' and name 'f110_cartographer_ros2'
[4.297s] Level 1:colcon.colcon_core.package_identification:_identify(src/f1tenth_gym_ros) by extensions ['ignore', 'ignore_ament_install']
[4.297s] Level 1:colcon.colcon_core.package_identification:_identify(src/f1tenth_gym_ros) by extension 'ignore'
[4.298s] Level 1:colcon.colcon_core.package_identification:_identify(src/f1tenth_gym_ros) by extension 'ignore_ament_install'
[4.298s] Level 1:colcon.colcon_core.package_identification:_identify(src/f1tenth_gym_ros) by extensions ['colcon_pkg']
[4.298s] Level 1:colcon.colcon_core.package_identification:_identify(src/f1tenth_gym_ros) by extension 'colcon_pkg'
[4.298s] Level 1:colcon.colcon_core.package_identification:_identify(src/f1tenth_gym_ros) by extensions ['colcon_meta']
[4.298s] Level 1:colcon.colcon_core.package_identification:_identify(src/f1tenth_gym_ros) by extension 'colcon_meta'
[4.298s] Level 1:colcon.colcon_core.package_identification:_identify(src/f1tenth_gym_ros) by extensions ['ros']
[4.298s] Level 1:colcon.colcon_core.package_identification:_identify(src/f1tenth_gym_ros) by extension 'ros'
[4.298s] DEBUG:colcon.colcon_core.package_identification:Package 'src/f1tenth_gym_ros' with type 'ros.ament_python' and name 'f1tenth_gym_ros'
[4.298s] Level 1:colcon.colcon_core.package_discovery:discover_packages(recursive) using defaults
[4.298s] Level 1:colcon.colcon_core.package_discovery:discover_packages(ignore) discover
[4.298s] Level 1:colcon.colcon_core.package_discovery:discover_packages(ignore) using defaults
[4.298s] Level 1:colcon.colcon_core.package_discovery:discover_packages(path) discover
[4.298s] Level 1:colcon.colcon_core.package_discovery:discover_packages(path) using defaults
[4.682s] Level 1:colcon.colcon_core.package_discovery:discover_packages(prefix_path) check parameters
[4.682s] Level 1:colcon.colcon_core.package_discovery:discover_packages(prefix_path) discover
[4.834s] DEBUG:colcon.colcon_installed_package_information.package_discovery:Found 2 installed packages in /home/oem/sim_ws/install
[4.908s] DEBUG:colcon.colcon_installed_package_information.package_discovery:Found 18 installed packages in /home/oem/gcamp_ros2_ws/install
[4.984s] DEBUG:colcon.colcon_installed_package_information.package_discovery:Found 310 installed packages in /opt/ros/foxy
[4.985s] Level 1:colcon.colcon_core.package_discovery:discover_packages(prefix_path) using defaults
[5.200s] Level 5:colcon.colcon_core.verb:set package 'f110_cartographer_ros2' build argument 'cmake_args' from command line to 'None'
[5.200s] Level 5:colcon.colcon_core.verb:set package 'f110_cartographer_ros2' build argument 'cmake_target' from command line to 'None'
[5.200s] Level 5:colcon.colcon_core.verb:set package 'f110_cartographer_ros2' build argument 'cmake_target_skip_unavailable' from command line to 'False'
[5.200s] Level 5:colcon.colcon_core.verb:set package 'f110_cartographer_ros2' build argument 'cmake_clean_cache' from command line to 'False'
[5.200s] Level 5:colcon.colcon_core.verb:set package 'f110_cartographer_ros2' build argument 'cmake_clean_first' from command line to 'False'
[5.200s] Level 5:colcon.colcon_core.verb:set package 'f110_cartographer_ros2' build argument 'cmake_force_configure' from command line to 'False'
[5.200s] Level 5:colcon.colcon_core.verb:set package 'f110_cartographer_ros2' build argument 'ament_cmake_args' from command line to 'None'
[5.200s] Level 5:colcon.colcon_core.verb:set package 'f110_cartographer_ros2' build argument 'catkin_cmake_args' from command line to 'None'
[5.200s] Level 5:colcon.colcon_core.verb:set package 'f110_cartographer_ros2' build argument 'catkin_skip_building_tests' from command line to 'False'
[5.200s] DEBUG:colcon.colcon_core.verb:Building package 'f110_cartographer_ros2' with the following arguments: {'ament_cmake_args': None, 'build_base': '/home/oem/sim_ws/build/f110_cartographer_ros2', 'catkin_cmake_args': None, 'catkin_skip_building_tests': False, 'cmake_args': None, 'cmake_clean_cache': False, 'cmake_clean_first': False, 'cmake_force_configure': False, 'cmake_target': None, 'cmake_target_skip_unavailable': False, 'install_base': '/home/oem/sim_ws/install/f110_cartographer_ros2', 'merge_install': False, 'path': '/home/oem/sim_ws/src/f110_cartographer_ros2', 'symlink_install': False, 'test_result_base': None}
[5.274s] Level 5:colcon.colcon_core.verb:set package 'f1tenth_gym_ros' build argument 'cmake_args' from command line to 'None'
[5.274s] Level 5:colcon.colcon_core.verb:set package 'f1tenth_gym_ros' build argument 'cmake_target' from command line to 'None'
[5.274s] Level 5:colcon.colcon_core.verb:set package 'f1tenth_gym_ros' build argument 'cmake_target_skip_unavailable' from command line to 'False'
[5.274s] Level 5:colcon.colcon_core.verb:set package 'f1tenth_gym_ros' build argument 'cmake_clean_cache' from command line to 'False'
[5.274s] Level 5:colcon.colcon_core.verb:set package 'f1tenth_gym_ros' build argument 'cmake_clean_first' from command line to 'False'
[5.274s] Level 5:colcon.colcon_core.verb:set package 'f1tenth_gym_ros' build argument 'cmake_force_configure' from command line to 'False'
[5.274s] Level 5:colcon.colcon_core.verb:set package 'f1tenth_gym_ros' build argument 'ament_cmake_args' from command line to 'None'
[5.274s] Level 5:colcon.colcon_core.verb:set package 'f1tenth_gym_ros' build argument 'catkin_cmake_args' from command line to 'None'
[5.274s] Level 5:colcon.colcon_core.verb:set package 'f1tenth_gym_ros' build argument 'catkin_skip_building_tests' from command line to 'False'
[5.274s] DEBUG:colcon.colcon_core.verb:Building package 'f1tenth_gym_ros' with the following arguments: {'ament_cmake_args': None, 'build_base': '/home/oem/sim_ws/build/f1tenth_gym_ros', 'catkin_cmake_args': None, 'catkin_skip_building_tests': False, 'cmake_args': None, 'cmake_clean_cache': False, 'cmake_clean_first': False, 'cmake_force_configure': False, 'cmake_target': None, 'cmake_target_skip_unavailable': False, 'install_base': '/home/oem/sim_ws/install/f1tenth_gym_ros', 'merge_install': False, 'path': '/home/oem/sim_ws/src/f1tenth_gym_ros', 'symlink_install': False, 'test_result_base': None}
[5.347s] INFO:colcon.colcon_core.executor:Executing jobs using 'parallel' executor
[5.422s] DEBUG:colcon.colcon_parallel_executor.executor.parallel:run_until_complete
[5.422s] INFO:colcon.colcon_ros.task.ament_python.build:Building ROS package in '/home/oem/sim_ws/src/f110_cartographer_ros2' with build type 'ament_python'
[5.423s] Level 1:colcon.colcon_core.shell:create_environment_hook('f110_cartographer_ros2', 'ament_prefix_path')
[5.501s] INFO:colcon.colcon_core.plugin_system:Skipping extension 'colcon_core.shell.bat': Not used on non-Windows systems
[5.502s] INFO:colcon.colcon_core.shell:Creating environment hook '/home/oem/sim_ws/install/f110_cartographer_ros2/share/f110_cartographer_ros2/hook/ament_prefix_path.ps1'
[5.502s] INFO:colcon.colcon_core.shell:Creating environment descriptor '/home/oem/sim_ws/install/f110_cartographer_ros2/share/f110_cartographer_ros2/hook/ament_prefix_path.dsv'
[5.502s] INFO:colcon.colcon_core.shell:Creating environment hook '/home/oem/sim_ws/install/f110_cartographer_ros2/share/f110_cartographer_ros2/hook/ament_prefix_path.sh'
[5.580s] INFO:colcon.colcon_core.shell:Skip shell extension 'powershell' for command environment: Not usable outside of PowerShell
[5.580s] DEBUG:colcon.colcon_core.shell:Skip shell extension 'dsv' for command environment
[5.897s] INFO:colcon.colcon_ros.task.ament_python.build:Building ROS package in '/home/oem/sim_ws/src/f1tenth_gym_ros' with build type 'ament_python'
[5.897s] Level 1:colcon.colcon_core.shell:create_environment_hook('f1tenth_gym_ros', 'ament_prefix_path')
[5.979s] INFO:colcon.colcon_core.shell:Creating environment hook '/home/oem/sim_ws/install/f1tenth_gym_ros/share/f1tenth_gym_ros/hook/ament_prefix_path.ps1'
[5.979s] INFO:colcon.colcon_core.shell:Creating environment descriptor '/home/oem/sim_ws/install/f1tenth_gym_ros/share/f1tenth_gym_ros/hook/ament_prefix_path.dsv'
[5.979s] INFO:colcon.colcon_core.shell:Creating environment hook '/home/oem/sim_ws/install/f1tenth_gym_ros/share/f1tenth_gym_ros/hook/ament_prefix_path.sh'
[6.056s] INFO:colcon.colcon_core.shell:Skip shell extension 'powershell' for command environment: Not usable outside of PowerShell
[6.056s] DEBUG:colcon.colcon_core.shell:Skip shell extension 'dsv' for command environment
[6.549s] INFO:colcon.colcon_core.task.python.build:Building Python package in '/home/oem/sim_ws/src/f110_cartographer_ros2'
[6.627s] INFO:colcon.colcon_core.shell:Skip shell extension 'powershell' for command environment: Not usable outside of PowerShell
[6.628s] DEBUG:colcon.colcon_core.shell:Skip shell extension 'dsv' for command environment
[7.097s] INFO:colcon.colcon_core.task.python.build:Building Python package in '/home/oem/sim_ws/src/f1tenth_gym_ros'
[7.174s] INFO:colcon.colcon_core.shell:Skip shell extension 'powershell' for command environment: Not usable outside of PowerShell
[7.174s] DEBUG:colcon.colcon_core.shell:Skip shell extension 'dsv' for command environment
[7.768s] DEBUG:colcon.colcon_core.event_handler.log_command:Invoking command in '/home/oem/sim_ws/src/f1tenth_gym_ros': PYTHONPATH=/home/oem/sim_ws/build/f1tenth_gym_ros/prefix_override:/home/oem/sim_ws/install/f1tenth_gym_ros/lib/python3.8/site-packages:${PYTHONPATH} /usr/bin/python3 setup.py egg_info --egg-base ../../build/f1tenth_gym_ros build --build-base /home/oem/sim_ws/build/f1tenth_gym_ros/build install --record /home/oem/sim_ws/build/f1tenth_gym_ros/install.log --install-scripts $base/lib/f1tenth_gym_ros --single-version-externally-managed
[7.775s] DEBUG:colcon.colcon_core.event_handler.log_command:Invoking command in '/home/oem/sim_ws/src/f110_cartographer_ros2': PYTHONPATH=/home/oem/sim_ws/build/f110_cartographer_ros2/prefix_override:/home/oem/sim_ws/install/f110_cartographer_ros2/lib/python3.8/site-packages:${PYTHONPATH} /usr/bin/python3 setup.py egg_info --egg-base ../../build/f110_cartographer_ros2 build --build-base /home/oem/sim_ws/build/f110_cartographer_ros2/build install --record /home/oem/sim_ws/build/f110_cartographer_ros2/install.log --single-version-externally-managed
[7.989s] DEBUG:colcon.colcon_core.event_handler.log_command:Invoked command in '/home/oem/sim_ws/src/f1tenth_gym_ros' returned '0': PYTHONPATH=/home/oem/sim_ws/build/f1tenth_gym_ros/prefix_override:/home/oem/sim_ws/install/f1tenth_gym_ros/lib/python3.8/site-packages:${PYTHONPATH} /usr/bin/python3 setup.py egg_info --egg-base ../../build/f1tenth_gym_ros build --build-base /home/oem/sim_ws/build/f1tenth_gym_ros/build install --record /home/oem/sim_ws/build/f1tenth_gym_ros/install.log --install-scripts $base/lib/f1tenth_gym_ros --single-version-externally-managed
[8.068s] Level 1:colcon.colcon_core.environment:checking '/home/oem/sim_ws/install/f1tenth_gym_ros' for CMake module files
[8.069s] Level 1:colcon.colcon_core.environment:checking '/home/oem/sim_ws/install/f1tenth_gym_ros' for CMake config files
[8.069s] Level 1:colcon.colcon_core.environment:checking '/home/oem/sim_ws/install/f1tenth_gym_ros/lib'
[8.069s] Level 1:colcon.colcon_core.environment:checking '/home/oem/sim_ws/install/f1tenth_gym_ros/bin'
[8.069s] Level 1:colcon.colcon_core.environment:checking '/home/oem/sim_ws/install/f1tenth_gym_ros/lib/pkgconfig/f1tenth_gym_ros.pc'
[8.070s] Level 1:colcon.colcon_core.environment:checking '/home/oem/sim_ws/install/f1tenth_gym_ros/lib/python3.8/site-packages'
[8.070s] Level 1:colcon.colcon_core.shell:create_environment_hook('f1tenth_gym_ros', 'pythonpath')
[8.148s] INFO:colcon.colcon_core.shell:Creating environment hook '/home/oem/sim_ws/install/f1tenth_gym_ros/share/f1tenth_gym_ros/hook/pythonpath.ps1'
[8.149s] INFO:colcon.colcon_core.shell:Creating environment descriptor '/home/oem/sim_ws/install/f1tenth_gym_ros/share/f1tenth_gym_ros/hook/pythonpath.dsv'
[8.149s] INFO:colcon.colcon_core.shell:Creating environment hook '/home/oem/sim_ws/install/f1tenth_gym_ros/share/f1tenth_gym_ros/hook/pythonpath.sh'
[8.149s] Level 1:colcon.colcon_core.environment:checking '/home/oem/sim_ws/install/f1tenth_gym_ros/bin'
[8.150s] Level 1:colcon.colcon_core.environment:create_environment_scripts_only(f1tenth_gym_ros)
[8.227s] INFO:colcon.colcon_core.shell:Creating package script '/home/oem/sim_ws/install/f1tenth_gym_ros/share/f1tenth_gym_ros/package.ps1'
[8.228s] INFO:colcon.colcon_core.shell:Creating package descriptor '/home/oem/sim_ws/install/f1tenth_gym_ros/share/f1tenth_gym_ros/package.dsv'
[8.228s] INFO:colcon.colcon_core.shell:Creating package script '/home/oem/sim_ws/install/f1tenth_gym_ros/share/f1tenth_gym_ros/package.sh'
[8.229s] INFO:colcon.colcon_core.shell:Creating package script '/home/oem/sim_ws/install/f1tenth_gym_ros/share/f1tenth_gym_ros/package.bash'
[8.229s] INFO:colcon.colcon_core.shell:Creating package script '/home/oem/sim_ws/install/f1tenth_gym_ros/share/f1tenth_gym_ros/package.zsh'
[8.230s] Level 1:colcon.colcon_core.environment:create_file_with_runtime_dependencies(/home/oem/sim_ws/install/f1tenth_gym_ros/share/colcon-core/packages/f1tenth_gym_ros)
[8.231s] DEBUG:colcon.colcon_core.event_handler.log_command:Invoked command in '/home/oem/sim_ws/src/f110_cartographer_ros2' returned '0': PYTHONPATH=/home/oem/sim_ws/build/f110_cartographer_ros2/prefix_override:/home/oem/sim_ws/install/f110_cartographer_ros2/lib/python3.8/site-packages:${PYTHONPATH} /usr/bin/python3 setup.py egg_info --egg-base ../../build/f110_cartographer_ros2 build --build-base /home/oem/sim_ws/build/f110_cartographer_ros2/build install --record /home/oem/sim_ws/build/f110_cartographer_ros2/install.log --single-version-externally-managed
[8.309s] Level 1:colcon.colcon_core.environment:checking '/home/oem/sim_ws/install/f110_cartographer_ros2' for CMake module files
[8.310s] Level 1:colcon.colcon_core.environment:checking '/home/oem/sim_ws/install/f110_cartographer_ros2' for CMake config files
[8.311s] Level 1:colcon.colcon_core.environment:checking '/home/oem/sim_ws/install/f110_cartographer_ros2/lib'
[8.311s] Level 1:colcon.colcon_core.environment:checking '/home/oem/sim_ws/install/f110_cartographer_ros2/bin'
[8.311s] Level 1:colcon.colcon_core.environment:checking '/home/oem/sim_ws/install/f110_cartographer_ros2/lib/pkgconfig/f110_cartographer_ros2.pc'
[8.311s] Level 1:colcon.colcon_core.environment:checking '/home/oem/sim_ws/install/f110_cartographer_ros2/lib/python3.8/site-packages'
[8.312s] Level 1:colcon.colcon_core.shell:create_environment_hook('f110_cartographer_ros2', 'pythonpath')
[8.388s] INFO:colcon.colcon_core.shell:Creating environment hook '/home/oem/sim_ws/install/f110_cartographer_ros2/share/f110_cartographer_ros2/hook/pythonpath.ps1'
[8.388s] INFO:colcon.colcon_core.shell:Creating environment descriptor '/home/oem/sim_ws/install/f110_cartographer_ros2/share/f110_cartographer_ros2/hook/pythonpath.dsv'
[8.389s] INFO:colcon.colcon_core.shell:Creating environment hook '/home/oem/sim_ws/install/f110_cartographer_ros2/share/f110_cartographer_ros2/hook/pythonpath.sh'
[8.389s] Level 1:colcon.colcon_core.environment:checking '/home/oem/sim_ws/install/f110_cartographer_ros2/bin'
[8.389s] Level 1:colcon.colcon_core.environment:create_environment_scripts_only(f110_cartographer_ros2)
[8.466s] INFO:colcon.colcon_core.shell:Creating package script '/home/oem/sim_ws/install/f110_cartographer_ros2/share/f110_cartographer_ros2/package.ps1'
[8.466s] INFO:colcon.colcon_core.shell:Creating package descriptor '/home/oem/sim_ws/install/f110_cartographer_ros2/share/f110_cartographer_ros2/package.dsv'
[8.466s] INFO:colcon.colcon_core.shell:Creating package script '/home/oem/sim_ws/install/f110_cartographer_ros2/share/f110_cartographer_ros2/package.sh'
[8.467s] INFO:colcon.colcon_core.shell:Creating package script '/home/oem/sim_ws/install/f110_cartographer_ros2/share/f110_cartographer_ros2/package.bash'
[8.467s] INFO:colcon.colcon_core.shell:Creating package script '/home/oem/sim_ws/install/f110_cartographer_ros2/share/f110_cartographer_ros2/package.zsh'
[8.467s] Level 1:colcon.colcon_core.environment:create_file_with_runtime_dependencies(/home/oem/sim_ws/install/f110_cartographer_ros2/share/colcon-core/packages/f110_cartographer_ros2)
[8.467s] DEBUG:colcon.colcon_parallel_executor.executor.parallel:closing loop
[8.467s] DEBUG:colcon.colcon_parallel_executor.executor.parallel:loop closed
[8.468s] DEBUG:colcon.colcon_parallel_executor.executor.parallel:run_until_complete finished with '0'
[8.468s] DEBUG:colcon.colcon_core.event_reactor:joining thread
[8.550s] INFO:colcon.colcon_core.plugin_system:Skipping extension 'colcon_notification.desktop_notification.terminal_notifier': Not used on non-Darwin systems
[8.550s] INFO:colcon.colcon_core.plugin_system:Skipping extension 'colcon_notification.desktop_notification.win32': Not used on non-Windows systems
[8.550s] INFO:colcon.colcon_notification.desktop_notification:Sending desktop notification using 'notify2'
[8.560s] DEBUG:colcon.colcon_core.event_reactor:joined thread
[8.636s] INFO:colcon.colcon_core.shell:Creating prefix script '/home/oem/sim_ws/install/local_setup.ps1'
[8.637s] INFO:colcon.colcon_core.shell:Creating prefix util module '/home/oem/sim_ws/install/_local_setup_util_ps1.py'
[8.638s] INFO:colcon.colcon_core.shell:Creating prefix chain script '/home/oem/sim_ws/install/setup.ps1'
[8.714s] INFO:colcon.colcon_core.shell:Creating prefix script '/home/oem/sim_ws/install/local_setup.sh'
[8.714s] INFO:colcon.colcon_core.shell:Creating prefix util module '/home/oem/sim_ws/install/_local_setup_util_sh.py'
[8.715s] INFO:colcon.colcon_core.shell:Creating prefix chain script '/home/oem/sim_ws/install/setup.sh'
[8.791s] INFO:colcon.colcon_core.shell:Creating prefix script '/home/oem/sim_ws/install/local_setup.bash'
[8.791s] INFO:colcon.colcon_core.shell:Creating prefix chain script '/home/oem/sim_ws/install/setup.bash'
[8.867s] INFO:colcon.colcon_core.shell:Creating prefix script '/home/oem/sim_ws/install/local_setup.zsh'
[8.867s] INFO:colcon.colcon_core.shell:Creating prefix chain script '/home/oem/sim_ws/install/setup.zsh'
