[4.124s] DEBUG:colcon:Command line arguments: ['/usr/bin/colcon', 'build']
[4.124s] DEBUG:colcon:Parsed command line arguments: Namespace(allow_overriding=[], ament_cmake_args=None, base_paths=['.'], build_base='build', catkin_cmake_args=None, catkin_skip_building_tests=False, cmake_args=None, cmake_clean_cache=False, cmake_clean_first=False, cmake_force_configure=False, cmake_target=None, cmake_target_skip_unavailable=False, continue_on_error=False, event_handlers=None, executor='parallel', ignore_user_meta=False, install_base='install', log_base=None, log_level=None, main=<bound method BuildVerb.main of <colcon_core.verb.build.BuildVerb object at 0x7fdb2dc98e20>>, merge_install=False, metas=['./colcon.meta'], packages_above=None, packages_above_and_dependencies=None, packages_above_depth=None, packages_end=None, packages_ignore=None, packages_ignore_regex=None, packages_select=None, packages_select_build_failed=False, packages_select_by_dep=None, packages_select_regex=None, packages_select_test_failures=False, packages_skip=None, packages_skip_build_finished=False, packages_skip_by_dep=None, packages_skip_regex=None, packages_skip_test_passed=False, packages_skip_up_to=None, packages_start=None, packages_up_to=None, packages_up_to_regex=None, parallel_workers=12, paths=None, symlink_install=False, test_result_base=None, verb_extension=<colcon_core.verb.build.BuildVerb object at 0x7fdb2dc98e20>, verb_name='build', verb_parser=<colcon_defaults.argument_parser.defaults.DefaultArgumentsDecorator object at 0x7fdb2dc79460>)
[4.310s] Level 1:colcon.colcon_core.package_discovery:discover_packages(colcon_meta) check parameters
[4.310s] Level 1:colcon.colcon_core.package_discovery:discover_packages(recursive) check parameters
[4.310s] Level 1:colcon.colcon_core.package_discovery:discover_packages(ignore) check parameters
[4.310s] Level 1:colcon.colcon_core.package_discovery:discover_packages(path) check parameters
[4.310s] Level 1:colcon.colcon_core.package_discovery:discover_packages(colcon_meta) discover
[4.311s] Level 1:colcon.colcon_core.package_discovery:discover_packages(recursive) discover
[4.311s] INFO:colcon.colcon_core.package_discovery:Crawling recursively for packages in '/home/oem/sim_ws'
[4.311s] Level 1:colcon.colcon_core.package_identification:_identify(.) by extensions ['ignore', 'ignore_ament_install']
[4.311s] Level 1:colcon.colcon_core.package_identification:_identify(.) by extension 'ignore'
[4.311s] Level 1:colcon.colcon_core.package_identification:_identify(.) by extension 'ignore_ament_install'
[4.311s] Level 1:colcon.colcon_core.package_identification:_identify(.) by extensions ['colcon_pkg']
[4.311s] Level 1:colcon.colcon_core.package_identification:_identify(.) by extension 'colcon_pkg'
[4.311s] Level 1:colcon.colcon_core.package_identification:_identify(.) by extensions ['colcon_meta']
[4.311s] Level 1:colcon.colcon_core.package_identification:_identify(.) by extension 'colcon_meta'
[4.311s] Level 1:colcon.colcon_core.package_identification:_identify(.) by extensions ['ros']
[4.311s] Level 1:colcon.colcon_core.package_identification:_identify(.) by extension 'ros'
[4.319s] Level 1:colcon.colcon_core.package_identification:_identify(.) by extensions ['cmake', 'python']
[4.319s] Level 1:colcon.colcon_core.package_identification:_identify(.) by extension 'cmake'
[4.319s] Level 1:colcon.colcon_core.package_identification:_identify(.) by extension 'python'
[4.319s] Level 1:colcon.colcon_core.package_identification:_identify(.) by extensions ['python_setup_py']
[4.319s] Level 1:colcon.colcon_core.package_identification:_identify(.) by extension 'python_setup_py'
[4.319s] Level 1:colcon.colcon_core.package_identification:_identify(build) by extensions ['ignore', 'ignore_ament_install']
[4.319s] Level 1:colcon.colcon_core.package_identification:_identify(build) by extension 'ignore'
[4.319s] Level 1:colcon.colcon_core.package_identification:_identify(build) ignored
[4.319s] Level 1:colcon.colcon_core.package_identification:_identify(install) by extensions ['ignore', 'ignore_ament_install']
[4.319s] Level 1:colcon.colcon_core.package_identification:_identify(install) by extension 'ignore'
[4.319s] Level 1:colcon.colcon_core.package_identification:_identify(install) ignored
[4.319s] Level 1:colcon.colcon_core.package_identification:_identify(log) by extensions ['ignore', 'ignore_ament_install']
[4.319s] Level 1:colcon.colcon_core.package_identification:_identify(log) by extension 'ignore'
[4.319s] Level 1:colcon.colcon_core.package_identification:_identify(log) ignored
[4.320s] Level 1:colcon.colcon_core.package_identification:_identify(src) by extensions ['ignore', 'ignore_ament_install']
[4.320s] Level 1:colcon.colcon_core.package_identification:_identify(src) by extension 'ignore'
[4.320s] Level 1:colcon.colcon_core.package_identification:_identify(src) by extension 'ignore_ament_install'
[4.320s] Level 1:colcon.colcon_core.package_identification:_identify(src) by extensions ['colcon_pkg']
[4.320s] Level 1:colcon.colcon_core.package_identification:_identify(src) by extension 'colcon_pkg'
[4.320s] Level 1:colcon.colcon_core.package_identification:_identify(src) by extensions ['colcon_meta']
[4.320s] Level 1:colcon.colcon_core.package_identification:_identify(src) by extension 'colcon_meta'
[4.320s] Level 1:colcon.colcon_core.package_identification:_identify(src) by extensions ['ros']
[4.320s] Level 1:colcon.colcon_core.package_identification:_identify(src) by extension 'ros'
[4.320s] Level 1:colcon.colcon_core.package_identification:_identify(src) by extensions ['cmake', 'python']
[4.320s] Level 1:colcon.colcon_core.package_identification:_identify(src) by extension 'cmake'
[4.320s] Level 1:colcon.colcon_core.package_identification:_identify(src) by extension 'python'
[4.320s] Level 1:colcon.colcon_core.package_identification:_identify(src) by extensions ['python_setup_py']
[4.320s] Level 1:colcon.colcon_core.package_identification:_identify(src) by extension 'python_setup_py'
[4.320s] Level 1:colcon.colcon_core.package_identification:_identify(src/f110_cartographer_ros2) by extensions ['ignore', 'ignore_ament_install']
[4.320s] Level 1:colcon.colcon_core.package_identification:_identify(src/f110_cartographer_ros2) by extension 'ignore'
[4.320s] Level 1:colcon.colcon_core.package_identification:_identify(src/f110_cartographer_ros2) by extension 'ignore_ament_install'
[4.320s] Level 1:colcon.colcon_core.package_identification:_identify(src/f110_cartographer_ros2) by extensions ['colcon_pkg']
[4.320s] Level 1:colcon.colcon_core.package_identification:_identify(src/f110_cartographer_ros2) by extension 'colcon_pkg'
[4.320s] Level 1:colcon.colcon_core.package_identification:_identify(src/f110_cartographer_ros2) by extensions ['colcon_meta']
[4.320s] Level 1:colcon.colcon_core.package_identification:_identify(src/f110_cartographer_ros2) by extension 'colcon_meta'
[4.320s] Level 1:colcon.colcon_core.package_identification:_identify(src/f110_cartographer_ros2) by extensions ['ros']
[4.320s] Level 1:colcon.colcon_core.package_identification:_identify(src/f110_cartographer_ros2) by extension 'ros'
[4.322s] DEBUG:colcon.colcon_core.package_identification:Package 'src/f110_cartographer_ros2' with type 'ros.ament_python' and name 'f110_cartographer_ros2'
[4.322s] Level 1:colcon.colcon_core.package_identification:_identify(src/f1tenth_gym_ros) by extensions ['ignore', 'ignore_ament_install']
[4.322s] Level 1:colcon.colcon_core.package_identification:_identify(src/f1tenth_gym_ros) by extension 'ignore'
[4.322s] Level 1:colcon.colcon_core.package_identification:_identify(src/f1tenth_gym_ros) by extension 'ignore_ament_install'
[4.322s] Level 1:colcon.colcon_core.package_identification:_identify(src/f1tenth_gym_ros) by extensions ['colcon_pkg']
[4.322s] Level 1:colcon.colcon_core.package_identification:_identify(src/f1tenth_gym_ros) by extension 'colcon_pkg'
[4.322s] Level 1:colcon.colcon_core.package_identification:_identify(src/f1tenth_gym_ros) by extensions ['colcon_meta']
[4.322s] Level 1:colcon.colcon_core.package_identification:_identify(src/f1tenth_gym_ros) by extension 'colcon_meta'
[4.322s] Level 1:colcon.colcon_core.package_identification:_identify(src/f1tenth_gym_ros) by extensions ['ros']
[4.322s] Level 1:colcon.colcon_core.package_identification:_identify(src/f1tenth_gym_ros) by extension 'ros'
[4.323s] DEBUG:colcon.colcon_core.package_identification:Package 'src/f1tenth_gym_ros' with type 'ros.ament_python' and name 'f1tenth_gym_ros'
[4.323s] Level 1:colcon.colcon_core.package_discovery:discover_packages(recursive) using defaults
[4.323s] Level 1:colcon.colcon_core.package_discovery:discover_packages(ignore) discover
[4.323s] Level 1:colcon.colcon_core.package_discovery:discover_packages(ignore) using defaults
[4.323s] Level 1:colcon.colcon_core.package_discovery:discover_packages(path) discover
[4.323s] Level 1:colcon.colcon_core.package_discovery:discover_packages(path) using defaults
[4.708s] Level 1:colcon.colcon_core.package_discovery:discover_packages(prefix_path) check parameters
[4.709s] Level 1:colcon.colcon_core.package_discovery:discover_packages(prefix_path) discover
[4.860s] DEBUG:colcon.colcon_installed_package_information.package_discovery:Found 2 installed packages in /home/oem/sim_ws/install
[4.935s] DEBUG:colcon.colcon_installed_package_information.package_discovery:Found 18 installed packages in /home/oem/gcamp_ros2_ws/install
[5.010s] DEBUG:colcon.colcon_installed_package_information.package_discovery:Found 310 installed packages in /opt/ros/foxy
[5.011s] Level 1:colcon.colcon_core.package_discovery:discover_packages(prefix_path) using defaults
[5.227s] Level 5:colcon.colcon_core.verb:set package 'f110_cartographer_ros2' build argument 'cmake_args' from command line to 'None'
[5.227s] Level 5:colcon.colcon_core.verb:set package 'f110_cartographer_ros2' build argument 'cmake_target' from command line to 'None'
[5.227s] Level 5:colcon.colcon_core.verb:set package 'f110_cartographer_ros2' build argument 'cmake_target_skip_unavailable' from command line to 'False'
[5.227s] Level 5:colcon.colcon_core.verb:set package 'f110_cartographer_ros2' build argument 'cmake_clean_cache' from command line to 'False'
[5.227s] Level 5:colcon.colcon_core.verb:set package 'f110_cartographer_ros2' build argument 'cmake_clean_first' from command line to 'False'
[5.227s] Level 5:colcon.colcon_core.verb:set package 'f110_cartographer_ros2' build argument 'cmake_force_configure' from command line to 'False'
[5.227s] Level 5:colcon.colcon_core.verb:set package 'f110_cartographer_ros2' build argument 'ament_cmake_args' from command line to 'None'
[5.227s] Level 5:colcon.colcon_core.verb:set package 'f110_cartographer_ros2' build argument 'catkin_cmake_args' from command line to 'None'
[5.227s] Level 5:colcon.colcon_core.verb:set package 'f110_cartographer_ros2' build argument 'catkin_skip_building_tests' from command line to 'False'
[5.227s] DEBUG:colcon.colcon_core.verb:Building package 'f110_cartographer_ros2' with the following arguments: {'ament_cmake_args': None, 'build_base': '/home/oem/sim_ws/build/f110_cartographer_ros2', 'catkin_cmake_args': None, 'catkin_skip_building_tests': False, 'cmake_args': None, 'cmake_clean_cache': False, 'cmake_clean_first': False, 'cmake_force_configure': False, 'cmake_target': None, 'cmake_target_skip_unavailable': False, 'install_base': '/home/oem/sim_ws/install/f110_cartographer_ros2', 'merge_install': False, 'path': '/home/oem/sim_ws/src/f110_cartographer_ros2', 'symlink_install': False, 'test_result_base': None}
[5.300s] Level 5:colcon.colcon_core.verb:set package 'f1tenth_gym_ros' build argument 'cmake_args' from command line to 'None'
[5.301s] Level 5:colcon.colcon_core.verb:set package 'f1tenth_gym_ros' build argument 'cmake_target' from command line to 'None'
[5.301s] Level 5:colcon.colcon_core.verb:set package 'f1tenth_gym_ros' build argument 'cmake_target_skip_unavailable' from command line to 'False'
[5.301s] Level 5:colcon.colcon_core.verb:set package 'f1tenth_gym_ros' build argument 'cmake_clean_cache' from command line to 'False'
[5.301s] Level 5:colcon.colcon_core.verb:set package 'f1tenth_gym_ros' build argument 'cmake_clean_first' from command line to 'False'
[5.301s] Level 5:colcon.colcon_core.verb:set package 'f1tenth_gym_ros' build argument 'cmake_force_configure' from command line to 'False'
[5.301s] Level 5:colcon.colcon_core.verb:set package 'f1tenth_gym_ros' build argument 'ament_cmake_args' from command line to 'None'
[5.301s] Level 5:colcon.colcon_core.verb:set package 'f1tenth_gym_ros' build argument 'catkin_cmake_args' from command line to 'None'
[5.301s] Level 5:colcon.colcon_core.verb:set package 'f1tenth_gym_ros' build argument 'catkin_skip_building_tests' from command line to 'False'
[5.301s] DEBUG:colcon.colcon_core.verb:Building package 'f1tenth_gym_ros' with the following arguments: {'ament_cmake_args': None, 'build_base': '/home/oem/sim_ws/build/f1tenth_gym_ros', 'catkin_cmake_args': None, 'catkin_skip_building_tests': False, 'cmake_args': None, 'cmake_clean_cache': False, 'cmake_clean_first': False, 'cmake_force_configure': False, 'cmake_target': None, 'cmake_target_skip_unavailable': False, 'install_base': '/home/oem/sim_ws/install/f1tenth_gym_ros', 'merge_install': False, 'path': '/home/oem/sim_ws/src/f1tenth_gym_ros', 'symlink_install': False, 'test_result_base': None}
[5.374s] INFO:colcon.colcon_core.executor:Executing jobs using 'parallel' executor
[5.448s] DEBUG:colcon.colcon_parallel_executor.executor.parallel:run_until_complete
[5.449s] INFO:colcon.colcon_ros.task.ament_python.build:Building ROS package in '/home/oem/sim_ws/src/f110_cartographer_ros2' with build type 'ament_python'
[5.449s] Level 1:colcon.colcon_core.shell:create_environment_hook('f110_cartographer_ros2', 'ament_prefix_path')
[5.527s] INFO:colcon.colcon_core.plugin_system:Skipping extension 'colcon_core.shell.bat': Not used on non-Windows systems
[5.527s] INFO:colcon.colcon_core.shell:Creating environment hook '/home/oem/sim_ws/install/f110_cartographer_ros2/share/f110_cartographer_ros2/hook/ament_prefix_path.ps1'
[5.528s] INFO:colcon.colcon_core.shell:Creating environment descriptor '/home/oem/sim_ws/install/f110_cartographer_ros2/share/f110_cartographer_ros2/hook/ament_prefix_path.dsv'
[5.528s] INFO:colcon.colcon_core.shell:Creating environment hook '/home/oem/sim_ws/install/f110_cartographer_ros2/share/f110_cartographer_ros2/hook/ament_prefix_path.sh'
[5.606s] INFO:colcon.colcon_core.shell:Skip shell extension 'powershell' for command environment: Not usable outside of PowerShell
[5.606s] DEBUG:colcon.colcon_core.shell:Skip shell extension 'dsv' for command environment
[5.914s] INFO:colcon.colcon_ros.task.ament_python.build:Building ROS package in '/home/oem/sim_ws/src/f1tenth_gym_ros' with build type 'ament_python'
[5.914s] Level 1:colcon.colcon_core.shell:create_environment_hook('f1tenth_gym_ros', 'ament_prefix_path')
[5.997s] INFO:colcon.colcon_core.shell:Creating environment hook '/home/oem/sim_ws/install/f1tenth_gym_ros/share/f1tenth_gym_ros/hook/ament_prefix_path.ps1'
[5.997s] INFO:colcon.colcon_core.shell:Creating environment descriptor '/home/oem/sim_ws/install/f1tenth_gym_ros/share/f1tenth_gym_ros/hook/ament_prefix_path.dsv'
[5.997s] INFO:colcon.colcon_core.shell:Creating environment hook '/home/oem/sim_ws/install/f1tenth_gym_ros/share/f1tenth_gym_ros/hook/ament_prefix_path.sh'
[6.074s] INFO:colcon.colcon_core.shell:Skip shell extension 'powershell' for command environment: Not usable outside of PowerShell
[6.074s] DEBUG:colcon.colcon_core.shell:Skip shell extension 'dsv' for command environment
[6.553s] INFO:colcon.colcon_core.task.python.build:Building Python package in '/home/oem/sim_ws/src/f110_cartographer_ros2'
[6.632s] INFO:colcon.colcon_core.shell:Skip shell extension 'powershell' for command environment: Not usable outside of PowerShell
[6.632s] DEBUG:colcon.colcon_core.shell:Skip shell extension 'dsv' for command environment
[7.106s] INFO:colcon.colcon_core.task.python.build:Building Python package in '/home/oem/sim_ws/src/f1tenth_gym_ros'
[7.184s] INFO:colcon.colcon_core.shell:Skip shell extension 'powershell' for command environment: Not usable outside of PowerShell
[7.184s] DEBUG:colcon.colcon_core.shell:Skip shell extension 'dsv' for command environment
[7.780s] DEBUG:colcon.colcon_core.event_handler.log_command:Invoking command in '/home/oem/sim_ws/src/f1tenth_gym_ros': PYTHONPATH=/home/oem/sim_ws/build/f1tenth_gym_ros/prefix_override:/home/oem/sim_ws/install/f1tenth_gym_ros/lib/python3.8/site-packages:${PYTHONPATH} /usr/bin/python3 setup.py egg_info --egg-base ../../build/f1tenth_gym_ros build --build-base /home/oem/sim_ws/build/f1tenth_gym_ros/build install --record /home/oem/sim_ws/build/f1tenth_gym_ros/install.log --install-scripts $base/lib/f1tenth_gym_ros --single-version-externally-managed
[7.784s] DEBUG:colcon.colcon_core.event_handler.log_command:Invoking command in '/home/oem/sim_ws/src/f110_cartographer_ros2': PYTHONPATH=/home/oem/sim_ws/build/f110_cartographer_ros2/prefix_override:/home/oem/sim_ws/install/f110_cartographer_ros2/lib/python3.8/site-packages:${PYTHONPATH} /usr/bin/python3 setup.py egg_info --egg-base ../../build/f110_cartographer_ros2 build --build-base /home/oem/sim_ws/build/f110_cartographer_ros2/build install --record /home/oem/sim_ws/build/f110_cartographer_ros2/install.log --single-version-externally-managed
[8.001s] DEBUG:colcon.colcon_core.event_handler.log_command:Invoked command in '/home/oem/sim_ws/src/f1tenth_gym_ros' returned '0': PYTHONPATH=/home/oem/sim_ws/build/f1tenth_gym_ros/prefix_override:/home/oem/sim_ws/install/f1tenth_gym_ros/lib/python3.8/site-packages:${PYTHONPATH} /usr/bin/python3 setup.py egg_info --egg-base ../../build/f1tenth_gym_ros build --build-base /home/oem/sim_ws/build/f1tenth_gym_ros/build install --record /home/oem/sim_ws/build/f1tenth_gym_ros/install.log --install-scripts $base/lib/f1tenth_gym_ros --single-version-externally-managed
[8.083s] Level 1:colcon.colcon_core.environment:checking '/home/oem/sim_ws/install/f1tenth_gym_ros' for CMake module files
[8.083s] Level 1:colcon.colcon_core.environment:checking '/home/oem/sim_ws/install/f1tenth_gym_ros' for CMake config files
[8.084s] Level 1:colcon.colcon_core.environment:checking '/home/oem/sim_ws/install/f1tenth_gym_ros/lib'
[8.084s] Level 1:colcon.colcon_core.environment:checking '/home/oem/sim_ws/install/f1tenth_gym_ros/bin'
[8.084s] Level 1:colcon.colcon_core.environment:checking '/home/oem/sim_ws/install/f1tenth_gym_ros/lib/pkgconfig/f1tenth_gym_ros.pc'
[8.084s] Level 1:colcon.colcon_core.environment:checking '/home/oem/sim_ws/install/f1tenth_gym_ros/lib/python3.8/site-packages'
[8.084s] Level 1:colcon.colcon_core.shell:create_environment_hook('f1tenth_gym_ros', 'pythonpath')
[8.161s] INFO:colcon.colcon_core.shell:Creating environment hook '/home/oem/sim_ws/install/f1tenth_gym_ros/share/f1tenth_gym_ros/hook/pythonpath.ps1'
[8.162s] INFO:colcon.colcon_core.shell:Creating environment descriptor '/home/oem/sim_ws/install/f1tenth_gym_ros/share/f1tenth_gym_ros/hook/pythonpath.dsv'
[8.162s] INFO:colcon.colcon_core.shell:Creating environment hook '/home/oem/sim_ws/install/f1tenth_gym_ros/share/f1tenth_gym_ros/hook/pythonpath.sh'
[8.162s] Level 1:colcon.colcon_core.environment:checking '/home/oem/sim_ws/install/f1tenth_gym_ros/bin'
[8.162s] Level 1:colcon.colcon_core.environment:create_environment_scripts_only(f1tenth_gym_ros)
[8.240s] INFO:colcon.colcon_core.shell:Creating package script '/home/oem/sim_ws/install/f1tenth_gym_ros/share/f1tenth_gym_ros/package.ps1'
[8.241s] INFO:colcon.colcon_core.shell:Creating package descriptor '/home/oem/sim_ws/install/f1tenth_gym_ros/share/f1tenth_gym_ros/package.dsv'
[8.241s] INFO:colcon.colcon_core.shell:Creating package script '/home/oem/sim_ws/install/f1tenth_gym_ros/share/f1tenth_gym_ros/package.sh'
[8.242s] INFO:colcon.colcon_core.shell:Creating package script '/home/oem/sim_ws/install/f1tenth_gym_ros/share/f1tenth_gym_ros/package.bash'
[8.242s] INFO:colcon.colcon_core.shell:Creating package script '/home/oem/sim_ws/install/f1tenth_gym_ros/share/f1tenth_gym_ros/package.zsh'
[8.242s] Level 1:colcon.colcon_core.environment:create_file_with_runtime_dependencies(/home/oem/sim_ws/install/f1tenth_gym_ros/share/colcon-core/packages/f1tenth_gym_ros)
[8.244s] DEBUG:colcon.colcon_core.event_handler.log_command:Invoked command in '/home/oem/sim_ws/src/f110_cartographer_ros2' returned '0': PYTHONPATH=/home/oem/sim_ws/build/f110_cartographer_ros2/prefix_override:/home/oem/sim_ws/install/f110_cartographer_ros2/lib/python3.8/site-packages:${PYTHONPATH} /usr/bin/python3 setup.py egg_info --egg-base ../../build/f110_cartographer_ros2 build --build-base /home/oem/sim_ws/build/f110_cartographer_ros2/build install --record /home/oem/sim_ws/build/f110_cartographer_ros2/install.log --single-version-externally-managed
[8.323s] Level 1:colcon.colcon_core.environment:checking '/home/oem/sim_ws/install/f110_cartographer_ros2' for CMake module files
[8.323s] Level 1:colcon.colcon_core.environment:checking '/home/oem/sim_ws/install/f110_cartographer_ros2' for CMake config files
[8.324s] Level 1:colcon.colcon_core.environment:checking '/home/oem/sim_ws/install/f110_cartographer_ros2/lib'
[8.325s] Level 1:colcon.colcon_core.environment:checking '/home/oem/sim_ws/install/f110_cartographer_ros2/bin'
[8.325s] Level 1:colcon.colcon_core.environment:checking '/home/oem/sim_ws/install/f110_cartographer_ros2/lib/pkgconfig/f110_cartographer_ros2.pc'
[8.325s] Level 1:colcon.colcon_core.environment:checking '/home/oem/sim_ws/install/f110_cartographer_ros2/lib/python3.8/site-packages'
[8.325s] Level 1:colcon.colcon_core.shell:create_environment_hook('f110_cartographer_ros2', 'pythonpath')
[8.401s] INFO:colcon.colcon_core.shell:Creating environment hook '/home/oem/sim_ws/install/f110_cartographer_ros2/share/f110_cartographer_ros2/hook/pythonpath.ps1'
[8.401s] INFO:colcon.colcon_core.shell:Creating environment descriptor '/home/oem/sim_ws/install/f110_cartographer_ros2/share/f110_cartographer_ros2/hook/pythonpath.dsv'
[8.401s] INFO:colcon.colcon_core.shell:Creating environment hook '/home/oem/sim_ws/install/f110_cartographer_ros2/share/f110_cartographer_ros2/hook/pythonpath.sh'
[8.401s] Level 1:colcon.colcon_core.environment:checking '/home/oem/sim_ws/install/f110_cartographer_ros2/bin'
[8.401s] Level 1:colcon.colcon_core.environment:create_environment_scripts_only(f110_cartographer_ros2)
[8.478s] INFO:colcon.colcon_core.shell:Creating package script '/home/oem/sim_ws/install/f110_cartographer_ros2/share/f110_cartographer_ros2/package.ps1'
[8.478s] INFO:colcon.colcon_core.shell:Creating package descriptor '/home/oem/sim_ws/install/f110_cartographer_ros2/share/f110_cartographer_ros2/package.dsv'
[8.479s] INFO:colcon.colcon_core.shell:Creating package script '/home/oem/sim_ws/install/f110_cartographer_ros2/share/f110_cartographer_ros2/package.sh'
[8.479s] INFO:colcon.colcon_core.shell:Creating package script '/home/oem/sim_ws/install/f110_cartographer_ros2/share/f110_cartographer_ros2/package.bash'
[8.479s] INFO:colcon.colcon_core.shell:Creating package script '/home/oem/sim_ws/install/f110_cartographer_ros2/share/f110_cartographer_ros2/package.zsh'
[8.479s] Level 1:colcon.colcon_core.environment:create_file_with_runtime_dependencies(/home/oem/sim_ws/install/f110_cartographer_ros2/share/colcon-core/packages/f110_cartographer_ros2)
[8.480s] DEBUG:colcon.colcon_parallel_executor.executor.parallel:closing loop
[8.480s] DEBUG:colcon.colcon_parallel_executor.executor.parallel:loop closed
[8.480s] DEBUG:colcon.colcon_parallel_executor.executor.parallel:run_until_complete finished with '0'
[8.480s] DEBUG:colcon.colcon_core.event_reactor:joining thread
[8.562s] INFO:colcon.colcon_core.plugin_system:Skipping extension 'colcon_notification.desktop_notification.terminal_notifier': Not used on non-Darwin systems
[8.562s] INFO:colcon.colcon_core.plugin_system:Skipping extension 'colcon_notification.desktop_notification.win32': Not used on non-Windows systems
[8.562s] INFO:colcon.colcon_notification.desktop_notification:Sending desktop notification using 'notify2'
[8.574s] DEBUG:colcon.colcon_core.event_reactor:joined thread
[8.651s] INFO:colcon.colcon_core.shell:Creating prefix script '/home/oem/sim_ws/install/local_setup.ps1'
[8.652s] INFO:colcon.colcon_core.shell:Creating prefix util module '/home/oem/sim_ws/install/_local_setup_util_ps1.py'
[8.653s] INFO:colcon.colcon_core.shell:Creating prefix chain script '/home/oem/sim_ws/install/setup.ps1'
[8.730s] INFO:colcon.colcon_core.shell:Creating prefix script '/home/oem/sim_ws/install/local_setup.sh'
[8.730s] INFO:colcon.colcon_core.shell:Creating prefix util module '/home/oem/sim_ws/install/_local_setup_util_sh.py'
[8.730s] INFO:colcon.colcon_core.shell:Creating prefix chain script '/home/oem/sim_ws/install/setup.sh'
[8.807s] INFO:colcon.colcon_core.shell:Creating prefix script '/home/oem/sim_ws/install/local_setup.bash'
[8.807s] INFO:colcon.colcon_core.shell:Creating prefix chain script '/home/oem/sim_ws/install/setup.bash'
[8.883s] INFO:colcon.colcon_core.shell:Creating prefix script '/home/oem/sim_ws/install/local_setup.zsh'
[8.883s] INFO:colcon.colcon_core.shell:Creating prefix chain script '/home/oem/sim_ws/install/setup.zsh'
