[1.987s] Invoking command in '/home/oem/sim_ws/src/f110_cartographer_ros2': PYTHONPATH=/home/oem/sim_ws/build/f110_cartographer_ros2/prefix_override:/home/oem/sim_ws/install/f110_cartographer_ros2/lib/python3.8/site-packages:${PYTHONPATH} /usr/bin/python3 setup.py egg_info --egg-base ../../build/f110_cartographer_ros2 build --build-base /home/oem/sim_ws/build/f110_cartographer_ros2/build install --record /home/oem/sim_ws/build/f110_cartographer_ros2/install.log --single-version-externally-managed
[2.138s] running egg_info
[2.139s] writing ../../build/f110_cartographer_ros2/f110_cartographer_ros2.egg-info/PKG-INFO
[2.139s] writing dependency_links to ../../build/f110_cartographer_ros2/f110_cartographer_ros2.egg-info/dependency_links.txt
[2.139s] writing entry points to ../../build/f110_cartographer_ros2/f110_cartographer_ros2.egg-info/entry_points.txt
[2.139s] writing requirements to ../../build/f110_cartographer_ros2/f110_cartographer_ros2.egg-info/requires.txt
[2.139s] writing top-level names to ../../build/f110_cartographer_ros2/f110_cartographer_ros2.egg-info/top_level.txt
[2.166s] reading manifest file '../../build/f110_cartographer_ros2/f110_cartographer_ros2.egg-info/SOURCES.txt'
[2.169s] writing manifest file '../../build/f110_cartographer_ros2/f110_cartographer_ros2.egg-info/SOURCES.txt'
[2.169s] running build
[2.169s] running build_py
[2.169s] running install
[2.170s] running install_lib
[2.171s] running install_data
[2.176s] running install_egg_info
[2.177s] removing '/home/oem/sim_ws/install/f110_cartographer_ros2/lib/python3.8/site-packages/f110_cartographer_ros2-0.0.0-py3.8.egg-info' (and everything under it)
[2.177s] Copying ../../build/f110_cartographer_ros2/f110_cartographer_ros2.egg-info to /home/oem/sim_ws/install/f110_cartographer_ros2/lib/python3.8/site-packages/f110_cartographer_ros2-0.0.0-py3.8.egg-info
[2.178s] running install_scripts
[2.190s] writing list of installed files to '/home/oem/sim_ws/build/f110_cartographer_ros2/install.log'
[2.441s] Invoked command in '/home/oem/sim_ws/src/f110_cartographer_ros2' returned '0': PYTHONPATH=/home/oem/sim_ws/build/f110_cartographer_ros2/prefix_override:/home/oem/sim_ws/install/f110_cartographer_ros2/lib/python3.8/site-packages:${PYTHONPATH} /usr/bin/python3 setup.py egg_info --egg-base ../../build/f110_cartographer_ros2 build --build-base /home/oem/sim_ws/build/f110_cartographer_ros2/build install --record /home/oem/sim_ws/build/f110_cartographer_ros2/install.log --single-version-externally-managed
